This is pdfTeX, Version 3.14159265-2.6-1.40.18 (TeX Live 2017) (preloaded format=pdflatex 2017.5.23)  12 OCT 2018 20:28
entering extended mode
 restricted \write18 enabled.
 file:line:error style messages enabled.
 %&-line parsing enabled.
**extragalactic.tex
(./extragalactic.tex
LaTeX2e <2017-04-15>
Babel <3.10> and hyphenation patterns for 84 language(s) loaded.
(/usr/local/texlive/2017/texmf-dist/tex/latex/base/article.cls
Document Class: article 2014/09/29 v1.4h Standard LaTeX document class
(/usr/local/texlive/2017/texmf-dist/tex/latex/base/size11.clo
File: size11.clo 2014/09/29 v1.4h Standard LaTeX file (size option)
)
\c@part=\count79
\c@section=\count80
\c@subsection=\count81
\c@subsubsection=\count82
\c@paragraph=\count83
\c@subparagraph=\count84
\c@figure=\count85
\c@table=\count86
\abovecaptionskip=\skip41
\belowcaptionskip=\skip42
\bibindent=\dimen102
)
(/usr/local/texlive/2017/texmf-dist/tex/latex/graphics/graphicx.sty
Package: graphicx 2014/10/28 v1.0g Enhanced LaTeX Graphics (DPC,SPQR)

(/usr/local/texlive/2017/texmf-dist/tex/latex/graphics/keyval.sty
Package: keyval 2014/10/28 v1.15 key=value parser (DPC)
\KV@toks@=\toks14
)
(/usr/local/texlive/2017/texmf-dist/tex/latex/graphics/graphics.sty
Package: graphics 2017/04/14 v1.1b Standard LaTeX Graphics (DPC,SPQR)

(/usr/local/texlive/2017/texmf-dist/tex/latex/graphics/trig.sty
Package: trig 2016/01/03 v1.10 sin cos tan (DPC)
)
(/usr/local/texlive/2017/texmf-dist/tex/latex/graphics-cfg/graphics.cfg
File: graphics.cfg 2016/06/04 v1.11 sample graphics configuration
)
Package graphics Info: Driver file: pdftex.def on input line 99.

(/usr/local/texlive/2017/texmf-dist/tex/latex/graphics-def/pdftex.def
File: pdftex.def 2017/01/12 v0.06k Graphics/color for pdfTeX

(/usr/local/texlive/2017/texmf-dist/tex/generic/oberdiek/infwarerr.sty
Package: infwarerr 2016/05/16 v1.4 Providing info/warning/error messages (HO)
)
(/usr/local/texlive/2017/texmf-dist/tex/generic/oberdiek/ltxcmds.sty
Package: ltxcmds 2016/05/16 v1.23 LaTeX kernel commands for general use (HO)
)
\Gread@gobject=\count87
))
\Gin@req@height=\dimen103
\Gin@req@width=\dimen104
)
(/usr/local/texlive/2017/texmf-dist/tex/latex/caption/caption.sty
Package: caption 2016/02/21 v3.3-144 Customizing captions (AR)

(/usr/local/texlive/2017/texmf-dist/tex/latex/caption/caption3.sty
Package: caption3 2016/05/22 v1.7-166 caption3 kernel (AR)
Package caption3 Info: TeX engine: e-TeX on input line 67.
\captionmargin=\dimen105
\captionmargin@=\dimen106
\captionwidth=\dimen107
\caption@tempdima=\dimen108
\caption@indent=\dimen109
\caption@parindent=\dimen110
\caption@hangindent=\dimen111
)
\c@ContinuedFloat=\count88
)
(/usr/local/texlive/2017/texmf-dist/tex/latex/enumitem/enumitem.sty
Package: enumitem 2011/09/28 v3.5.2 Customized lists
\labelindent=\skip43
\enit@outerparindent=\dimen112
\enit@toks=\toks15
\enit@inbox=\box26
\enitdp@description=\count89
)
(/usr/local/texlive/2017/texmf-dist/tex/latex/tools/multicol.sty
Package: multicol 2017/04/11 v1.8q multicolumn formatting (FMi)
\c@tracingmulticols=\count90
\mult@box=\box27
\multicol@leftmargin=\dimen113
\c@unbalance=\count91
\c@collectmore=\count92
\doublecol@number=\count93
\multicoltolerance=\count94
\multicolpretolerance=\count95
\full@width=\dimen114
\page@free=\dimen115
\premulticols=\dimen116
\postmulticols=\dimen117
\multicolsep=\skip44
\multicolbaselineskip=\skip45
\partial@page=\box28
\last@line=\box29
\maxbalancingoverflow=\dimen118
\mult@rightbox=\box30
\mult@grightbox=\box31
\mult@gfirstbox=\box32
\mult@firstbox=\box33
\@tempa=\box34
\@tempa=\box35
\@tempa=\box36
\@tempa=\box37
\@tempa=\box38
\@tempa=\box39
\@tempa=\box40
\@tempa=\box41
\@tempa=\box42
\@tempa=\box43
\@tempa=\box44
\@tempa=\box45
\@tempa=\box46
\@tempa=\box47
\@tempa=\box48
\@tempa=\box49
\@tempa=\box50
\c@columnbadness=\count96
\c@finalcolumnbadness=\count97
\last@try=\dimen119
\multicolovershoot=\dimen120
\multicolundershoot=\dimen121
\mult@nat@firstbox=\box51
\colbreak@box=\box52
\mc@col@check@num=\count98
)
(/usr/local/texlive/2017/texmf-dist/tex/latex/mathtools/mathtools.sty
Package: mathtools 2015/11/12 v1.18 mathematical typesetting tools

(/usr/local/texlive/2017/texmf-dist/tex/latex/tools/calc.sty
Package: calc 2014/10/28 v4.3 Infix arithmetic (KKT,FJ)
\calc@Acount=\count99
\calc@Bcount=\count100
\calc@Adimen=\dimen122
\calc@Bdimen=\dimen123
\calc@Askip=\skip46
\calc@Bskip=\skip47
LaTeX Info: Redefining \setlength on input line 80.
LaTeX Info: Redefining \addtolength on input line 81.
\calc@Ccount=\count101
\calc@Cskip=\skip48
)
(/usr/local/texlive/2017/texmf-dist/tex/latex/mathtools/mhsetup.sty
Package: mhsetup 2010/01/21 v1.2a programming setup (MH)
)
(/usr/local/texlive/2017/texmf-dist/tex/latex/amsmath/amsmath.sty
Package: amsmath 2016/11/05 v2.16a AMS math features
\@mathmargin=\skip49

For additional information on amsmath, use the `?' option.
(/usr/local/texlive/2017/texmf-dist/tex/latex/amsmath/amstext.sty
Package: amstext 2000/06/29 v2.01 AMS text

(/usr/local/texlive/2017/texmf-dist/tex/latex/amsmath/amsgen.sty
File: amsgen.sty 1999/11/30 v2.0 generic functions
\@emptytoks=\toks16
\ex@=\dimen124
))
(/usr/local/texlive/2017/texmf-dist/tex/latex/amsmath/amsbsy.sty
Package: amsbsy 1999/11/29 v1.2d Bold Symbols
\pmbraise@=\dimen125
)
(/usr/local/texlive/2017/texmf-dist/tex/latex/amsmath/amsopn.sty
Package: amsopn 2016/03/08 v2.02 operator names
)
\inf@bad=\count102
LaTeX Info: Redefining \frac on input line 213.
\uproot@=\count103
\leftroot@=\count104
LaTeX Info: Redefining \overline on input line 375.
\classnum@=\count105
\DOTSCASE@=\count106
LaTeX Info: Redefining \ldots on input line 472.
LaTeX Info: Redefining \dots on input line 475.
LaTeX Info: Redefining \cdots on input line 596.
\Mathstrutbox@=\box53
\strutbox@=\box54
\big@size=\dimen126
LaTeX Font Info:    Redeclaring font encoding OML on input line 712.
LaTeX Font Info:    Redeclaring font encoding OMS on input line 713.
\macc@depth=\count107
\c@MaxMatrixCols=\count108
\dotsspace@=\muskip10
\c@parentequation=\count109
\dspbrk@lvl=\count110
\tag@help=\toks17
\row@=\count111
\column@=\count112
\maxfields@=\count113
\andhelp@=\toks18
\eqnshift@=\dimen127
\alignsep@=\dimen128
\tagshift@=\dimen129
\tagwidth@=\dimen130
\totwidth@=\dimen131
\lineht@=\dimen132
\@envbody=\toks19
\multlinegap=\skip50
\multlinetaggap=\skip51
\mathdisplay@stack=\toks20
LaTeX Info: Redefining \[ on input line 2817.
LaTeX Info: Redefining \] on input line 2818.
)
LaTeX Info: Thecontrolsequence`\('isalreadyrobust on input line 129.
LaTeX Info: Thecontrolsequence`\)'isalreadyrobust on input line 129.
LaTeX Info: Thecontrolsequence`\['isalreadyrobust on input line 129.
LaTeX Info: Thecontrolsequence`\]'isalreadyrobust on input line 129.
\g_MT_multlinerow_int=\count114
\l_MT_multwidth_dim=\dimen133
\origjot=\skip52
\l_MT_shortvdotswithinadjustabove_dim=\dimen134
\l_MT_shortvdotswithinadjustbelow_dim=\dimen135
\l_MT_above_intertext_sep=\dimen136
\l_MT_below_intertext_sep=\dimen137
\l_MT_above_shortintertext_sep=\dimen138
\l_MT_below_shortintertext_sep=\dimen139
)
(/usr/local/texlive/2017/texmf-dist/tex/latex/hyperref/hyperref.sty
Package: hyperref 2017/03/14 v6.85a Hypertext links for LaTeX

(/usr/local/texlive/2017/texmf-dist/tex/generic/oberdiek/hobsub-hyperref.sty
Package: hobsub-hyperref 2016/05/16 v1.14 Bundle oberdiek, subset hyperref (HO)


(/usr/local/texlive/2017/texmf-dist/tex/generic/oberdiek/hobsub-generic.sty
Package: hobsub-generic 2016/05/16 v1.14 Bundle oberdiek, subset generic (HO)
Package: hobsub 2016/05/16 v1.14 Construct package bundles (HO)
Package hobsub Info: Skipping package `infwarerr' (already loaded).
Package hobsub Info: Skipping package `ltxcmds' (already loaded).
Package: ifluatex 2016/05/16 v1.4 Provides the ifluatex switch (HO)
Package ifluatex Info: LuaTeX not detected.
Package: ifvtex 2016/05/16 v1.6 Detect VTeX and its facilities (HO)
Package ifvtex Info: VTeX not detected.
Package: intcalc 2016/05/16 v1.2 Expandable calculations with integers (HO)
Package: ifpdf 2017/03/15 v3.2 Provides the ifpdf switch
Package: etexcmds 2016/05/16 v1.6 Avoid name clashes with e-TeX commands (HO)
Package etexcmds Info: Could not find \expanded.
(etexcmds)             That can mean that you are not using pdfTeX 1.50 or
(etexcmds)             that some package has redefined \expanded.
(etexcmds)             In the latter case, load this package earlier.
Package: kvsetkeys 2016/05/16 v1.17 Key value parser (HO)
Package: kvdefinekeys 2016/05/16 v1.4 Define keys (HO)
Package: pdftexcmds 2017/03/19 v0.25 Utility functions of pdfTeX for LuaTeX (HO
)
Package pdftexcmds Info: LuaTeX not detected.
Package pdftexcmds Info: \pdf@primitive is available.
Package pdftexcmds Info: \pdf@ifprimitive is available.
Package pdftexcmds Info: \pdfdraftmode found.
Package: pdfescape 2016/05/16 v1.14 Implements pdfTeX's escape features (HO)
Package: bigintcalc 2016/05/16 v1.4 Expandable calculations on big integers (HO
)
Package: bitset 2016/05/16 v1.2 Handle bit-vector datatype (HO)
Package: uniquecounter 2016/05/16 v1.3 Provide unlimited unique counter (HO)
)
Package hobsub Info: Skipping package `hobsub' (already loaded).
Package: letltxmacro 2016/05/16 v1.5 Let assignment for LaTeX macros (HO)
Package: hopatch 2016/05/16 v1.3 Wrapper for package hooks (HO)
Package: xcolor-patch 2016/05/16 xcolor patch
Package: atveryend 2016/05/16 v1.9 Hooks at the very end of document (HO)
Package atveryend Info: \enddocument detected (standard20110627).
Package: atbegshi 2016/06/09 v1.18 At begin shipout hook (HO)
Package: refcount 2016/05/16 v3.5 Data extraction from label references (HO)
Package: hycolor 2016/05/16 v1.8 Color options for hyperref/bookmark (HO)
)
(/usr/local/texlive/2017/texmf-dist/tex/generic/ifxetex/ifxetex.sty
Package: ifxetex 2010/09/12 v0.6 Provides ifxetex conditional
)
(/usr/local/texlive/2017/texmf-dist/tex/latex/oberdiek/auxhook.sty
Package: auxhook 2016/05/16 v1.4 Hooks for auxiliary files (HO)
)
(/usr/local/texlive/2017/texmf-dist/tex/latex/oberdiek/kvoptions.sty
Package: kvoptions 2016/05/16 v3.12 Key value format for package options (HO)
)
\@linkdim=\dimen140
\Hy@linkcounter=\count115
\Hy@pagecounter=\count116

(/usr/local/texlive/2017/texmf-dist/tex/latex/hyperref/pd1enc.def
File: pd1enc.def 2017/03/14 v6.85a Hyperref: PDFDocEncoding definition (HO)
)
\Hy@SavedSpaceFactor=\count117

(/usr/local/texlive/2017/texmf-dist/tex/latex/latexconfig/hyperref.cfg
File: hyperref.cfg 2002/06/06 v1.2 hyperref configuration of TeXLive
)
Package hyperref Info: Hyper figures OFF on input line 4498.
Package hyperref Info: Link nesting OFF on input line 4503.
Package hyperref Info: Hyper index ON on input line 4506.
Package hyperref Info: Plain pages OFF on input line 4513.
Package hyperref Info: Backreferencing OFF on input line 4518.
Package hyperref Info: Implicit mode ON; LaTeX internals redefined.
Package hyperref Info: Bookmarks ON on input line 4751.
\c@Hy@tempcnt=\count118

(/usr/local/texlive/2017/texmf-dist/tex/latex/url/url.sty
\Urlmuskip=\muskip11
Package: url 2013/09/16  ver 3.4  Verb mode for urls, etc.
)
LaTeX Info: Redefining \url on input line 5104.
\XeTeXLinkMargin=\dimen141
\Fld@menulength=\count119
\Field@Width=\dimen142
\Fld@charsize=\dimen143
Package hyperref Info: Hyper figures OFF on input line 6358.
Package hyperref Info: Link nesting OFF on input line 6363.
Package hyperref Info: Hyper index ON on input line 6366.
Package hyperref Info: backreferencing OFF on input line 6373.
Package hyperref Info: Link coloring OFF on input line 6378.
Package hyperref Info: Link coloring with OCG OFF on input line 6383.
Package hyperref Info: PDF/A mode OFF on input line 6388.
LaTeX Info: Redefining \ref on input line 6428.
LaTeX Info: Redefining \pageref on input line 6432.
\Hy@abspage=\count120
\c@Item=\count121
\c@Hfootnote=\count122
)

Package hyperref Message: Driver (autodetected): hpdftex.

(/usr/local/texlive/2017/texmf-dist/tex/latex/hyperref/hpdftex.def
File: hpdftex.def 2017/03/14 v6.85a Hyperref driver for pdfTeX
\Fld@listcount=\count123
\c@bookmark@seq@number=\count124

(/usr/local/texlive/2017/texmf-dist/tex/latex/oberdiek/rerunfilecheck.sty
Package: rerunfilecheck 2016/05/16 v1.8 Rerun checks for auxiliary files (HO)
Package uniquecounter Info: New unique counter `rerunfilecheck' on input line 2
82.
)
\Hy@SectionHShift=\skip53
)
(/usr/local/texlive/2017/texmf-dist/tex/latex/amscls/amsthm.sty
Package: amsthm 2015/03/04 v2.20.2
\thm@style=\toks21
\thm@bodyfont=\toks22
\thm@headfont=\toks23
\thm@notefont=\toks24
\thm@headpunct=\toks25
\thm@preskip=\skip54
\thm@postskip=\skip55
\thm@headsep=\skip56
\dth@everypar=\toks26
)
(/usr/local/texlive/2017/texmf-dist/tex/latex/amsfonts/amssymb.sty
Package: amssymb 2013/01/14 v3.01 AMS font symbols

(/usr/local/texlive/2017/texmf-dist/tex/latex/amsfonts/amsfonts.sty
Package: amsfonts 2013/01/14 v3.01 Basic AMSFonts support
\symAMSa=\mathgroup4
\symAMSb=\mathgroup5
LaTeX Font Info:    Overwriting math alphabet `\mathfrak' in version `bold'
(Font)                  U/euf/m/n --> U/euf/b/n on input line 106.
))
(/usr/local/texlive/2017/texmf-dist/tex/latex/cancel/cancel.sty
Package: cancel 2013/04/12 v2.2 Cancel math terms
)
(/usr/local/texlive/2017/texmf-dist/tex/latex/tools/bm.sty
Package: bm 2017/01/16 v1.2c Bold Symbol Support (DPC/FMi)
\symboldoperators=\mathgroup6
\symboldletters=\mathgroup7
\symboldsymbols=\mathgroup8
LaTeX Font Info:    Redeclaring math alphabet \mathbf on input line 141.
LaTeX Info: Redefining \bm on input line 207.
)
(/usr/local/texlive/2017/texmf-dist/tex/latex/floatrow/floatrow.sty
Package: floatrow 2008/08/02 v0.3b floatrow: float package extension
\c@float@type=\count125
\float@exts=\toks27
\float@box=\box55
\@floatcapt=\box56
Package floatrow Info: Modified float package code loaded on input line 455.
Package floatrow Info: Modified rotfloat package code loaded on input line 473.

\FR@everyfloat=\toks28
\flrow@foot=\insert199
\FB@wd=\dimen144
\FBo@wd=\dimen145
\FBc@wd=\dimen146
\FBo@ht=\skip57
\FBc@ht=\skip58
\FBf@ht=\skip59
\FBo@max=\skip60
\FBc@max=\skip61
\FBf@max=\skip62
\c@FBl@b=\count126
\floatbox@depth=\count127
\c@FRobj=\count128
\c@FRsobj=\count129
\Xhsize=\skip63
\sXhsize=\skip64
\Zhsize=\skip65
\sZhsize=\skip66
\flrow@rowbox=\box57
\FR@Zunitlength=\dimen147
\c@FBcnt=\count130
\FPOScnt=\count131
\LTleft=\skip67
\LTright=\skip68
\LTleft=\skip69
\LTright=\skip70
\flrow@types=\toks29
)
(/usr/local/texlive/2017/texmf-dist/tex/latex/geometry/geometry.sty
Package: geometry 2010/09/12 v5.6 Page Geometry
\Gm@cnth=\count132
\Gm@cntv=\count133
\c@Gm@tempcnt=\count134
\Gm@bindingoffset=\dimen148
\Gm@wd@mp=\dimen149
\Gm@odd@mp=\dimen150
\Gm@even@mp=\dimen151
\Gm@layoutwidth=\dimen152
\Gm@layoutheight=\dimen153
\Gm@layouthoffset=\dimen154
\Gm@layoutvoffset=\dimen155
\Gm@dimlist=\toks30
)

Package geometry Warning: Over-specification in `h'-direction.
    `width' (597.50787pt) is ignored.


Package geometry Warning: Over-specification in `v'-direction.
    `height' (845.04684pt) is ignored.

(/usr/local/texlive/2017/texmf-dist/tex/latex/fancyhdr/fancyhdr.sty
Package: fancyhdr 2016/09/06 3.8 Extensive control of page headers and footers
\fancy@headwidth=\skip71
\f@ncyO@elh=\skip72
\f@ncyO@erh=\skip73
\f@ncyO@olh=\skip74
\f@ncyO@orh=\skip75
\f@ncyO@elf=\skip76
\f@ncyO@erf=\skip77
\f@ncyO@olf=\skip78
\f@ncyO@orf=\skip79
)
(/usr/local/texlive/2017/texmf-dist/tex/latex/lastpage/lastpage.sty
Package: lastpage 2015/03/29 v1.2m Refers to last page's name (HMM; JPG)
)
(./extragalactic.aux)
\openout1 = `extragalactic.aux'.

LaTeX Font Info:    Checking defaults for OML/cmm/m/it on input line 49.
LaTeX Font Info:    ... okay on input line 49.
LaTeX Font Info:    Checking defaults for T1/cmr/m/n on input line 49.
LaTeX Font Info:    ... okay on input line 49.
LaTeX Font Info:    Checking defaults for OT1/cmr/m/n on input line 49.
LaTeX Font Info:    ... okay on input line 49.
LaTeX Font Info:    Checking defaults for OMS/cmsy/m/n on input line 49.
LaTeX Font Info:    ... okay on input line 49.
LaTeX Font Info:    Checking defaults for OMX/cmex/m/n on input line 49.
LaTeX Font Info:    ... okay on input line 49.
LaTeX Font Info:    Checking defaults for U/cmr/m/n on input line 49.
LaTeX Font Info:    ... okay on input line 49.
LaTeX Font Info:    Checking defaults for PD1/pdf/m/n on input line 49.
LaTeX Font Info:    ... okay on input line 49.

(/usr/local/texlive/2017/texmf-dist/tex/context/base/mkii/supp-pdf.mkii
[Loading MPS to PDF converter (version 2006.09.02).]
\scratchcounter=\count135
\scratchdimen=\dimen156
\scratchbox=\box58
\nofMPsegments=\count136
\nofMParguments=\count137
\everyMPshowfont=\toks31
\MPscratchCnt=\count138
\MPscratchDim=\dimen157
\MPnumerator=\count139
\makeMPintoPDFobject=\count140
\everyMPtoPDFconversion=\toks32
) (/usr/local/texlive/2017/texmf-dist/tex/latex/oberdiek/epstopdf-base.sty
Package: epstopdf-base 2016/05/15 v2.6 Base part for package epstopdf

(/usr/local/texlive/2017/texmf-dist/tex/latex/oberdiek/grfext.sty
Package: grfext 2016/05/16 v1.2 Manage graphics extensions (HO)
)
Package epstopdf-base Info: Redefining graphics rule for `.eps' on input line 4
38.
Package grfext Info: Graphics extension search list:
(grfext)             [.png,.pdf,.jpg,.mps,.jpeg,.jbig2,.jb2,.PNG,.PDF,.JPG,.JPE
G,.JBIG2,.JB2,.eps]
(grfext)             \AppendGraphicsExtensions on input line 456.

(/usr/local/texlive/2017/texmf-dist/tex/latex/latexconfig/epstopdf-sys.cfg
File: epstopdf-sys.cfg 2010/07/13 v1.3 Configuration of (r)epstopdf for TeX Liv
e
))
Package caption Info: Begin \AtBeginDocument code.
Package caption Info: floatrow package is loaded.
Package caption Info: float package is loaded.
Package caption Info: floatrow package is loaded.
Package caption Info: hyperref package is loaded.
Package caption Info: End \AtBeginDocument code.
\AtBeginShipoutBox=\box59
Package hyperref Info: Link coloring OFF on input line 49.

(/usr/local/texlive/2017/texmf-dist/tex/latex/hyperref/nameref.sty
Package: nameref 2016/05/21 v2.44 Cross-referencing by name of section

(/usr/local/texlive/2017/texmf-dist/tex/generic/oberdiek/gettitlestring.sty
Package: gettitlestring 2016/05/16 v1.5 Cleanup title references (HO)
)
\c@section@level=\count141
)
LaTeX Info: Redefining \ref on input line 49.
LaTeX Info: Redefining \pageref on input line 49.
LaTeX Info: Redefining \nameref on input line 49.

(./extragalactic.out) (./extragalactic.out)
\@outlinefile=\write3
\openout3 = `extragalactic.out'.


(/usr/local/texlive/2017/texmf-dist/tex/latex/graphics/color.sty
Package: color 2016/07/10 v1.1e Standard LaTeX Color (DPC)

(/usr/local/texlive/2017/texmf-dist/tex/latex/graphics-cfg/color.cfg
File: color.cfg 2016/01/02 v1.6 sample color configuration
)
Package color Info: Driver file: pdftex.def on input line 147.
)
*geometry* driver: auto-detecting
*geometry* detected driver: pdftex
*geometry* verbose mode - [ preamble ] result:
* driver: pdftex
* paper: a4paper
* layout: <same size as paper>
* layoutoffset:(h,v)=(0.0pt,0.0pt)
* modes: 
* h-part:(L,W,R)=(71.13188pt, 455.24411pt, 71.13188pt)
* v-part:(T,H,B)=(56.9055pt, 731.23584pt, 56.9055pt)
* \paperwidth=597.50787pt
* \paperheight=845.04684pt
* \textwidth=455.24411pt
* \textheight=731.23584pt
* \oddsidemargin=-1.1381pt
* \evensidemargin=-1.1381pt
* \topmargin=-52.36449pt
* \headheight=12.0pt
* \headsep=25.0pt
* \topskip=11.0pt
* \footskip=30.0pt
* \marginparwidth=50.0pt
* \marginparsep=10.0pt
* \columnsep=10.0pt
* \skip\footins=10.0pt plus 4.0pt minus 2.0pt
* \hoffset=0.0pt
* \voffset=0.0pt
* \mag=1000
* \@twocolumnfalse
* \@twosidefalse
* \@mparswitchfalse
* \@reversemarginfalse
* (1in=72.27pt=25.4mm, 1cm=28.453pt)

Package lastpage Info: Please have a look at the pageslts package at
(lastpage)             https://www.ctan.org/pkg/pageslts
(lastpage)             ! on input line 49.
(./extragalactic.toc
LaTeX Font Info:    Try loading font information for U+msa on input line 2.

(/usr/local/texlive/2017/texmf-dist/tex/latex/amsfonts/umsa.fd
File: umsa.fd 2013/01/14 v3.01 AMS symbols A
)
LaTeX Font Info:    Try loading font information for U+msb on input line 2.

(/usr/local/texlive/2017/texmf-dist/tex/latex/amsfonts/umsb.fd
File: umsb.fd 2013/01/14 v3.01 AMS symbols B
))
\tf@toc=\write4
\openout4 = `extragalactic.toc'.

 [1

{/usr/local/texlive/2017/texmf-var/fonts/map/pdftex/updmap/pdftex.map}]
<figures/HubbleSequence.png, id=100, 920.43875pt x 352.31625pt>
File: figures/HubbleSequence.png Graphic file (type png)

<use figures/HubbleSequence.png>
Package pdftex.def Info: figures/HubbleSequence.png used on input line 82.
(pdftex.def)             Requested size: 455.24408pt x 174.25461pt.
Missing character: There is no ‚ in font cmr9!
Missing character: There is no Ä in font cmr9!
Missing character: There is no ô in font cmr9!
Missing character: There is no ‚ in font cmr9!
Missing character: There is no Ä in font cmr9!
Missing character: There is no ô in font cmr9!
LaTeX Font Info:    Try loading font information for OMS+cmr on input line 94.

(/usr/local/texlive/2017/texmf-dist/tex/latex/base/omscmr.fd
File: omscmr.fd 2014/09/29 v2.5h Standard LaTeX font definitions
)
LaTeX Font Info:    Font shape `OMS/cmr/m/n' in size <10.95> not available
(Font)              Font shape `OMS/cmsy/m/n' tried instead on input line 94.
Missing character: There is no ‚ in font cmr10!
Missing character: There is no Ä in font cmr10!
Missing character: There is no ô in font cmr10!
 [2 <./figures/HubbleSequence.png>] [3] [4] [5]
Missing character: There is no ‚ in font cmr10!
Missing character: There is no Ä in font cmr10!
Missing character: There is no ô in font cmr10!
Missing character: There is no ‚ in font cmr10!
Missing character: There is no Ä in font cmr10!
Missing character: There is no ô in font cmr10!
 [6]
Underfull \hbox (badness 1565) in paragraph at lines 212--212
[]\OT1/cmr/m/n/10.95 Figure 2: |\OT1/cmr/m/n/9 The mov-ing
 []

<figures/ClusterParallax.png, id=141, 497.86pt x 336.25626pt>
File: figures/ClusterParallax.png Graphic file (type png)

<use figures/ClusterParallax.png>
Package pdftex.def Info: figures/ClusterParallax.png used on input line 212.
(pdftex.def)             Requested size: 284.52756pt x 192.17601pt.

Underfull \hbox (badness 1565) in paragraph at lines 212--212
[]\OT1/cmr/m/n/10.95 Figure 2: |\OT1/cmr/m/n/9 The mov-ing
 []

File: figures/ClusterParallax.png Graphic file (type png)
<use figures/ClusterParallax.png>
Package pdftex.def Info: figures/ClusterParallax.png used on input line 212.
(pdftex.def)             Requested size: 284.52756pt x 192.17601pt.

Underfull \hbox (badness 1565) in paragraph at lines 212--212
[]\OT1/cmr/m/n/10.95 Figure 2: |\OT1/cmr/m/n/9 The mov-ing
 []

File: figures/ClusterParallax.png Graphic file (type png)
<use figures/ClusterParallax.png>
Package pdftex.def Info: figures/ClusterParallax.png used on input line 212.
(pdftex.def)             Requested size: 284.52756pt x 192.17601pt.
 [7 <./figures/ClusterParallax.png>] [8]
[9]
Underfull \hbox (badness 1424) in paragraph at lines 331--331
\OT1/cmr/m/n/9 is also shown. The fig-
 []


Underfull \hbox (badness 5316) in paragraph at lines 331--331
\OT1/cmr/m/n/9 de-pends only weakly on
 []

<figures/ExtinctionCurve.png, id=160, 696.6025pt x 527.9725pt>
File: figures/ExtinctionCurve.png Graphic file (type png)

<use figures/ExtinctionCurve.png>
Package pdftex.def Info: figures/ExtinctionCurve.png used on input line 331.
(pdftex.def)             Requested size: 341.43306pt x 258.7813pt.

Underfull \hbox (badness 1424) in paragraph at lines 331--331
\OT1/cmr/m/n/9 is also shown. The fig-
 []


Underfull \hbox (badness 5316) in paragraph at lines 331--331
\OT1/cmr/m/n/9 de-pends only weakly on
 []

File: figures/ExtinctionCurve.png Graphic file (type png)
<use figures/ExtinctionCurve.png>
Package pdftex.def Info: figures/ExtinctionCurve.png used on input line 331.
(pdftex.def)             Requested size: 341.43306pt x 258.7813pt.

Underfull \hbox (badness 1424) in paragraph at lines 331--331
\OT1/cmr/m/n/9 is also shown. The fig-
 []


Underfull \hbox (badness 5316) in paragraph at lines 331--331
\OT1/cmr/m/n/9 de-pends only weakly on
 []

File: figures/ExtinctionCurve.png Graphic file (type png)
<use figures/ExtinctionCurve.png>
Package pdftex.def Info: figures/ExtinctionCurve.png used on input line 331.
(pdftex.def)             Requested size: 341.43306pt x 258.7813pt.

Overfull \hbox (13.64996pt too wide) detected at line 331
 [] 
 []

[10 <./figures/ExtinctionCurve.png>]
Missing character: There is no ‚ in font cmr10!
Missing character: There is no Ä in font cmr10!
Missing character: There is no ô in font cmr10!
 [11] [12]
Missing character: There is no ‚ in font cmr9!
Missing character: There is no Ä in font cmr9!
Missing character: There is no ô in font cmr9!
Missing character: There is no ‚ in font cmr9!
Missing character: There is no Ä in font cmr9!
Missing character: There is no ô in font cmr9!

Underfull \hbox (badness 3386) in paragraph at lines 416--416
[]\OT1/cmr/m/n/10.95 Figure 4: |\OT1/cmr/m/n/9 The Tully-
 []


Underfull \hbox (badness 2393) in paragraph at lines 416--416
\OT1/cmr/m/n/9 (squares). The ab-so-lute
 []


Underfull \hbox (badness 1509) in paragraph at lines 416--416
\OT1/cmr/m/n/9 sym-bols, the av-er-age dis-
 []


Underfull \hbox (badness 1496) in paragraph at lines 416--416
\OT1/cmr/m/n/9 tance es-ti-mates are avail-
 []

<figures/TullyFisher.png, id=178, 523.9575pt x 728.7225pt>
File: figures/TullyFisher.png Graphic file (type png)

<use figures/TullyFisher.png>
Package pdftex.def Info: figures/TullyFisher.png used on input line 416.
(pdftex.def)             Requested size: 341.43306pt x 474.87602pt.
Missing character: There is no ‚ in font cmr9!
Missing character: There is no Ä in font cmr9!
Missing character: There is no ô in font cmr9!
Missing character: There is no ‚ in font cmr9!
Missing character: There is no Ä in font cmr9!
Missing character: There is no ô in font cmr9!

Underfull \hbox (badness 3386) in paragraph at lines 416--416
[]\OT1/cmr/m/n/10.95 Figure 4: |\OT1/cmr/m/n/9 The Tully-
 []


Underfull \hbox (badness 2393) in paragraph at lines 416--416
\OT1/cmr/m/n/9 (squares). The ab-so-lute
 []


Underfull \hbox (badness 1509) in paragraph at lines 416--416
\OT1/cmr/m/n/9 sym-bols, the av-er-age dis-
 []


Underfull \hbox (badness 1496) in paragraph at lines 416--416
\OT1/cmr/m/n/9 tance es-ti-mates are avail-
 []

File: figures/TullyFisher.png Graphic file (type png)
<use figures/TullyFisher.png>
Package pdftex.def Info: figures/TullyFisher.png used on input line 416.
(pdftex.def)             Requested size: 341.43306pt x 474.87602pt.
Missing character: There is no ‚ in font cmr9!
Missing character: There is no Ä in font cmr9!
Missing character: There is no ô in font cmr9!
Missing character: There is no ‚ in font cmr9!
Missing character: There is no Ä in font cmr9!
Missing character: There is no ô in font cmr9!

Underfull \hbox (badness 3386) in paragraph at lines 416--416
[]\OT1/cmr/m/n/10.95 Figure 4: |\OT1/cmr/m/n/9 The Tully-
 []


Underfull \hbox (badness 2393) in paragraph at lines 416--416
\OT1/cmr/m/n/9 (squares). The ab-so-lute
 []


Underfull \hbox (badness 1509) in paragraph at lines 416--416
\OT1/cmr/m/n/9 sym-bols, the av-er-age dis-
 []


Underfull \hbox (badness 1496) in paragraph at lines 416--416
\OT1/cmr/m/n/9 tance es-ti-mates are avail-
 []

File: figures/TullyFisher.png Graphic file (type png)
<use figures/TullyFisher.png>
Package pdftex.def Info: figures/TullyFisher.png used on input line 416.
(pdftex.def)             Requested size: 341.43306pt x 474.87602pt.

Overfull \hbox (13.64996pt too wide) detected at line 416
 [] 
 []

Missing character: There is no ‚ in font cmr10!
Missing character: There is no Ä in font cmr10!
Missing character: There is no ô in font cmr10!
[13 <./figures/TullyFisher.png>]
<figures/21cm_vrot.png, id=187, 448.67625pt x 442.65375pt>
File: figures/21cm_vrot.png Graphic file (type png)

<use figures/21cm_vrot.png>
Package pdftex.def Info: figures/21cm_vrot.png used on input line 427.
(pdftex.def)             Requested size: 227.62204pt x 224.56165pt.
File: figures/21cm_vrot.png Graphic file (type png)
 <use figures/21cm_vrot.png>
Package pdftex.def Info: figures/21cm_vrot.png used on input line 427.
(pdftex.def)             Requested size: 227.62204pt x 224.56165pt.
File: figures/21cm_vrot.png Graphic file (type png)

<use figures/21cm_vrot.png>
Package pdftex.def Info: figures/21cm_vrot.png used on input line 427.
(pdftex.def)             Requested size: 227.62204pt x 224.56165pt.
Missing character: There is no ‚ in font cmr10!
Missing character: There is no Ä in font cmr10!
Missing character: There is no ô in font cmr10!
 [14 <./figures/21cm_vrot.png>] [15]
Missing character: There is no ‚ in font cmr10!
Missing character: There is no Ä in font cmr10!
Missing character: There is no ô in font cmr10!
 [16]
<figures/M84HST.png, id=204, 667.49374pt x 416.55624pt>
File: figures/M84HST.png Graphic file (type png)

<use figures/M84HST.png>
Package pdftex.def Info: figures/M84HST.png used on input line 535.
(pdftex.def)             Requested size: 455.24408pt x 284.10622pt.

<figures/BHcorrelations.png, id=206, 704.6325pt x 765.86125pt>
File: figures/BHcorrelations.png Graphic file (type png)

<use figures/BHcorrelations.png>
Package pdftex.def Info: figures/BHcorrelations.png used on input line 548.
(pdftex.def)             Requested size: 426.79134pt x 463.8792pt.
Missing character: There is no ‚ in font cmr9!
Missing character: There is no Ä in font cmr9!
Missing character: There is no î in font cmr9!
Missing character: There is no ‚ in font cmr9!
Missing character: There is no Ä in font cmr9!
Missing character: There is no î in font cmr9!
Missing character: There is no ‚ in font cmr9!
Missing character: There is no Ä in font cmr9!
Missing character: There is no î in font cmr9!
Missing character: There is no ‚ in font cmr9!
Missing character: There is no Ä in font cmr9!
Missing character: There is no î in font cmr9!
Missing character: There is no ‚ in font cmr9!
Missing character: There is no Ä in font cmr9!
Missing character: There is no î in font cmr9!
Missing character: There is no ‚ in font cmr9!
Missing character: There is no Ä in font cmr9!
Missing character: There is no î in font cmr9!
 [17] [18 <./figures/M84HST.png>] [19 <./figures/BHcorrelations.png>] [20]
<figures/MWGschematic.png, id=237, 669.50125pt x 543.02875pt>
File: figures/MWGschematic.png Graphic file (type png)

<use figures/MWGschematic.png>
Package pdftex.def Info: figures/MWGschematic.png used on input line 635.
(pdftex.def)             Requested size: 398.33858pt x 323.10196pt.

<figures/GlobularClusters.png, id=238, 961.5925pt x 498.86375pt>
File: figures/GlobularClusters.png Graphic file (type png)

<use figures/GlobularClusters.png>
Package pdftex.def Info: figures/GlobularClusters.png used on input line 642.
(pdftex.def)             Requested size: 455.24408pt x 236.1787pt.
 [21]

LaTeX Warning: Text page 22 contains only floats.

[22 <./figures/MWGschematic.png> <./figures/GlobularClusters.png>] [23]
<figures/DensityMorphology.png, id=262, 902.37125pt x 444.66125pt>
File: figures/DensityMorphology.png Graphic file (type png)

<use figures/DensityMorphology.png>
Package pdftex.def Info: figures/DensityMorphology.png used on input line 694.
(pdftex.def)             Requested size: 455.24408pt x 224.33163pt.
 [24] [25 <./figures/DensityMorphology.png>] [26] [27] <figures/SED_SF.png, id=
292, 1095.09125pt x 543.02875pt>
File: figures/SED_SF.png Graphic file (type png)

<use figures/SED_SF.png>
Package pdftex.def Info: figures/SED_SF.png used on input line 774.
(pdftex.def)             Requested size: 455.24408pt x 225.74216pt.

<figures/StellarSpectra.png, id=293, 661.47125pt x 475.7775pt>
File: figures/StellarSpectra.png Graphic file (type png)

<use figures/StellarSpectra.png>
Package pdftex.def Info: figures/StellarSpectra.png used on input line 781.
(pdftex.def)             Requested size: 455.24408pt x 327.43742pt.
 [28 <./figures/SED_SF.png>] [29 <./figures/StellarSpectra.png>]
Missing character: There is no Ã in font cmr10!
Missing character: There is no ä in font cmr10!
Missing character: There is no Ã in font cmr10!
Missing character: There is no ä in font cmr10!
Missing character: There is no ‚ in font cmr10!
Missing character: There is no Ä in font cmr10!
Missing character: There is no ô in font cmr10!

Underfull \hbox (badness 4341) in paragraph at lines 830--830
[]\OT1/cmr/m/n/10.95 Figure 13: |\OT1/cmr/m/n/9 The bot-
 []


Underfull \hbox (badness 2310) in paragraph at lines 830--830
\OT1/cmr/m/n/9 at $\OML/cmm/m/it/9 z \OMS/cmsy/m/n/9 ^^X \OT1/cmr/m/n/9 3\OML/c
mm/m/it/9 :\OT1/cmr/m/n/9 2$. Whereas
 []


Underfull \hbox (badness 2221) in paragraph at lines 830--830
\OT1/cmr/m/n/9 part of the spec-tral flux
 []


Underfull \hbox (badness 1635) in paragraph at lines 830--830
\OT1/cmr/m/n/9 be-tween (rest-frame wave-
 []


Underfull \hbox (badness 1314) in paragraph at lines 830--830
\OT1/cmr/m/n/9 tween the two red-der fil-
 []


Underfull \hbox (badness 1406) in paragraph at lines 830--830
\OT1/cmr/m/n/9 berger 1999, Star For-ma-
 []

<figures/PhotRedshifts.png, id=312, 598.235pt x 649.42625pt>
File: figures/PhotRedshifts.png Graphic file (type png)

<use figures/PhotRedshifts.png>
Package pdftex.def Info: figures/PhotRedshifts.png used on input line 830.
(pdftex.def)             Requested size: 341.43306pt x 370.65247pt.

Underfull \hbox (badness 4341) in paragraph at lines 830--830
[]\OT1/cmr/m/n/10.95 Figure 13: |\OT1/cmr/m/n/9 The bot-
 []


Underfull \hbox (badness 2310) in paragraph at lines 830--830
\OT1/cmr/m/n/9 at $\OML/cmm/m/it/9 z \OMS/cmsy/m/n/9 ^^X \OT1/cmr/m/n/9 3\OML/c
mm/m/it/9 :\OT1/cmr/m/n/9 2$. Whereas
 []


Underfull \hbox (badness 2221) in paragraph at lines 830--830
\OT1/cmr/m/n/9 part of the spec-tral flux
 []


Underfull \hbox (badness 1635) in paragraph at lines 830--830
\OT1/cmr/m/n/9 be-tween (rest-frame wave-
 []


Underfull \hbox (badness 1314) in paragraph at lines 830--830
\OT1/cmr/m/n/9 tween the two red-der fil-
 []


Underfull \hbox (badness 1406) in paragraph at lines 830--830
\OT1/cmr/m/n/9 berger 1999, Star For-ma-
 []

File: figures/PhotRedshifts.png Graphic file (type png)
<use figures/PhotRedshifts.png>
Package pdftex.def Info: figures/PhotRedshifts.png used on input line 830.
(pdftex.def)             Requested size: 341.43306pt x 370.65247pt.

Underfull \hbox (badness 4341) in paragraph at lines 830--830
[]\OT1/cmr/m/n/10.95 Figure 13: |\OT1/cmr/m/n/9 The bot-
 []


Underfull \hbox (badness 2310) in paragraph at lines 830--830
\OT1/cmr/m/n/9 at $\OML/cmm/m/it/9 z \OMS/cmsy/m/n/9 ^^X \OT1/cmr/m/n/9 3\OML/c
mm/m/it/9 :\OT1/cmr/m/n/9 2$. Whereas
 []


Underfull \hbox (badness 2221) in paragraph at lines 830--830
\OT1/cmr/m/n/9 part of the spec-tral flux
 []


Underfull \hbox (badness 1635) in paragraph at lines 830--830
\OT1/cmr/m/n/9 be-tween (rest-frame wave-
 []


Underfull \hbox (badness 1314) in paragraph at lines 830--830
\OT1/cmr/m/n/9 tween the two red-der fil-
 []


Underfull \hbox (badness 1406) in paragraph at lines 830--830
\OT1/cmr/m/n/9 berger 1999, Star For-ma-
 []

File: figures/PhotRedshifts.png Graphic file (type png)
<use figures/PhotRedshifts.png>
Package pdftex.def Info: figures/PhotRedshifts.png used on input line 830.
(pdftex.def)             Requested size: 341.43306pt x 370.65247pt.

Overfull \hbox (13.64996pt too wide) detected at line 830
 [] 
 []


LaTeX Warning: `h' float specifier changed to `ht'.

[30] [31 <./figures/PhotRedshifts.png>]
Missing character: There is no Ã in font cmr9!
Missing character: There is no Å in font cmr9!
Missing character: There is no Ã in font cmr9!
Missing character: There is no Å in font cmr9!

Underfull \hbox (badness 1087) in paragraph at lines 849--849
\OT1/cmr/m/n/9 fil-ters, the num-ber of fil-
 []

<figures/PhotVsSpecRedshift.png, id=332, 629.35126pt x 629.35126pt>
File: figures/PhotVsSpecRedshift.png Graphic file (type png)

<use figures/PhotVsSpecRedshift.png>
Package pdftex.def Info: figures/PhotVsSpecRedshift.png used on input line 849.

(pdftex.def)             Requested size: 284.52756pt x 284.52107pt.
Missing character: There is no Ã in font cmr9!
Missing character: There is no Å in font cmr9!
Missing character: There is no Ã in font cmr9!
Missing character: There is no Å in font cmr9!

Underfull \hbox (badness 1087) in paragraph at lines 849--849
\OT1/cmr/m/n/9 fil-ters, the num-ber of fil-
 []

File: figures/PhotVsSpecRedshift.png Graphic file (type png)
<use figures/PhotVsSpecRedshift.png>
Package pdftex.def Info: figures/PhotVsSpecRedshift.png used on input line 849.

(pdftex.def)             Requested size: 284.52756pt x 284.52107pt.
Missing character: There is no Ã in font cmr9!
Missing character: There is no Å in font cmr9!
Missing character: There is no Ã in font cmr9!
Missing character: There is no Å in font cmr9!

Underfull \hbox (badness 1087) in paragraph at lines 849--849
\OT1/cmr/m/n/9 fil-ters, the num-ber of fil-
 []

File: figures/PhotVsSpecRedshift.png Graphic file (type png)
<use figures/PhotVsSpecRedshift.png>
Package pdftex.def Info: figures/PhotVsSpecRedshift.png used on input line 849.

(pdftex.def)             Requested size: 284.52756pt x 284.52107pt.
 [32 <./figures/PhotVsSpecRedshift.png>]
<figures/QSO_radioquiet.png, id=341, 1044.90375pt x 511.9125pt>
File: figures/QSO_radioquiet.png Graphic file (type png)

<use figures/QSO_radioquiet.png>
Package pdftex.def Info: figures/QSO_radioquiet.png used on input line 881.
(pdftex.def)             Requested size: 455.24408pt x 223.03165pt.
 [33 <./figures/QSO_radioquiet.png>] [34]
<figures/DiffuseBackground.png, id=355, 819.06pt x 631.35875pt>
File: figures/DiffuseBackground.png Graphic file (type png)

<use figures/DiffuseBackground.png>
Package pdftex.def Info: figures/DiffuseBackground.png used on input line 910.
(pdftex.def)             Requested size: 398.33858pt x 307.0564pt.
 [35 <./figures/DiffuseBackground.png>]
[36] [37]
Underfull \hbox (badness 1558) in paragraph at lines 974--974
\OT1/cmr/m/n/9 the plane of the disk, a
 []


Underfull \hbox (badness 1248) in paragraph at lines 974--974
\OT1/cmr/m/n/9 of the disk. The dif-fer-
 []

<figures/AGN.png, id=377, 593.21625pt x 558.085pt>
File: figures/AGN.png Graphic file (type png)
 <use figures/AGN.png>
Package pdftex.def Info: figures/AGN.png used on input line 974.
(pdftex.def)             Requested size: 341.43306pt x 321.21999pt.

Underfull \hbox (badness 1558) in paragraph at lines 974--974
\OT1/cmr/m/n/9 the plane of the disk, a
 []


Underfull \hbox (badness 1248) in paragraph at lines 974--974
\OT1/cmr/m/n/9 of the disk. The dif-fer-
 []

File: figures/AGN.png Graphic file (type png)
<use figures/AGN.png>
Package pdftex.def Info: figures/AGN.png used on input line 974.
(pdftex.def)             Requested size: 341.43306pt x 321.21999pt.

Underfull \hbox (badness 1558) in paragraph at lines 974--974
\OT1/cmr/m/n/9 the plane of the disk, a
 []


Underfull \hbox (badness 1248) in paragraph at lines 974--974
\OT1/cmr/m/n/9 of the disk. The dif-fer-
 []

File: figures/AGN.png Graphic file (type png)
<use figures/AGN.png>
Package pdftex.def Info: figures/AGN.png used on input line 974.
(pdftex.def)             Requested size: 341.43306pt x 321.21999pt.

Overfull \hbox (13.64996pt too wide) detected at line 974
 [] 
 []


LaTeX Warning: `h' float specifier changed to `ht'.

[38]
Underfull \hbox (badness 5302) in paragraph at lines 991--991
\OT1/cmr/m/n/9 Broad-Line Ra-dio Galax-
 []


Underfull \hbox (badness 3579) in paragraph at lines 991--991
\OT1/cmr/m/n/9 ies (filled cir-cles), radio-
 []


Underfull \hbox (badness 1048) in paragraph at lines 991--991
\OT1/cmr/m/n/9 loud QSOs (open cir-cles),
 []


Underfull \hbox (badness 1189) in paragraph at lines 991--991
\OT1/cmr/m/n/9 Seyfert galax-ies and LIN-
 []


Underfull \hbox (badness 1147) in paragraph at lines 991--991
\OT1/cmr/m/n/9 Source: M. Sikora et al.
 []


Underfull \hbox (badness 1735) in paragraph at lines 991--991
\OT1/cmr/m/n/9 ure taken from Schnei-der
 []

<figures/QSO_radiovsoptical.png, id=387, 752.8125pt x 557.08125pt>
File: figures/QSO_radiovsoptical.png Graphic file (type png)

<use figures/QSO_radiovsoptical.png>
Package pdftex.def Info: figures/QSO_radiovsoptical.png used on input line 991.

(pdftex.def)             Requested size: 341.43306pt x 252.66483pt.

Underfull \hbox (badness 5302) in paragraph at lines 991--991
\OT1/cmr/m/n/9 Broad-Line Ra-dio Galax-
 []


Underfull \hbox (badness 3579) in paragraph at lines 991--991
\OT1/cmr/m/n/9 ies (filled cir-cles), radio-
 []


Underfull \hbox (badness 1048) in paragraph at lines 991--991
\OT1/cmr/m/n/9 loud QSOs (open cir-cles),
 []


Underfull \hbox (badness 1189) in paragraph at lines 991--991
\OT1/cmr/m/n/9 Seyfert galax-ies and LIN-
 []


Underfull \hbox (badness 1147) in paragraph at lines 991--991
\OT1/cmr/m/n/9 Source: M. Sikora et al.
 []


Underfull \hbox (badness 1735) in paragraph at lines 991--991
\OT1/cmr/m/n/9 ure taken from Schnei-der
 []

File: figures/QSO_radiovsoptical.png Graphic file (type png)
<use figures/QSO_radiovsoptical.png>
Package pdftex.def Info: figures/QSO_radiovsoptical.png used on input line 991.

(pdftex.def)             Requested size: 341.43306pt x 252.66483pt.

Underfull \hbox (badness 5302) in paragraph at lines 991--991
\OT1/cmr/m/n/9 Broad-Line Ra-dio Galax-
 []


Underfull \hbox (badness 3579) in paragraph at lines 991--991
\OT1/cmr/m/n/9 ies (filled cir-cles), radio-
 []


Underfull \hbox (badness 1048) in paragraph at lines 991--991
\OT1/cmr/m/n/9 loud QSOs (open cir-cles),
 []


Underfull \hbox (badness 1189) in paragraph at lines 991--991
\OT1/cmr/m/n/9 Seyfert galax-ies and LIN-
 []


Underfull \hbox (badness 1147) in paragraph at lines 991--991
\OT1/cmr/m/n/9 Source: M. Sikora et al.
 []


Underfull \hbox (badness 1735) in paragraph at lines 991--991
\OT1/cmr/m/n/9 ure taken from Schnei-der
 []

File: figures/QSO_radiovsoptical.png Graphic file (type png)
<use figures/QSO_radiovsoptical.png>
Package pdftex.def Info: figures/QSO_radiovsoptical.png used on input line 991.

(pdftex.def)             Requested size: 341.43306pt x 252.66483pt.

Overfull \hbox (13.64996pt too wide) detected at line 991
 [] 
 []


LaTeX Warning: `h' float specifier changed to `ht'.

<figures/AGN_accretion.png, id=388, 758.835pt x 508.90125pt>
File: figures/AGN_accretion.png Graphic file (type png)

<use figures/AGN_accretion.png>
Package pdftex.def Info: figures/AGN_accretion.png used on input line 998.
(pdftex.def)             Requested size: 284.52756pt x 190.8142pt.
File: figures/AGN_accretion.png Graphic file (type png)
 <use figures/AGN_accretion.png>
Package pdftex.def Info: figures/AGN_accretion.png used on input line 998.
(pdftex.def)             Requested size: 284.52756pt x 190.8142pt.
File: figures/AGN_accretion.png Graphic file (type png)

<use figures/AGN_accretion.png>
Package pdftex.def Info: figures/AGN_accretion.png used on input line 998.
(pdftex.def)             Requested size: 284.52756pt x 190.8142pt.


LaTeX Warning: `h' float specifier changed to `ht'.


Underfull \hbox (badness 1622) in paragraph at lines 1005--1005
\OT1/cmr/m/n/9 the rel-a-tivis-tic jet model.
 []


Underfull \hbox (badness 1460) in paragraph at lines 1005--1005
\OT1/cmr/m/n/9 sti-tute Fig-ure taken from
 []

<figures/AGN_jet.png, id=389, 626.34pt x 503.8825pt>
File: figures/AGN_jet.png Graphic file (type png)
 <use figures/AGN_jet.png>
Package pdftex.def Info: figures/AGN_jet.png used on input line 1005.
(pdftex.def)             Requested size: 284.52756pt x 228.90553pt.

Underfull \hbox (badness 1622) in paragraph at lines 1005--1005
\OT1/cmr/m/n/9 the rel-a-tivis-tic jet model.
 []


Underfull \hbox (badness 1460) in paragraph at lines 1005--1005
\OT1/cmr/m/n/9 sti-tute Fig-ure taken from
 []

File: figures/AGN_jet.png Graphic file (type png)
<use figures/AGN_jet.png>
Package pdftex.def Info: figures/AGN_jet.png used on input line 1005.
(pdftex.def)             Requested size: 284.52756pt x 228.90553pt.

Underfull \hbox (badness 1622) in paragraph at lines 1005--1005
\OT1/cmr/m/n/9 the rel-a-tivis-tic jet model.
 []


Underfull \hbox (badness 1460) in paragraph at lines 1005--1005
\OT1/cmr/m/n/9 sti-tute Fig-ure taken from
 []

File: figures/AGN_jet.png Graphic file (type png)
<use figures/AGN_jet.png>
Package pdftex.def Info: figures/AGN_jet.png used on input line 1005.
(pdftex.def)             Requested size: 284.52756pt x 228.90553pt.


LaTeX Warning: `h' float specifier changed to `ht'.

[39 <./figures/AGN.png>] [40 <./figures/QSO_radiovsoptical.png> <./figures/AGN_
accretion.png>] [41 <./figures/AGN_jet.png>] [42] [43] [44]

AED: lastpage setting LastPage
[45]
Package atveryend Info: Empty hook `BeforeClearDocument' on input line 1143.
Package atveryend Info: Empty hook `AfterLastShipout' on input line 1143.
 (./extragalactic.aux)
Package atveryend Info: Executing hook `AtVeryEndDocument' on input line 1143.
Package atveryend Info: Executing hook `AtEndAfterFileList' on input line 1143.

Package rerunfilecheck Info: File `extragalactic.out' has not changed.
(rerunfilecheck)             Checksum: 4E2532A034301A5D60446F3356249B97;1022.
Package atveryend Info: Empty hook `AtVeryVeryEnd' on input line 1143.
 ) 
Here is how much of TeX's memory you used:
 9554 strings out of 492995
 145125 string characters out of 6132704
 267499 words of memory out of 5000000
 12828 multiletter control sequences out of 15000+600000
 17241 words of font info for 63 fonts, out of 8000000 for 9000
 1141 hyphenation exceptions out of 8191
 37i,12n,51p,2049b,619s stack positions out of 5000i,500n,10000p,200000b,80000s
</usr/local/texlive/2017/texmf-dist/fonts/type1/public/amsfonts/cm/cmbx10.pfb
></usr/local/texlive/2017/texmf-dist/fonts/type1/public/amsfonts/cm/cmbx12.pfb>
</usr/local/texlive/2017/texmf-dist/fonts/type1/public/amsfonts/cm/cmcsc10.pfb>
</usr/local/texlive/2017/texmf-dist/fonts/type1/public/amsfonts/cm/cmex10.pfb><
/usr/local/texlive/2017/texmf-dist/fonts/type1/public/amsfonts/cm/cmmi10.pfb></
usr/local/texlive/2017/texmf-dist/fonts/type1/public/amsfonts/cm/cmmi6.pfb></us
r/local/texlive/2017/texmf-dist/fonts/type1/public/amsfonts/cm/cmmi8.pfb></usr/
local/texlive/2017/texmf-dist/fonts/type1/public/amsfonts/cm/cmmi9.pfb></usr/lo
cal/texlive/2017/texmf-dist/fonts/type1/public/amsfonts/cm/cmr10.pfb></usr/loca
l/texlive/2017/texmf-dist/fonts/type1/public/amsfonts/cm/cmr6.pfb></usr/local/t
exlive/2017/texmf-dist/fonts/type1/public/amsfonts/cm/cmr8.pfb></usr/local/texl
ive/2017/texmf-dist/fonts/type1/public/amsfonts/cm/cmr9.pfb></usr/local/texlive
/2017/texmf-dist/fonts/type1/public/amsfonts/cm/cmsy10.pfb></usr/local/texlive/
2017/texmf-dist/fonts/type1/public/amsfonts/cm/cmsy6.pfb></usr/local/texlive/20
17/texmf-dist/fonts/type1/public/amsfonts/cm/cmsy8.pfb></usr/local/texlive/2017
/texmf-dist/fonts/type1/public/amsfonts/cm/cmsy9.pfb></usr/local/texlive/2017/t
exmf-dist/fonts/type1/public/amsfonts/cm/cmti10.pfb></usr/local/texlive/2017/te
xmf-dist/fonts/type1/public/amsfonts/symbols/msam10.pfb>
Output written on extragalactic.pdf (45 pages, 12214242 bytes).
PDF statistics:
 525 PDF objects out of 1000 (max. 8388607)
 410 compressed objects within 5 object streams
 126 named destinations out of 1000 (max. 500000)
 237 words of extra memory for PDF output out of 10000 (max. 10000000)

