This is pdfTeX, Version 3.14159265-2.6-1.40.18 (TeX Live 2017) (preloaded format=pdflatex 2017.5.23)  28 MAR 2019 21:59
entering extended mode
 restricted \write18 enabled.
 file:line:error style messages enabled.
 %&-line parsing enabled.
**stars.tex
(./stars.tex
LaTeX2e <2017-04-15>
Babel <3.10> and hyphenation patterns for 84 language(s) loaded.
(/usr/local/texlive/2017/texmf-dist/tex/latex/base/article.cls
Document Class: article 2014/09/29 v1.4h Standard LaTeX document class
(/usr/local/texlive/2017/texmf-dist/tex/latex/base/size10.clo
File: size10.clo 2014/09/29 v1.4h Standard LaTeX file (size option)
)
\c@part=\count79
\c@section=\count80
\c@subsection=\count81
\c@subsubsection=\count82
\c@paragraph=\count83
\c@subparagraph=\count84
\c@figure=\count85
\c@table=\count86
\abovecaptionskip=\skip41
\belowcaptionskip=\skip42
\bibindent=\dimen102
)
(/usr/local/texlive/2017/texmf-dist/tex/latex/graphics/graphicx.sty
Package: graphicx 2014/10/28 v1.0g Enhanced LaTeX Graphics (DPC,SPQR)

(/usr/local/texlive/2017/texmf-dist/tex/latex/graphics/keyval.sty
Package: keyval 2014/10/28 v1.15 key=value parser (DPC)
\KV@toks@=\toks14
)
(/usr/local/texlive/2017/texmf-dist/tex/latex/graphics/graphics.sty
Package: graphics 2017/04/14 v1.1b Standard LaTeX Graphics (DPC,SPQR)

(/usr/local/texlive/2017/texmf-dist/tex/latex/graphics/trig.sty
Package: trig 2016/01/03 v1.10 sin cos tan (DPC)
)
(/usr/local/texlive/2017/texmf-dist/tex/latex/graphics-cfg/graphics.cfg
File: graphics.cfg 2016/06/04 v1.11 sample graphics configuration
)
Package graphics Info: Driver file: pdftex.def on input line 99.

(/usr/local/texlive/2017/texmf-dist/tex/latex/graphics-def/pdftex.def
File: pdftex.def 2017/01/12 v0.06k Graphics/color for pdfTeX

(/usr/local/texlive/2017/texmf-dist/tex/generic/oberdiek/infwarerr.sty
Package: infwarerr 2016/05/16 v1.4 Providing info/warning/error messages (HO)
)
(/usr/local/texlive/2017/texmf-dist/tex/generic/oberdiek/ltxcmds.sty
Package: ltxcmds 2016/05/16 v1.23 LaTeX kernel commands for general use (HO)
)
\Gread@gobject=\count87
))
\Gin@req@height=\dimen103
\Gin@req@width=\dimen104
)
(/usr/local/texlive/2017/texmf-dist/tex/latex/caption/caption.sty
Package: caption 2016/02/21 v3.3-144 Customizing captions (AR)

(/usr/local/texlive/2017/texmf-dist/tex/latex/caption/caption3.sty
Package: caption3 2016/05/22 v1.7-166 caption3 kernel (AR)
Package caption3 Info: TeX engine: e-TeX on input line 67.
\captionmargin=\dimen105
\captionmargin@=\dimen106
\captionwidth=\dimen107
\caption@tempdima=\dimen108
\caption@indent=\dimen109
\caption@parindent=\dimen110
\caption@hangindent=\dimen111
)
\c@ContinuedFloat=\count88
)
(/usr/local/texlive/2017/texmf-dist/tex/latex/enumitem/enumitem.sty
Package: enumitem 2011/09/28 v3.5.2 Customized lists
\labelindent=\skip43
\enit@outerparindent=\dimen112
\enit@toks=\toks15
\enit@inbox=\box26
\enitdp@description=\count89
)
(/usr/local/texlive/2017/texmf-dist/tex/latex/tools/multicol.sty
Package: multicol 2017/04/11 v1.8q multicolumn formatting (FMi)
\c@tracingmulticols=\count90
\mult@box=\box27
\multicol@leftmargin=\dimen113
\c@unbalance=\count91
\c@collectmore=\count92
\doublecol@number=\count93
\multicoltolerance=\count94
\multicolpretolerance=\count95
\full@width=\dimen114
\page@free=\dimen115
\premulticols=\dimen116
\postmulticols=\dimen117
\multicolsep=\skip44
\multicolbaselineskip=\skip45
\partial@page=\box28
\last@line=\box29
\maxbalancingoverflow=\dimen118
\mult@rightbox=\box30
\mult@grightbox=\box31
\mult@gfirstbox=\box32
\mult@firstbox=\box33
\@tempa=\box34
\@tempa=\box35
\@tempa=\box36
\@tempa=\box37
\@tempa=\box38
\@tempa=\box39
\@tempa=\box40
\@tempa=\box41
\@tempa=\box42
\@tempa=\box43
\@tempa=\box44
\@tempa=\box45
\@tempa=\box46
\@tempa=\box47
\@tempa=\box48
\@tempa=\box49
\@tempa=\box50
\c@columnbadness=\count96
\c@finalcolumnbadness=\count97
\last@try=\dimen119
\multicolovershoot=\dimen120
\multicolundershoot=\dimen121
\mult@nat@firstbox=\box51
\colbreak@box=\box52
\mc@col@check@num=\count98
)
(/usr/local/texlive/2017/texmf-dist/tex/latex/multirow/multirow.sty
Package: multirow 2016/11/25 v2.2 Span multiple rows of a table
\multirow@colwidth=\skip46
\multirow@cntb=\count99
\multirow@dima=\skip47
\bigstrutjot=\dimen122
)
(/usr/local/texlive/2017/texmf-dist/tex/latex/booktabs/booktabs.sty
Package: booktabs 2016/04/27 v1.618033 publication quality tables
\heavyrulewidth=\dimen123
\lightrulewidth=\dimen124
\cmidrulewidth=\dimen125
\belowrulesep=\dimen126
\belowbottomsep=\dimen127
\aboverulesep=\dimen128
\abovetopsep=\dimen129
\cmidrulesep=\dimen130
\cmidrulekern=\dimen131
\defaultaddspace=\dimen132
\@cmidla=\count100
\@cmidlb=\count101
\@aboverulesep=\dimen133
\@belowrulesep=\dimen134
\@thisruleclass=\count102
\@lastruleclass=\count103
\@thisrulewidth=\dimen135
)
(/usr/local/texlive/2017/texmf-dist/tex/latex/mathtools/mathtools.sty
Package: mathtools 2015/11/12 v1.18 mathematical typesetting tools

(/usr/local/texlive/2017/texmf-dist/tex/latex/tools/calc.sty
Package: calc 2014/10/28 v4.3 Infix arithmetic (KKT,FJ)
\calc@Acount=\count104
\calc@Bcount=\count105
\calc@Adimen=\dimen136
\calc@Bdimen=\dimen137
\calc@Askip=\skip48
\calc@Bskip=\skip49
LaTeX Info: Redefining \setlength on input line 80.
LaTeX Info: Redefining \addtolength on input line 81.
\calc@Ccount=\count106
\calc@Cskip=\skip50
)
(/usr/local/texlive/2017/texmf-dist/tex/latex/mathtools/mhsetup.sty
Package: mhsetup 2010/01/21 v1.2a programming setup (MH)
)
(/usr/local/texlive/2017/texmf-dist/tex/latex/amsmath/amsmath.sty
Package: amsmath 2016/11/05 v2.16a AMS math features
\@mathmargin=\skip51

For additional information on amsmath, use the `?' option.
(/usr/local/texlive/2017/texmf-dist/tex/latex/amsmath/amstext.sty
Package: amstext 2000/06/29 v2.01 AMS text

(/usr/local/texlive/2017/texmf-dist/tex/latex/amsmath/amsgen.sty
File: amsgen.sty 1999/11/30 v2.0 generic functions
\@emptytoks=\toks16
\ex@=\dimen138
))
(/usr/local/texlive/2017/texmf-dist/tex/latex/amsmath/amsbsy.sty
Package: amsbsy 1999/11/29 v1.2d Bold Symbols
\pmbraise@=\dimen139
)
(/usr/local/texlive/2017/texmf-dist/tex/latex/amsmath/amsopn.sty
Package: amsopn 2016/03/08 v2.02 operator names
)
\inf@bad=\count107
LaTeX Info: Redefining \frac on input line 213.
\uproot@=\count108
\leftroot@=\count109
LaTeX Info: Redefining \overline on input line 375.
\classnum@=\count110
\DOTSCASE@=\count111
LaTeX Info: Redefining \ldots on input line 472.
LaTeX Info: Redefining \dots on input line 475.
LaTeX Info: Redefining \cdots on input line 596.
\Mathstrutbox@=\box53
\strutbox@=\box54
\big@size=\dimen140
LaTeX Font Info:    Redeclaring font encoding OML on input line 712.
LaTeX Font Info:    Redeclaring font encoding OMS on input line 713.
\macc@depth=\count112
\c@MaxMatrixCols=\count113
\dotsspace@=\muskip10
\c@parentequation=\count114
\dspbrk@lvl=\count115
\tag@help=\toks17
\row@=\count116
\column@=\count117
\maxfields@=\count118
\andhelp@=\toks18
\eqnshift@=\dimen141
\alignsep@=\dimen142
\tagshift@=\dimen143
\tagwidth@=\dimen144
\totwidth@=\dimen145
\lineht@=\dimen146
\@envbody=\toks19
\multlinegap=\skip52
\multlinetaggap=\skip53
\mathdisplay@stack=\toks20
LaTeX Info: Redefining \[ on input line 2817.
LaTeX Info: Redefining \] on input line 2818.
)
LaTeX Info: Thecontrolsequence`\('isalreadyrobust on input line 129.
LaTeX Info: Thecontrolsequence`\)'isalreadyrobust on input line 129.
LaTeX Info: Thecontrolsequence`\['isalreadyrobust on input line 129.
LaTeX Info: Thecontrolsequence`\]'isalreadyrobust on input line 129.
\g_MT_multlinerow_int=\count119
\l_MT_multwidth_dim=\dimen147
\origjot=\skip54
\l_MT_shortvdotswithinadjustabove_dim=\dimen148
\l_MT_shortvdotswithinadjustbelow_dim=\dimen149
\l_MT_above_intertext_sep=\dimen150
\l_MT_below_intertext_sep=\dimen151
\l_MT_above_shortintertext_sep=\dimen152
\l_MT_below_shortintertext_sep=\dimen153
)
(/usr/local/texlive/2017/texmf-dist/tex/latex/amscls/amsthm.sty
Package: amsthm 2015/03/04 v2.20.2
\thm@style=\toks21
\thm@bodyfont=\toks22
\thm@headfont=\toks23
\thm@notefont=\toks24
\thm@headpunct=\toks25
\thm@preskip=\skip55
\thm@postskip=\skip56
\thm@headsep=\skip57
\dth@everypar=\toks26
)
(/usr/local/texlive/2017/texmf-dist/tex/latex/amsfonts/amssymb.sty
Package: amssymb 2013/01/14 v3.01 AMS font symbols

(/usr/local/texlive/2017/texmf-dist/tex/latex/amsfonts/amsfonts.sty
Package: amsfonts 2013/01/14 v3.01 Basic AMSFonts support
\symAMSa=\mathgroup4
\symAMSb=\mathgroup5
LaTeX Font Info:    Overwriting math alphabet `\mathfrak' in version `bold'
(Font)                  U/euf/m/n --> U/euf/b/n on input line 106.
))
(/usr/local/texlive/2017/texmf-dist/tex/latex/cancel/cancel.sty
Package: cancel 2013/04/12 v2.2 Cancel math terms
)
(/usr/local/texlive/2017/texmf-dist/tex/latex/tools/bm.sty
Package: bm 2017/01/16 v1.2c Bold Symbol Support (DPC/FMi)
\symboldoperators=\mathgroup6
\symboldletters=\mathgroup7
\symboldsymbols=\mathgroup8
LaTeX Font Info:    Redeclaring math alphabet \mathbf on input line 141.
LaTeX Info: Redefining \bm on input line 207.
)
(/usr/local/texlive/2017/texmf-dist/tex/latex/floatrow/floatrow.sty
Package: floatrow 2008/08/02 v0.3b floatrow: float package extension
\c@float@type=\count120
\float@exts=\toks27
\float@box=\box55
\@floatcapt=\box56
Package floatrow Info: Modified float package code loaded on input line 455.
Package floatrow Info: Modified rotfloat package code loaded on input line 473.

\FR@everyfloat=\toks28
\flrow@foot=\insert199
\FB@wd=\dimen154
\FBo@wd=\dimen155
\FBc@wd=\dimen156
\FBo@ht=\skip58
\FBc@ht=\skip59
\FBf@ht=\skip60
\FBo@max=\skip61
\FBc@max=\skip62
\FBf@max=\skip63
\c@FBl@b=\count121
\floatbox@depth=\count122
\c@FRobj=\count123
\c@FRsobj=\count124
\Xhsize=\skip64
\sXhsize=\skip65
\Zhsize=\skip66
\sZhsize=\skip67
\flrow@rowbox=\box57
\FR@Zunitlength=\dimen157
\c@FBcnt=\count125
\FPOScnt=\count126
\LTleft=\skip68
\LTright=\skip69
\LTleft=\skip70
\LTright=\skip71
\flrow@types=\toks29
)
(/usr/local/texlive/2017/texmf-dist/tex/latex/geometry/geometry.sty
Package: geometry 2010/09/12 v5.6 Page Geometry

(/usr/local/texlive/2017/texmf-dist/tex/generic/oberdiek/ifpdf.sty
Package: ifpdf 2017/03/15 v3.2 Provides the ifpdf switch
)
(/usr/local/texlive/2017/texmf-dist/tex/generic/oberdiek/ifvtex.sty
Package: ifvtex 2016/05/16 v1.6 Detect VTeX and its facilities (HO)
Package ifvtex Info: VTeX not detected.
)
(/usr/local/texlive/2017/texmf-dist/tex/generic/ifxetex/ifxetex.sty
Package: ifxetex 2010/09/12 v0.6 Provides ifxetex conditional
)
\Gm@cnth=\count127
\Gm@cntv=\count128
\c@Gm@tempcnt=\count129
\Gm@bindingoffset=\dimen158
\Gm@wd@mp=\dimen159
\Gm@odd@mp=\dimen160
\Gm@even@mp=\dimen161
\Gm@layoutwidth=\dimen162
\Gm@layoutheight=\dimen163
\Gm@layouthoffset=\dimen164
\Gm@layoutvoffset=\dimen165
\Gm@dimlist=\toks30
)

Package geometry Warning: Over-specification in `h'-direction.
    `width' (597.50787pt) is ignored.


Package geometry Warning: Over-specification in `v'-direction.
    `height' (845.04684pt) is ignored.

(/usr/local/texlive/2017/texmf-dist/tex/latex/hyperref/hyperref.sty
Package: hyperref 2017/03/14 v6.85a Hypertext links for LaTeX

(/usr/local/texlive/2017/texmf-dist/tex/generic/oberdiek/hobsub-hyperref.sty
Package: hobsub-hyperref 2016/05/16 v1.14 Bundle oberdiek, subset hyperref (HO)


(/usr/local/texlive/2017/texmf-dist/tex/generic/oberdiek/hobsub-generic.sty
Package: hobsub-generic 2016/05/16 v1.14 Bundle oberdiek, subset generic (HO)
Package: hobsub 2016/05/16 v1.14 Construct package bundles (HO)
Package hobsub Info: Skipping package `infwarerr' (already loaded).
Package hobsub Info: Skipping package `ltxcmds' (already loaded).
Package: ifluatex 2016/05/16 v1.4 Provides the ifluatex switch (HO)
Package ifluatex Info: LuaTeX not detected.
Package hobsub Info: Skipping package `ifvtex' (already loaded).
Package: intcalc 2016/05/16 v1.2 Expandable calculations with integers (HO)
Package hobsub Info: Skipping package `ifpdf' (already loaded).
Package: etexcmds 2016/05/16 v1.6 Avoid name clashes with e-TeX commands (HO)
Package etexcmds Info: Could not find \expanded.
(etexcmds)             That can mean that you are not using pdfTeX 1.50 or
(etexcmds)             that some package has redefined \expanded.
(etexcmds)             In the latter case, load this package earlier.
Package: kvsetkeys 2016/05/16 v1.17 Key value parser (HO)
Package: kvdefinekeys 2016/05/16 v1.4 Define keys (HO)
Package: pdftexcmds 2017/03/19 v0.25 Utility functions of pdfTeX for LuaTeX (HO
)
Package pdftexcmds Info: LuaTeX not detected.
Package pdftexcmds Info: \pdf@primitive is available.
Package pdftexcmds Info: \pdf@ifprimitive is available.
Package pdftexcmds Info: \pdfdraftmode found.
Package: pdfescape 2016/05/16 v1.14 Implements pdfTeX's escape features (HO)
Package: bigintcalc 2016/05/16 v1.4 Expandable calculations on big integers (HO
)
Package: bitset 2016/05/16 v1.2 Handle bit-vector datatype (HO)
Package: uniquecounter 2016/05/16 v1.3 Provide unlimited unique counter (HO)
)
Package hobsub Info: Skipping package `hobsub' (already loaded).
Package: letltxmacro 2016/05/16 v1.5 Let assignment for LaTeX macros (HO)
Package: hopatch 2016/05/16 v1.3 Wrapper for package hooks (HO)
Package: xcolor-patch 2016/05/16 xcolor patch
Package: atveryend 2016/05/16 v1.9 Hooks at the very end of document (HO)
Package atveryend Info: \enddocument detected (standard20110627).
Package: atbegshi 2016/06/09 v1.18 At begin shipout hook (HO)
Package: refcount 2016/05/16 v3.5 Data extraction from label references (HO)
Package: hycolor 2016/05/16 v1.8 Color options for hyperref/bookmark (HO)
)
(/usr/local/texlive/2017/texmf-dist/tex/latex/oberdiek/auxhook.sty
Package: auxhook 2016/05/16 v1.4 Hooks for auxiliary files (HO)
)
(/usr/local/texlive/2017/texmf-dist/tex/latex/oberdiek/kvoptions.sty
Package: kvoptions 2016/05/16 v3.12 Key value format for package options (HO)
)
\@linkdim=\dimen166
\Hy@linkcounter=\count130
\Hy@pagecounter=\count131

(/usr/local/texlive/2017/texmf-dist/tex/latex/hyperref/pd1enc.def
File: pd1enc.def 2017/03/14 v6.85a Hyperref: PDFDocEncoding definition (HO)
)
\Hy@SavedSpaceFactor=\count132

(/usr/local/texlive/2017/texmf-dist/tex/latex/latexconfig/hyperref.cfg
File: hyperref.cfg 2002/06/06 v1.2 hyperref configuration of TeXLive
)
Package hyperref Info: Hyper figures OFF on input line 4498.
Package hyperref Info: Link nesting OFF on input line 4503.
Package hyperref Info: Hyper index ON on input line 4506.
Package hyperref Info: Plain pages OFF on input line 4513.
Package hyperref Info: Backreferencing OFF on input line 4518.
Package hyperref Info: Implicit mode ON; LaTeX internals redefined.
Package hyperref Info: Bookmarks ON on input line 4751.
\c@Hy@tempcnt=\count133

(/usr/local/texlive/2017/texmf-dist/tex/latex/url/url.sty
\Urlmuskip=\muskip11
Package: url 2013/09/16  ver 3.4  Verb mode for urls, etc.
)
LaTeX Info: Redefining \url on input line 5104.
\XeTeXLinkMargin=\dimen167
\Fld@menulength=\count134
\Field@Width=\dimen168
\Fld@charsize=\dimen169
Package hyperref Info: Hyper figures OFF on input line 6358.
Package hyperref Info: Link nesting OFF on input line 6363.
Package hyperref Info: Hyper index ON on input line 6366.
Package hyperref Info: backreferencing OFF on input line 6373.
Package hyperref Info: Link coloring OFF on input line 6378.
Package hyperref Info: Link coloring with OCG OFF on input line 6383.
Package hyperref Info: PDF/A mode OFF on input line 6388.
LaTeX Info: Redefining \ref on input line 6428.
LaTeX Info: Redefining \pageref on input line 6432.
\Hy@abspage=\count135
\c@Item=\count136
\c@Hfootnote=\count137
)

Package hyperref Message: Driver (autodetected): hpdftex.

(/usr/local/texlive/2017/texmf-dist/tex/latex/hyperref/hpdftex.def
File: hpdftex.def 2017/03/14 v6.85a Hyperref driver for pdfTeX
\Fld@listcount=\count138
\c@bookmark@seq@number=\count139

(/usr/local/texlive/2017/texmf-dist/tex/latex/oberdiek/rerunfilecheck.sty
Package: rerunfilecheck 2016/05/16 v1.8 Rerun checks for auxiliary files (HO)
Package uniquecounter Info: New unique counter `rerunfilecheck' on input line 2
82.
)
\Hy@SectionHShift=\skip72
)
Package hyperref Info: Option `colorlinks' set `true' on input line 23.

(/usr/local/texlive/2017/texmf-dist/tex/latex/fancyhdr/fancyhdr.sty
Package: fancyhdr 2016/09/06 3.8 Extensive control of page headers and footers
\fancy@headwidth=\skip73
\f@ncyO@elh=\skip74
\f@ncyO@erh=\skip75
\f@ncyO@olh=\skip76
\f@ncyO@orh=\skip77
\f@ncyO@elf=\skip78
\f@ncyO@erf=\skip79
\f@ncyO@olf=\skip80
\f@ncyO@orf=\skip81
)
(/usr/local/texlive/2017/texmf-dist/tex/latex/lastpage/lastpage.sty
Package: lastpage 2015/03/29 v1.2m Refers to last page's name (HMM; JPG)
)
(./stars.aux

LaTeX Warning: Label `fig:lkha330' multiply defined.

)
\openout1 = `stars.aux'.

LaTeX Font Info:    Checking defaults for OML/cmm/m/it on input line 57.
LaTeX Font Info:    ... okay on input line 57.
LaTeX Font Info:    Checking defaults for T1/cmr/m/n on input line 57.
LaTeX Font Info:    ... okay on input line 57.
LaTeX Font Info:    Checking defaults for OT1/cmr/m/n on input line 57.
LaTeX Font Info:    ... okay on input line 57.
LaTeX Font Info:    Checking defaults for OMS/cmsy/m/n on input line 57.
LaTeX Font Info:    ... okay on input line 57.
LaTeX Font Info:    Checking defaults for OMX/cmex/m/n on input line 57.
LaTeX Font Info:    ... okay on input line 57.
LaTeX Font Info:    Checking defaults for U/cmr/m/n on input line 57.
LaTeX Font Info:    ... okay on input line 57.
LaTeX Font Info:    Checking defaults for PD1/pdf/m/n on input line 57.
LaTeX Font Info:    ... okay on input line 57.
 (/usr/local/texlive/2017/texmf-dist/tex/context/base/mkii/supp-pdf.mkii
[Loading MPS to PDF converter (version 2006.09.02).]
\scratchcounter=\count140
\scratchdimen=\dimen170
\scratchbox=\box58
\nofMPsegments=\count141
\nofMParguments=\count142
\everyMPshowfont=\toks31
\MPscratchCnt=\count143
\MPscratchDim=\dimen171
\MPnumerator=\count144
\makeMPintoPDFobject=\count145
\everyMPtoPDFconversion=\toks32
) (/usr/local/texlive/2017/texmf-dist/tex/latex/oberdiek/epstopdf-base.sty
Package: epstopdf-base 2016/05/15 v2.6 Base part for package epstopdf

(/usr/local/texlive/2017/texmf-dist/tex/latex/oberdiek/grfext.sty
Package: grfext 2016/05/16 v1.2 Manage graphics extensions (HO)
)
Package epstopdf-base Info: Redefining graphics rule for `.eps' on input line 4
38.
Package grfext Info: Graphics extension search list:
(grfext)             [.png,.pdf,.jpg,.mps,.jpeg,.jbig2,.jb2,.PNG,.PDF,.JPG,.JPE
G,.JBIG2,.JB2,.eps]
(grfext)             \AppendGraphicsExtensions on input line 456.

(/usr/local/texlive/2017/texmf-dist/tex/latex/latexconfig/epstopdf-sys.cfg
File: epstopdf-sys.cfg 2010/07/13 v1.3 Configuration of (r)epstopdf for TeX Liv
e
))
Package caption Info: Begin \AtBeginDocument code.
Package caption Info: floatrow package is loaded.
Package caption Info: float package is loaded.
Package caption Info: floatrow package is loaded.
Package caption Info: hyperref package is loaded.
Package caption Info: End \AtBeginDocument code.

(/usr/local/texlive/2017/texmf-dist/tex/latex/graphics/color.sty
Package: color 2016/07/10 v1.1e Standard LaTeX Color (DPC)

(/usr/local/texlive/2017/texmf-dist/tex/latex/graphics-cfg/color.cfg
File: color.cfg 2016/01/02 v1.6 sample color configuration
)
Package color Info: Driver file: pdftex.def on input line 147.
)
*geometry* driver: auto-detecting
*geometry* detected driver: pdftex
*geometry* verbose mode - [ preamble ] result:
* driver: pdftex
* paper: a4paper
* layout: <same size as paper>
* layoutoffset:(h,v)=(0.0pt,0.0pt)
* modes: 
* h-part:(L,W,R)=(71.13188pt, 455.24411pt, 71.13188pt)
* v-part:(T,H,B)=(56.9055pt, 731.23584pt, 56.9055pt)
* \paperwidth=597.50787pt
* \paperheight=845.04684pt
* \textwidth=455.24411pt
* \textheight=731.23584pt
* \oddsidemargin=-1.1381pt
* \evensidemargin=-1.1381pt
* \topmargin=-52.36449pt
* \headheight=12.0pt
* \headsep=25.0pt
* \topskip=10.0pt
* \footskip=30.0pt
* \marginparwidth=57.0pt
* \marginparsep=11.0pt
* \columnsep=10.0pt
* \skip\footins=9.0pt plus 4.0pt minus 2.0pt
* \hoffset=0.0pt
* \voffset=0.0pt
* \mag=1000
* \@twocolumnfalse
* \@twosidefalse
* \@mparswitchfalse
* \@reversemarginfalse
* (1in=72.27pt=25.4mm, 1cm=28.453pt)

\AtBeginShipoutBox=\box59
Package hyperref Info: Link coloring ON on input line 57.
(/usr/local/texlive/2017/texmf-dist/tex/latex/hyperref/nameref.sty
Package: nameref 2016/05/21 v2.44 Cross-referencing by name of section

(/usr/local/texlive/2017/texmf-dist/tex/generic/oberdiek/gettitlestring.sty
Package: gettitlestring 2016/05/16 v1.5 Cleanup title references (HO)
)
\c@section@level=\count146
)
LaTeX Info: Redefining \ref on input line 57.
LaTeX Info: Redefining \pageref on input line 57.
LaTeX Info: Redefining \nameref on input line 57.

(./stars.out) (./stars.out)
\@outlinefile=\write3
\openout3 = `stars.out'.

Package lastpage Info: Please have a look at the pageslts package at
(lastpage)             https://www.ctan.org/pkg/pageslts
(lastpage)             ! on input line 57.
 (./stars.toc
LaTeX Font Info:    Try loading font information for U+msa on input line 2.

(/usr/local/texlive/2017/texmf-dist/tex/latex/amsfonts/umsa.fd
File: umsa.fd 2013/01/14 v3.01 AMS symbols A
)
LaTeX Font Info:    Try loading font information for U+msb on input line 2.

(/usr/local/texlive/2017/texmf-dist/tex/latex/amsfonts/umsb.fd
File: umsb.fd 2013/01/14 v3.01 AMS symbols B
))
\tf@toc=\write4
\openout4 = `stars.toc'.

 [1

{/usr/local/texlive/2017/texmf-var/fonts/map/pdftex/updmap/pdftex.map}]
Missing character: There is no â in font cmr8!
Missing character: There is no € in font cmr8!
Missing character: There is no ™ in font cmr8!
Missing character: There is no â in font cmr8!
Missing character: There is no € in font cmr8!
Missing character: There is no ™ in font cmr8!

<figures/HRD.png, id=125, 739.76375pt x 741.77126pt>
File: figures/HRD.png Graphic file (type png)
 <use figures/HRD.png>
Package pdftex.def Info: figures/HRD.png used on input line 93.
(pdftex.def)             Requested size: 284.52756pt x 285.29419pt.
Missing character: There is no â in font cmr8!
Missing character: There is no € in font cmr8!
Missing character: There is no ™ in font cmr8!
Missing character: There is no â in font cmr8!
Missing character: There is no € in font cmr8!
Missing character: There is no ™ in font cmr8!
File: figures/HRD.png Graphic file (type png)

<use figures/HRD.png>
Package pdftex.def Info: figures/HRD.png used on input line 93.
(pdftex.def)             Requested size: 284.52756pt x 285.29419pt.
Missing character: There is no â in font cmr8!
Missing character: There is no € in font cmr8!
Missing character: There is no ™ in font cmr8!
Missing character: There is no â in font cmr8!
Missing character: There is no € in font cmr8!
Missing character: There is no ™ in font cmr8!
File: figures/HRD.png Graphic file (type png)
 <use figures/HRD.png>
Package pdftex.def Info: figures/HRD.png used on input line 93.
(pdftex.def)             Requested size: 284.52756pt x 285.29419pt.
LaTeX Font Info:    Try loading font information for OMS+cmr on input line 101.


(/usr/local/texlive/2017/texmf-dist/tex/latex/base/omscmr.fd
File: omscmr.fd 2014/09/29 v2.5h Standard LaTeX font definitions
)
LaTeX Font Info:    Font shape `OMS/cmr/m/n' in size <10> not available
(Font)              Font shape `OMS/cmsy/m/n' tried instead on input line 101.

<figures/HRD_9M.png, id=128, 800.9925pt x 585.18625pt>
File: figures/HRD_9M.png Graphic file (type png)

<use figures/HRD_9M.png>
Package pdftex.def Info: figures/HRD_9M.png used on input line 115.
(pdftex.def)             Requested size: 284.52756pt x 207.87204pt.
File: figures/HRD_9M.png Graphic file (type png)
 <use figures/HRD_9M.png>
Package pdftex.def Info: figures/HRD_9M.png used on input line 115.
(pdftex.def)             Requested size: 284.52756pt x 207.87204pt.
File: figures/HRD_9M.png Graphic file (type png)
 <use figures/HRD_9M.png>
Package pdftex.def Info: figures/HRD_9M.png used on input line 115.
(pdftex.def)             Requested size: 284.52756pt x 207.87204pt.


LaTeX Warning: `h' float specifier changed to `ht'.

[2 <./figures/HRD.png>] <figures/LSLB_9M.png, id=147, 722.7pt x 674.52pt>
File: figures/LSLB_9M.png Graphic file (type png)

<use figures/LSLB_9M.png>
Package pdftex.def Info: figures/LSLB_9M.png used on input line 126.
(pdftex.def)             Requested size: 227.62204pt x 212.44405pt.
File: figures/LSLB_9M.png Graphic file (type png)
 <use figures/LSLB_9M.png>
Package pdftex.def Info: figures/LSLB_9M.png used on input line 126.
(pdftex.def)             Requested size: 227.62204pt x 212.44405pt.
File: figures/LSLB_9M.png Graphic file (type png)
 <use figures/LSLB_9M.png>
Package pdftex.def Info: figures/LSLB_9M.png used on input line 126.
(pdftex.def)             Requested size: 227.62204pt x 212.44405pt.

[3 <./figures/HRD_9M.png> <./figures/LSLB_9M.png>]
Missing character: There is no Î in font cmr10!
Missing character: There is no ± in font cmr10!

<figures/RvsT.png, id=179, 851.18pt x 609.27625pt>
File: figures/RvsT.png Graphic file (type png)
 <use figures/RvsT.png>
Package pdftex.def Info: figures/RvsT.png used on input line 149.
(pdftex.def)             Requested size: 227.62204pt x 162.92632pt.
File: figures/RvsT.png Graphic file (type png)

<use figures/RvsT.png>
Package pdftex.def Info: figures/RvsT.png used on input line 149.
(pdftex.def)             Requested size: 227.62204pt x 162.92632pt.
File: figures/RvsT.png Graphic file (type png)
 <use figures/RvsT.png>
Package pdftex.def Info: figures/RvsT.png used on input line 149.
(pdftex.def)             Requested size: 227.62204pt x 162.92632pt.


LaTeX Warning: `h' float specifier changed to `ht'.

[4]
Underfull \hbox (badness 10000) in paragraph at lines 164--164
[]\OT1/cmr/m/n/10 Figure 5: |\OT1/cmr/m/n/8 Evo-lu-tion-ary
 []


Underfull \hbox (badness 3579) in paragraph at lines 164--164
\OT1/cmr/m/n/8 tracks of so-lar com-po-si-tion
 []


Underfull \hbox (badness 10000) in paragraph at lines 164--164
\OT1/cmr/m/n/8 the lo-ca-tion of low-mass
 []


Underfull \hbox (badness 2173) in paragraph at lines 164--164
\OT1/cmr/m/n/8 us-ing the YZ-VAR database
 []


Underfull \hbox (badness 2020) in paragraph at lines 164--164
\OT1/cmr/m/n/8 (Bertelli, G. et al. 2008,
 []


Underfull \hbox (badness 2582) in paragraph at lines 164--164
\OT1/cmr/m/n/8 2009, As-tron. As-tro-phys.,
 []

<figures/HRD_Solar.png, id=198, 729.72626pt x 704.6325pt>
File: figures/HRD_Solar.png Graphic file (type png)

<use figures/HRD_Solar.png>
Package pdftex.def Info: figures/HRD_Solar.png used on input line 164.
(pdftex.def)             Requested size: 227.62204pt x 219.78854pt.

Underfull \hbox (badness 10000) in paragraph at lines 164--164
[]\OT1/cmr/m/n/10 Figure 5: |\OT1/cmr/m/n/8 Evo-lu-tion-ary
 []


Underfull \hbox (badness 3579) in paragraph at lines 164--164
\OT1/cmr/m/n/8 tracks of so-lar com-po-si-tion
 []


Underfull \hbox (badness 10000) in paragraph at lines 164--164
\OT1/cmr/m/n/8 the lo-ca-tion of low-mass
 []


Underfull \hbox (badness 2173) in paragraph at lines 164--164
\OT1/cmr/m/n/8 us-ing the YZ-VAR database
 []


Underfull \hbox (badness 2020) in paragraph at lines 164--164
\OT1/cmr/m/n/8 (Bertelli, G. et al. 2008,
 []


Underfull \hbox (badness 2582) in paragraph at lines 164--164
\OT1/cmr/m/n/8 2009, As-tron. As-tro-phys.,
 []

File: figures/HRD_Solar.png Graphic file (type png)
<use figures/HRD_Solar.png>
Package pdftex.def Info: figures/HRD_Solar.png used on input line 164.
(pdftex.def)             Requested size: 227.62204pt x 219.78854pt.

Underfull \hbox (badness 10000) in paragraph at lines 164--164
[]\OT1/cmr/m/n/10 Figure 5: |\OT1/cmr/m/n/8 Evo-lu-tion-ary
 []


Underfull \hbox (badness 3579) in paragraph at lines 164--164
\OT1/cmr/m/n/8 tracks of so-lar com-po-si-tion
 []


Underfull \hbox (badness 10000) in paragraph at lines 164--164
\OT1/cmr/m/n/8 the lo-ca-tion of low-mass
 []


Underfull \hbox (badness 2173) in paragraph at lines 164--164
\OT1/cmr/m/n/8 us-ing the YZ-VAR database
 []


Underfull \hbox (badness 2020) in paragraph at lines 164--164
\OT1/cmr/m/n/8 (Bertelli, G. et al. 2008,
 []


Underfull \hbox (badness 2582) in paragraph at lines 164--164
\OT1/cmr/m/n/8 2009, As-tron. As-tro-phys.,
 []

File: figures/HRD_Solar.png Graphic file (type png)
<use figures/HRD_Solar.png>
Package pdftex.def Info: figures/HRD_Solar.png used on input line 164.
(pdftex.def)             Requested size: 227.62204pt x 219.78854pt.


LaTeX Warning: `h' float specifier changed to `ht'.

[5 <./figures/RvsT.png>] [6 <./figures/HRD_Solar.png>]
<figures/HRD_Z_coeff.png, id=215, 868.24374pt x 475.7775pt>
File: figures/HRD_Z_coeff.png Graphic file (type png)

<use figures/HRD_Z_coeff.png>
Package pdftex.def Info: figures/HRD_Z_coeff.png used on input line 183.
(pdftex.def)             Requested size: 341.43306pt x 187.0988pt.
 [7]
Underfull \hbox (badness 10000) in paragraph at lines 206--206
[]\OT1/cmr/m/n/10 Figure 6: |\OT1/cmr/m/n/8 a-c) Evo-
 []


Underfull \hbox (badness 10000) in paragraph at lines 206--206
\OT1/cmr/m/n/8 lu-tion-ary tracks of
 []


Underfull \hbox (badness 10000) in paragraph at lines 206--206
\OT1/cmr/m/n/8 intermediate-mass stars
 []


Underfull \hbox (badness 1783) in paragraph at lines 206--206
\OT1/cmr/m/n/8 ($\OML/cmm/m/it/8 M=[] \OT1/cmr/m/n/8 = 3\OML/cmm/m/it/8 ; \OT1/
cmr/m/n/8 4\OML/cmm/m/it/8 ; \OT1/cmr/m/n/8 5\OML/cmm/m/it/8 ; \OT1/cmr/m/n/8 6
\OML/cmm/m/it/8 ; \OT1/cmr/m/n/8 7\OML/cmm/m/it/8 ; \OT1/cmr/m/n/8 8\OML/cmm/m/
it/8 ; \OT1/cmr/m/n/8 10$)
 []


Underfull \hbox (badness 10000) in paragraph at lines 206--206
\OT1/cmr/m/n/8 for dif-fer-ent com-po-si-tions,
 []


Underfull \hbox (badness 1803) in paragraph at lines 206--206
\OT1/cmr/m/n/8 of the core he-lium burn-ing
 []

<figures/HRD_Z_int.png, id=221, 441.65pt x 751.80875pt>
File: figures/HRD_Z_int.png Graphic file (type png)

<use figures/HRD_Z_int.png>
Package pdftex.def Info: figures/HRD_Z_int.png used on input line 206.
(pdftex.def)             Requested size: 170.71652pt x 290.60016pt.

Underfull \hbox (badness 10000) in paragraph at lines 206--206
[]\OT1/cmr/m/n/10 Figure 6: |\OT1/cmr/m/n/8 a-c) Evo-
 []


Underfull \hbox (badness 10000) in paragraph at lines 206--206
\OT1/cmr/m/n/8 lu-tion-ary tracks of
 []


Underfull \hbox (badness 10000) in paragraph at lines 206--206
\OT1/cmr/m/n/8 intermediate-mass stars
 []


Underfull \hbox (badness 1783) in paragraph at lines 206--206
\OT1/cmr/m/n/8 ($\OML/cmm/m/it/8 M=[] \OT1/cmr/m/n/8 = 3\OML/cmm/m/it/8 ; \OT1/
cmr/m/n/8 4\OML/cmm/m/it/8 ; \OT1/cmr/m/n/8 5\OML/cmm/m/it/8 ; \OT1/cmr/m/n/8 6
\OML/cmm/m/it/8 ; \OT1/cmr/m/n/8 7\OML/cmm/m/it/8 ; \OT1/cmr/m/n/8 8\OML/cmm/m/
it/8 ; \OT1/cmr/m/n/8 10$)
 []


Underfull \hbox (badness 10000) in paragraph at lines 206--206
\OT1/cmr/m/n/8 for dif-fer-ent com-po-si-tions,
 []


Underfull \hbox (badness 1803) in paragraph at lines 206--206
\OT1/cmr/m/n/8 of the core he-lium burn-ing
 []

File: figures/HRD_Z_int.png Graphic file (type png)
<use figures/HRD_Z_int.png>
Package pdftex.def Info: figures/HRD_Z_int.png used on input line 206.
(pdftex.def)             Requested size: 170.71652pt x 290.60016pt.

Underfull \hbox (badness 10000) in paragraph at lines 206--206
[]\OT1/cmr/m/n/10 Figure 6: |\OT1/cmr/m/n/8 a-c) Evo-
 []


Underfull \hbox (badness 10000) in paragraph at lines 206--206
\OT1/cmr/m/n/8 lu-tion-ary tracks of
 []


Underfull \hbox (badness 10000) in paragraph at lines 206--206
\OT1/cmr/m/n/8 intermediate-mass stars
 []


Underfull \hbox (badness 1783) in paragraph at lines 206--206
\OT1/cmr/m/n/8 ($\OML/cmm/m/it/8 M=[] \OT1/cmr/m/n/8 = 3\OML/cmm/m/it/8 ; \OT1/
cmr/m/n/8 4\OML/cmm/m/it/8 ; \OT1/cmr/m/n/8 5\OML/cmm/m/it/8 ; \OT1/cmr/m/n/8 6
\OML/cmm/m/it/8 ; \OT1/cmr/m/n/8 7\OML/cmm/m/it/8 ; \OT1/cmr/m/n/8 8\OML/cmm/m/
it/8 ; \OT1/cmr/m/n/8 10$)
 []


Underfull \hbox (badness 10000) in paragraph at lines 206--206
\OT1/cmr/m/n/8 for dif-fer-ent com-po-si-tions,
 []


Underfull \hbox (badness 1803) in paragraph at lines 206--206
\OT1/cmr/m/n/8 of the core he-lium burn-ing
 []

File: figures/HRD_Z_int.png Graphic file (type png)
<use figures/HRD_Z_int.png>
Package pdftex.def Info: figures/HRD_Z_int.png used on input line 206.
(pdftex.def)             Requested size: 170.71652pt x 290.60016pt.
 [8 <./figures/HRD_Z_coeff.png> <./figures/HRD_Z_int.png>] <figures/HRD_Z_low.p
ng, id=235, 843.15pt x 470.75874pt>
File: figures/HRD_Z_low.png Graphic file (type png)

<use figures/HRD_Z_low.png>
Package pdftex.def Info: figures/HRD_Z_low.png used on input line 215.
(pdftex.def)             Requested size: 341.43306pt x 190.63469pt.
 [9 <./figures/HRD_Z_low.png>] [10]
<figures/RadiusMass.png, id=247, 894.34125pt x 582.175pt>
File: figures/RadiusMass.png Graphic file (type png)

<use figures/RadiusMass.png>
Package pdftex.def Info: figures/RadiusMass.png used on input line 285.
(pdftex.def)             Requested size: 341.43306pt x 222.25926pt.
 [11 <./figures/RadiusMass.png>] [12] [13]
Missing character: There is no â in font cmr7!
Missing character: There is no ˆ in font cmr7!
Missing character: There is no ’ in font cmr7!
 [14]
[15] <figures/NII_levels.png, id=288, 704.6325pt x 720.6925pt>
File: figures/NII_levels.png Graphic file (type png)

<use figures/NII_levels.png>
Package pdftex.def Info: figures/NII_levels.png used on input line 492.
(pdftex.def)             Requested size: 341.43306pt x 349.21654pt.


LaTeX Warning: Command \r invalid in math mode on input line 511.


LaTeX Warning: Command \r invalid in math mode on input line 511.

[16 <./figures/NII_levels.png>]

LaTeX Warning: Command \r invalid in math mode on input line 519.


LaTeX Warning: Command \r invalid in math mode on input line 519.


LaTeX Warning: Command \r invalid in math mode on input line 527.


LaTeX Warning: Command \r invalid in math mode on input line 527.


LaTeX Warning: Command \r invalid in math mode on input line 535.


LaTeX Warning: Command \r invalid in math mode on input line 535.

[17] [18]
Missing character: There is no â in font cmr10!
Missing character: There is no € in font cmr10!
Missing character: There is no “ in font cmr10!
 [19] [20]
<figures/StellarOvertones.png, id=324, 754.82pt x 563.10374pt>
File: figures/StellarOvertones.png Graphic file (type png)

<use figures/StellarOvertones.png>
Package pdftex.def Info: figures/StellarOvertones.png used on input line 693.
(pdftex.def)             Requested size: 284.52756pt x 212.2546pt.
 [21 <./figures/StellarOvertones.png>]
<figures/NonradialPulsations.png, id=335, 865.2325pt x 395.4775pt>
File: figures/NonradialPulsations.png Graphic file (type png)

<use figures/NonradialPulsations.png>
Package pdftex.def Info: figures/NonradialPulsations.png used on input line 706
.
(pdftex.def)             Requested size: 398.33858pt x 182.07271pt.
 [22 <./figures/NonradialPulsations.png>]
<figures/VariableZones.png, id=342, 809.0225pt x 592.2125pt>
File: figures/VariableZones.png Graphic file (type png)

<use figures/VariableZones.png>
Package pdftex.def Info: figures/VariableZones.png used on input line 727.
(pdftex.def)             Requested size: 227.62204pt x 166.61357pt.
File: figures/VariableZones.png Graphic file (type png)
 <use figures/VariableZones.png>
Package pdftex.def Info: figures/VariableZones.png used on input line 727.
(pdftex.def)             Requested size: 227.62204pt x 166.61357pt.
File: figures/VariableZones.png Graphic file (type png)

<use figures/VariableZones.png>
Package pdftex.def Info: figures/VariableZones.png used on input line 727.
(pdftex.def)             Requested size: 227.62204pt x 166.61357pt.
 [23 <./figures/VariableZones.png>]
Underfull \hbox (badness 1484) in paragraph at lines 740--740
\OT1/cmr/m/n/8 on the HR di-a-gram. The
 []


Underfull \hbox (badness 1418) in paragraph at lines 740--740
\OT1/cmr/m/n/8 in-sta-bil-ity re-gions along the
 []

<figures/HR_pulsating.png, id=350, 527.9725pt x 771.88374pt>
File: figures/HR_pulsating.png Graphic file (type png)

<use figures/HR_pulsating.png>
Package pdftex.def Info: figures/HR_pulsating.png used on input line 740.
(pdftex.def)             Requested size: 199.16928pt x 291.17528pt.

Underfull \hbox (badness 1484) in paragraph at lines 740--740
\OT1/cmr/m/n/8 on the HR di-a-gram. The
 []


Underfull \hbox (badness 1418) in paragraph at lines 740--740
\OT1/cmr/m/n/8 in-sta-bil-ity re-gions along the
 []

File: figures/HR_pulsating.png Graphic file (type png)
<use figures/HR_pulsating.png>
Package pdftex.def Info: figures/HR_pulsating.png used on input line 740.
(pdftex.def)             Requested size: 199.16928pt x 291.17528pt.

Underfull \hbox (badness 1484) in paragraph at lines 740--740
\OT1/cmr/m/n/8 on the HR di-a-gram. The
 []


Underfull \hbox (badness 1418) in paragraph at lines 740--740
\OT1/cmr/m/n/8 in-sta-bil-ity re-gions along the
 []

File: figures/HR_pulsating.png Graphic file (type png)
<use figures/HR_pulsating.png>
Package pdftex.def Info: figures/HR_pulsating.png used on input line 740.
(pdftex.def)             Requested size: 199.16928pt x 291.17528pt.

Underfull \hbox (badness 1215) in paragraph at lines 747--747
\OT1/cmr/m/n/8 Cepheid pul-sa-tion in-sta-bil-ity
 []

<figures/InstStripEvol.png, id=351, 617.30624pt x 798.985pt>
File: figures/InstStripEvol.png Graphic file (type png)

<use figures/InstStripEvol.png>
Package pdftex.def Info: figures/InstStripEvol.png used on input line 747.
(pdftex.def)             Requested size: 227.62204pt x 294.60793pt.

Underfull \hbox (badness 1215) in paragraph at lines 747--747
\OT1/cmr/m/n/8 Cepheid pul-sa-tion in-sta-bil-ity
 []

File: figures/InstStripEvol.png Graphic file (type png)
<use figures/InstStripEvol.png>
Package pdftex.def Info: figures/InstStripEvol.png used on input line 747.
(pdftex.def)             Requested size: 227.62204pt x 294.60793pt.

Underfull \hbox (badness 1215) in paragraph at lines 747--747
\OT1/cmr/m/n/8 Cepheid pul-sa-tion in-sta-bil-ity
 []

File: figures/InstStripEvol.png Graphic file (type png)
<use figures/InstStripEvol.png>
Package pdftex.def Info: figures/InstStripEvol.png used on input line 747.
(pdftex.def)             Requested size: 227.62204pt x 294.60793pt.
 [24 <./figures/HR_pulsating.png> <./figures/InstStripEvol.png>] [25] [26]
<figures/SolarEnergy.png, id=376, 989.6975pt x 268.00125pt>
File: figures/SolarEnergy.png Graphic file (type png)

<use figures/SolarEnergy.png>
Package pdftex.def Info: figures/SolarEnergy.png used on input line 856.
(pdftex.def)             Requested size: 398.33858pt x 107.86516pt.


LaTeX Warning: `h' float specifier changed to `ht'.

[27] [28 <./figures/SolarEnergy.png>] [29]
<figures/ChemicalStructure.png, id=400, 1055.945pt x 436.63126pt>
File: figures/ChemicalStructure.png Graphic file (type png)

<use figures/ChemicalStructure.png>
Package pdftex.def Info: figures/ChemicalStructure.png used on input line 903.
(pdftex.def)             Requested size: 341.43306pt x 141.17726pt.

<figures/ChemicalElements.png, id=401, 1043.9pt x 462.72874pt>
File: figures/ChemicalElements.png Graphic file (type png)

<use figures/ChemicalElements.png>
Package pdftex.def Info: figures/ChemicalElements.png used on input line 910.
(pdftex.def)             Requested size: 341.43306pt x 151.3453pt.
 [30 <./figures/ChemicalStructure.png>]
Underfull \hbox (badness 1092) in paragraph at lines 929--929
\OT1/cmr/m/n/8 rected by means of the so-
 []

<figures/SNeIa.png, id=409, 612.2875pt x 788.9475pt>
File: figures/SNeIa.png Graphic file (type png)
 <use figures/SNeIa.png>
Package pdftex.def Info: figures/SNeIa.png used on input line 929.
(pdftex.def)             Requested size: 227.62204pt x 293.2904pt.

Underfull \hbox (badness 1092) in paragraph at lines 929--929
\OT1/cmr/m/n/8 rected by means of the so-
 []

File: figures/SNeIa.png Graphic file (type png)
<use figures/SNeIa.png>
Package pdftex.def Info: figures/SNeIa.png used on input line 929.
(pdftex.def)             Requested size: 227.62204pt x 293.2904pt.

Underfull \hbox (badness 1092) in paragraph at lines 929--929
\OT1/cmr/m/n/8 rected by means of the so-
 []

File: figures/SNeIa.png Graphic file (type png)
<use figures/SNeIa.png>
Package pdftex.def Info: figures/SNeIa.png used on input line 929.
(pdftex.def)             Requested size: 227.62204pt x 293.2904pt.

<figures/SNeIa_corrected.png, id=410, 1009.7725pt x 360.34625pt>
File: figures/SNeIa_corrected.png Graphic file (type png)

<use figures/SNeIa_corrected.png>
Package pdftex.def Info: figures/SNeIa_corrected.png used on input line 934.
(pdftex.def)             Requested size: 455.24408pt x 162.45673pt.
 [31 <./figures/ChemicalElements.png>]
[32 <./figures/SNeIa.png> <./figures/SNeIa_corrected.png>] [33] [34] [35]
[36] [37]
Overfull \hbox (2.55862pt too wide) in paragraph at lines 1294--1295
\OT1/cmr/m/n/10 For an ideal monatomic gas, $\OML/cmm/m/it/10 ^^M \OT1/cmr/m/n/
10 = 5\OML/cmm/m/it/10 =\OT1/cmr/m/n/10 3$ and con-vec-tion will oc-cur in some
 re-gion of a star when $d [] \OML/cmm/m/it/10 P=\OT1/cmr/m/n/10 d [] \OML/cmm/
m/it/10 T <
 []

[38]
Underfull \hbox (badness 1337) in paragraph at lines 1341--1341
\OT1/cmr/m/n/8 ``Cloudy'' ar-eas in-di-cate the
 []

<figures/ConvectiveRegions.png, id=463, 776.9025pt x 610.28pt>
File: figures/ConvectiveRegions.png Graphic file (type png)

<use figures/ConvectiveRegions.png>
Package pdftex.def Info: figures/ConvectiveRegions.png used on input line 1341.

(pdftex.def)             Requested size: 227.62204pt x 178.80183pt.

Underfull \hbox (badness 1337) in paragraph at lines 1341--1341
\OT1/cmr/m/n/8 ``Cloudy'' ar-eas in-di-cate the
 []

File: figures/ConvectiveRegions.png Graphic file (type png)
<use figures/ConvectiveRegions.png>
Package pdftex.def Info: figures/ConvectiveRegions.png used on input line 1341.

(pdftex.def)             Requested size: 227.62204pt x 178.80183pt.

Underfull \hbox (badness 1337) in paragraph at lines 1341--1341
\OT1/cmr/m/n/8 ``Cloudy'' ar-eas in-di-cate the
 []

File: figures/ConvectiveRegions.png Graphic file (type png)
<use figures/ConvectiveRegions.png>
Package pdftex.def Info: figures/ConvectiveRegions.png used on input line 1341.

(pdftex.def)             Requested size: 227.62204pt x 178.80183pt.

<figures/DelT.png, id=464, 859.21pt x 397.485pt>
File: figures/DelT.png Graphic file (type png)
 <use figures/DelT.png>
Package pdftex.def Info: figures/DelT.png used on input line 1346.
(pdftex.def)             Requested size: 398.33858pt x 184.27669pt.

[39]
Underfull \hbox (badness 10000) in paragraph at lines 1375--1375
\OT1/cmr/m/n/8 Figure taken from
 []


Overfull \hbox (59.43591pt too wide) in paragraph at lines 1375--1375
[][]\OT1/cmr/m/n/8 https://web.njit.edu/ gary/321/Lecture9.html[][].| 
 []

<figures/SolarInterior.png, id=484, 471.7625pt x 415.5525pt>
File: figures/SolarInterior.png Graphic file (type png)

<use figures/SolarInterior.png>
Package pdftex.def Info: figures/SolarInterior.png used on input line 1375.
(pdftex.def)             Requested size: 170.71652pt x 150.3787pt.

Underfull \hbox (badness 10000) in paragraph at lines 1375--1375
\OT1/cmr/m/n/8 Figure taken from
 []


Overfull \hbox (59.43591pt too wide) in paragraph at lines 1375--1375
[][]\OT1/cmr/m/n/8 https://web.njit.edu/ gary/321/Lecture9.html[][].| 
 []

File: figures/SolarInterior.png Graphic file (type png)
<use figures/SolarInterior.png>
Package pdftex.def Info: figures/SolarInterior.png used on input line 1375.
(pdftex.def)             Requested size: 170.71652pt x 150.3787pt.

Underfull \hbox (badness 10000) in paragraph at lines 1375--1375
\OT1/cmr/m/n/8 Figure taken from
 []


Overfull \hbox (59.43591pt too wide) in paragraph at lines 1375--1375
[][]\OT1/cmr/m/n/8 https://web.njit.edu/ gary/321/Lecture9.html[][].| 
 []

File: figures/SolarInterior.png Graphic file (type png)
<use figures/SolarInterior.png>
Package pdftex.def Info: figures/SolarInterior.png used on input line 1375.
(pdftex.def)             Requested size: 170.71652pt x 150.3787pt.
 [40 <./figures/ConvectiveRegions.png> <./figures/DelT.png>]
<figures/MassFractionRadius.png, id=499, 958.58125pt x 761.84625pt>
File: figures/MassFractionRadius.png Graphic file (type png)

<use figures/MassFractionRadius.png>
Package pdftex.def Info: figures/MassFractionRadius.png used on input line 1384
.
(pdftex.def)             Requested size: 341.43306pt x 271.35823pt.
File: figures/MassFractionRadius.png Graphic file (type png)
 <use figures/MassFractionRadius.png>
Package pdftex.def Info: figures/MassFractionRadius.png used on input line 1384
.
(pdftex.def)             Requested size: 341.43306pt x 271.35823pt.
File: figures/MassFractionRadius.png Graphic file (type png)

<use figures/MassFractionRadius.png>
Package pdftex.def Info: figures/MassFractionRadius.png used on input line 1384
.
(pdftex.def)             Requested size: 341.43306pt x 271.35823pt.

Overfull \hbox (13.3333pt too wide) detected at line 1384
 [] 
 []

[41 <./figures/SolarInterior.png> <./figures/MassFractionRadius.png>]
Underfull \hbox (badness 10000) in paragraph at lines 1399--1399
\OT1/cmr/m/n/8 The con-vec-tion con-di-tion
 []


Underfull \hbox (badness 10000) in paragraph at lines 1399--1399
\OT1/cmr/m/n/8 d [] \OML/cmm/m/it/8 P=\OT1/cmr/m/n/8 d [] \OML/cmm/m/it/8 T$ \O
T1/cmr/m/n/8 plot-ted ver-sus
 []


Underfull \hbox (badness 3557) in paragraph at lines 1399--1399
\OT1/cmr/m/n/8 and ra-di-a-tion for an ideal
 []


Underfull \hbox (badness 1867) in paragraph at lines 1399--1399
\OT1/cmr/m/n/8 con-vec-tion does not ex-actly
 []


Underfull \hbox (badness 3635) in paragraph at lines 1399--1399
\OT1/cmr/m/n/8 case be-cause of the in-cor-
 []


Underfull \hbox (badness 4001) in paragraph at lines 1399--1399
\OT1/cmr/m/n/8 po-ra-tion of a so-phis-ti-cated
 []


Underfull \hbox (badness 2020) in paragraph at lines 1399--1399
\OT1/cmr/m/n/8 is as-so-ci-ated with a highly
 []


Underfull \hbox (badness 10000) in paragraph at lines 1399--1399
\OT1/cmr/m/n/8 super-adiabatic na-ture of
 []


Underfull \hbox (badness 2689) in paragraph at lines 1399--1399
\OT1/cmr/m/n/8 the adi-a-batic ap-prox-i-ma-tion
 []


Underfull \hbox (badness 4608) in paragraph at lines 1399--1399
\OT1/cmr/m/n/8 [$d [] \OML/cmm/m/it/8 P=\OT1/cmr/m/n/8 d [] \OML/cmm/m/it/8 T$ 
\OT1/cmr/m/n/8 was com-puted
 []


Underfull \hbox (badness 10000) in paragraph at lines 1399--1399
\OT1/cmr/m/n/8 us-ing data from Bah-call,
 []


Underfull \hbox (badness 5316) in paragraph at lines 1399--1399
\OT1/cmr/m/n/8 are from Cox, Arthur N.
 []


Underfull \hbox (badness 5652) in paragraph at lines 1399--1399
\OT1/cmr/m/n/8 Quan-ti-ties, Fourth Edi-tion,
 []

<figures/SolarConvection.png, id=509, 942.52126pt x 735.74875pt>
File: figures/SolarConvection.png Graphic file (type png)

<use figures/SolarConvection.png>
Package pdftex.def Info: figures/SolarConvection.png used on input line 1399.
(pdftex.def)             Requested size: 341.43306pt x 266.53088pt.

Underfull \hbox (badness 10000) in paragraph at lines 1399--1399
\OT1/cmr/m/n/8 The con-vec-tion con-di-tion
 []


Underfull \hbox (badness 10000) in paragraph at lines 1399--1399
\OT1/cmr/m/n/8 d [] \OML/cmm/m/it/8 P=\OT1/cmr/m/n/8 d [] \OML/cmm/m/it/8 T$ \O
T1/cmr/m/n/8 plot-ted ver-sus
 []


Underfull \hbox (badness 3557) in paragraph at lines 1399--1399
\OT1/cmr/m/n/8 and ra-di-a-tion for an ideal
 []


Underfull \hbox (badness 1867) in paragraph at lines 1399--1399
\OT1/cmr/m/n/8 con-vec-tion does not ex-actly
 []


Underfull \hbox (badness 3635) in paragraph at lines 1399--1399
\OT1/cmr/m/n/8 case be-cause of the in-cor-
 []


Underfull \hbox (badness 4001) in paragraph at lines 1399--1399
\OT1/cmr/m/n/8 po-ra-tion of a so-phis-ti-cated
 []


Underfull \hbox (badness 2020) in paragraph at lines 1399--1399
\OT1/cmr/m/n/8 is as-so-ci-ated with a highly
 []


Underfull \hbox (badness 10000) in paragraph at lines 1399--1399
\OT1/cmr/m/n/8 super-adiabatic na-ture of
 []


Underfull \hbox (badness 2689) in paragraph at lines 1399--1399
\OT1/cmr/m/n/8 the adi-a-batic ap-prox-i-ma-tion
 []


Underfull \hbox (badness 4608) in paragraph at lines 1399--1399
\OT1/cmr/m/n/8 [$d [] \OML/cmm/m/it/8 P=\OT1/cmr/m/n/8 d [] \OML/cmm/m/it/8 T$ 
\OT1/cmr/m/n/8 was com-puted
 []


Underfull \hbox (badness 10000) in paragraph at lines 1399--1399
\OT1/cmr/m/n/8 us-ing data from Bah-call,
 []


Underfull \hbox (badness 5316) in paragraph at lines 1399--1399
\OT1/cmr/m/n/8 are from Cox, Arthur N.
 []


Underfull \hbox (badness 5652) in paragraph at lines 1399--1399
\OT1/cmr/m/n/8 Quan-ti-ties, Fourth Edi-tion,
 []

File: figures/SolarConvection.png Graphic file (type png)
<use figures/SolarConvection.png>
Package pdftex.def Info: figures/SolarConvection.png used on input line 1399.
(pdftex.def)             Requested size: 341.43306pt x 266.53088pt.

Underfull \hbox (badness 10000) in paragraph at lines 1399--1399
\OT1/cmr/m/n/8 The con-vec-tion con-di-tion
 []


Underfull \hbox (badness 10000) in paragraph at lines 1399--1399
\OT1/cmr/m/n/8 d [] \OML/cmm/m/it/8 P=\OT1/cmr/m/n/8 d [] \OML/cmm/m/it/8 T$ \O
T1/cmr/m/n/8 plot-ted ver-sus
 []


Underfull \hbox (badness 3557) in paragraph at lines 1399--1399
\OT1/cmr/m/n/8 and ra-di-a-tion for an ideal
 []


Underfull \hbox (badness 1867) in paragraph at lines 1399--1399
\OT1/cmr/m/n/8 con-vec-tion does not ex-actly
 []


Underfull \hbox (badness 3635) in paragraph at lines 1399--1399
\OT1/cmr/m/n/8 case be-cause of the in-cor-
 []


Underfull \hbox (badness 4001) in paragraph at lines 1399--1399
\OT1/cmr/m/n/8 po-ra-tion of a so-phis-ti-cated
 []


Underfull \hbox (badness 2020) in paragraph at lines 1399--1399
\OT1/cmr/m/n/8 is as-so-ci-ated with a highly
 []


Underfull \hbox (badness 10000) in paragraph at lines 1399--1399
\OT1/cmr/m/n/8 super-adiabatic na-ture of
 []


Underfull \hbox (badness 2689) in paragraph at lines 1399--1399
\OT1/cmr/m/n/8 the adi-a-batic ap-prox-i-ma-tion
 []


Underfull \hbox (badness 4608) in paragraph at lines 1399--1399
\OT1/cmr/m/n/8 [$d [] \OML/cmm/m/it/8 P=\OT1/cmr/m/n/8 d [] \OML/cmm/m/it/8 T$ 
\OT1/cmr/m/n/8 was com-puted
 []


Underfull \hbox (badness 10000) in paragraph at lines 1399--1399
\OT1/cmr/m/n/8 us-ing data from Bah-call,
 []


Underfull \hbox (badness 5316) in paragraph at lines 1399--1399
\OT1/cmr/m/n/8 are from Cox, Arthur N.
 []


Underfull \hbox (badness 5652) in paragraph at lines 1399--1399
\OT1/cmr/m/n/8 Quan-ti-ties, Fourth Edi-tion,
 []

File: figures/SolarConvection.png Graphic file (type png)
<use figures/SolarConvection.png>
Package pdftex.def Info: figures/SolarConvection.png used on input line 1399.
(pdftex.def)             Requested size: 341.43306pt x 266.53088pt.

Overfull \hbox (13.3333pt too wide) detected at line 1399
 [] 
 []

[42 <./figures/SolarConvection.png>] [43]
Missing character: There is no Î in font cmr10!
Missing character: There is no ² in font cmr10!

<figures/TempDependence.png, id=524, 948.54375pt x 330.23375pt>
File: figures/TempDependence.png Graphic file (type png)

<use figures/TempDependence.png>
Package pdftex.def Info: figures/TempDependence.png used on input line 1493.
(pdftex.def)             Requested size: 398.33858pt x 138.6821pt.
Missing character: There is no â in font cmr10!
Missing character: There is no Š in font cmr10!
Missing character: There is no ™ in font cmr10!
 [44 <./figures/TempDependence.png>] [45]
[46] <figures/SolarQuantities.png, id=543, 741.77126pt x 258.9675pt>
File: figures/SolarQuantities.png Graphic file (type png)

<use figures/SolarQuantities.png>
Package pdftex.def Info: figures/SolarQuantities.png used on input line 1582.
(pdftex.def)             Requested size: 398.33858pt x 139.06981pt.
 [47 <./figures/SolarQuantities.png>]
Underfull \hbox (badness 1661) in paragraph at lines 1615--1615
[]\OT1/cmr/m/n/10 Figure 24: |\OT1/cmr/m/n/8 The neu-trino
 []


Underfull \hbox (badness 3872) in paragraph at lines 1615--1615
\OT1/cmr/m/n/8 dicted from the the-o-ret-i-cal
 []

<figures/NeutrinoSpectrum.png, id=553, 730.73pt x 473.77pt>
File: figures/NeutrinoSpectrum.png Graphic file (type png)

<use figures/NeutrinoSpectrum.png>
Package pdftex.def Info: figures/NeutrinoSpectrum.png used on input line 1615.
(pdftex.def)             Requested size: 284.52756pt x 184.47316pt.

Underfull \hbox (badness 1661) in paragraph at lines 1615--1615
[]\OT1/cmr/m/n/10 Figure 24: |\OT1/cmr/m/n/8 The neu-trino
 []


Underfull \hbox (badness 3872) in paragraph at lines 1615--1615
\OT1/cmr/m/n/8 dicted from the the-o-ret-i-cal
 []

File: figures/NeutrinoSpectrum.png Graphic file (type png)
<use figures/NeutrinoSpectrum.png>
Package pdftex.def Info: figures/NeutrinoSpectrum.png used on input line 1615.
(pdftex.def)             Requested size: 284.52756pt x 184.47316pt.

Underfull \hbox (badness 1661) in paragraph at lines 1615--1615
[]\OT1/cmr/m/n/10 Figure 24: |\OT1/cmr/m/n/8 The neu-trino
 []


Underfull \hbox (badness 3872) in paragraph at lines 1615--1615
\OT1/cmr/m/n/8 dicted from the the-o-ret-i-cal
 []

File: figures/NeutrinoSpectrum.png Graphic file (type png)
<use figures/NeutrinoSpectrum.png>
Package pdftex.def Info: figures/NeutrinoSpectrum.png used on input line 1615.
(pdftex.def)             Requested size: 284.52756pt x 184.47316pt.
 [48 <./figures/NeutrinoSpectrum.png>]
[49] <figures/StellarSpectra_OG.png, id=569, 727.71875pt x 966.61125pt>
File: figures/StellarSpectra_OG.png Graphic file (type png)

<use figures/StellarSpectra_OG.png>
Package pdftex.def Info: figures/StellarSpectra_OG.png used on input line 1684.

(pdftex.def)             Requested size: 398.33858pt x 529.1157pt.

<figures/StellarSpectra_GM.png, id=570, 716.6775pt x 704.6325pt>
File: figures/StellarSpectra_GM.png Graphic file (type png)

<use figures/StellarSpectra_GM.png>
Package pdftex.def Info: figures/StellarSpectra_GM.png used on input line 1691.

(pdftex.def)             Requested size: 398.33858pt x 391.64552pt.


LaTeX Warning: `h' float specifier changed to `ht'.

<figures/Tdwarf.png, id=571, 1177.39874pt x 735.74875pt>
File: figures/Tdwarf.png Graphic file (type png)

<use figures/Tdwarf.png>
Package pdftex.def Info: figures/Tdwarf.png used on input line 1698.
(pdftex.def)             Requested size: 341.43306pt x 213.36166pt.


LaTeX Warning: `!h' float specifier changed to `!ht'.

[50 <./figures/StellarSpectra_OG.png>] [51 <./figures/StellarSpectra_GM.png> <.
/figures/Tdwarf.png>] <figures/Be.png, id=589, 887.315pt x 639.38875pt>
File: figures/Be.png Graphic file (type png)

<use figures/Be.png>
Package pdftex.def Info: figures/Be.png used on input line 1715.
(pdftex.def)             Requested size: 398.33858pt x 287.02957pt.
 [52 <./figures/Be.png>] [53]
Underfull \hbox (badness 1087) in paragraph at lines 1785--1785
\OT1/cmr/m/n/8 star-forming re-gion. Fig-ure
 []

<figures/Outflows.png, id=602, 676.5275pt x 726.715pt>
File: figures/Outflows.png Graphic file (type png)

<use figures/Outflows.png>
Package pdftex.def Info: figures/Outflows.png used on input line 1785.
(pdftex.def)             Requested size: 227.62204pt x 244.50723pt.

Underfull \hbox (badness 1087) in paragraph at lines 1785--1785
\OT1/cmr/m/n/8 star-forming re-gion. Fig-ure
 []

File: figures/Outflows.png Graphic file (type png)
<use figures/Outflows.png>
Package pdftex.def Info: figures/Outflows.png used on input line 1785.
(pdftex.def)             Requested size: 227.62204pt x 244.50723pt.

Underfull \hbox (badness 1087) in paragraph at lines 1785--1785
\OT1/cmr/m/n/8 star-forming re-gion. Fig-ure
 []

File: figures/Outflows.png Graphic file (type png)
<use figures/Outflows.png>
Package pdftex.def Info: figures/Outflows.png used on input line 1785.
(pdftex.def)             Requested size: 227.62204pt x 244.50723pt.


LaTeX Warning: `h' float specifier changed to `ht'.

<figures/ProtostellarSEDs.png, id=604, 571.13374pt x 1262.7175pt>
File: figures/ProtostellarSEDs.png Graphic file (type png)

<use figures/ProtostellarSEDs.png>
Package pdftex.def Info: figures/ProtostellarSEDs.png used on input line 1794.
(pdftex.def)             Requested size: 298.75394pt x 660.50893pt.
 [54] [55 <./figures/Outflows.png>] [56 <./figures/ProtostellarSEDs.png>]
<figures/TTinfall.png, id=625, 440.64626pt x 1237.62375pt>
File: figures/TTinfall.png Graphic file (type png)

<use figures/TTinfall.png>
Package pdftex.def Info: figures/TTinfall.png used on input line 1844.
(pdftex.def)             Requested size: 234.73523pt x 659.28004pt.
 [57]

LaTeX Warning: Text page 58 contains only floats.

[58 <./figures/TTinfall.png>]
<figures/LkHa330.png, id=637, 764.8575pt x 565.11125pt>
File: figures/LkHa330.png Graphic file (type png)

<use figures/LkHa330.png>
Package pdftex.def Info: figures/LkHa330.png used on input line 1867.
(pdftex.def)             Requested size: 213.39566pt x 157.66095pt.

<figures/LkHa330_cont.png, id=638, 615.29875pt x 486.81876pt>
File: figures/LkHa330_cont.png Graphic file (type png)

<use figures/LkHa330_cont.png>
Package pdftex.def Info: figures/LkHa330_cont.png used on input line 1868.
(pdftex.def)             Requested size: 213.39566pt x 168.83661pt.
 [59] [60 <./figures/LkHa330.png> <./figures/LkHa330_cont.png>]
Underfull \hbox (badness 1270) in paragraph at lines 1902--1902
\OT1/cmr/m/n/8 SED for the flat black-body
 []

<figures/TT_SED_flat.png, id=655, 991.705pt x 721.69624pt>
File: figures/TT_SED_flat.png Graphic file (type png)

<use figures/TT_SED_flat.png>
Package pdftex.def Info: figures/TT_SED_flat.png used on input line 1902.
(pdftex.def)             Requested size: 341.43306pt x 248.4679pt.

Underfull \hbox (badness 1270) in paragraph at lines 1902--1902
\OT1/cmr/m/n/8 SED for the flat black-body
 []

File: figures/TT_SED_flat.png Graphic file (type png)
<use figures/TT_SED_flat.png>
Package pdftex.def Info: figures/TT_SED_flat.png used on input line 1902.
(pdftex.def)             Requested size: 341.43306pt x 248.4679pt.

Underfull \hbox (badness 1270) in paragraph at lines 1902--1902
\OT1/cmr/m/n/8 SED for the flat black-body
 []

File: figures/TT_SED_flat.png Graphic file (type png)
<use figures/TT_SED_flat.png>
Package pdftex.def Info: figures/TT_SED_flat.png used on input line 1902.
(pdftex.def)             Requested size: 341.43306pt x 248.4679pt.

Overfull \hbox (13.3333pt too wide) detected at line 1902
 [] 
 []

File: figures/LkHa330.png Graphic file (type png)
<use figures/LkHa330.png>
Package pdftex.def Info: figures/LkHa330.png used on input line 1909.
(pdftex.def)             Requested size: 213.39566pt x 157.66095pt.
File: figures/LkHa330_cont.png Graphic file (type png)
 <use figures/LkHa330_cont.png>
Package pdftex.def Info: figures/LkHa330_cont.png used on input line 1910.
(pdftex.def)             Requested size: 213.39566pt x 168.83661pt.
Missing character: There is no â in font cmr10!
Missing character: There is no € in font cmr10!
Missing character: There is no “ in font cmr10!
 [61 <./figures/TT_SED_flat.png>] [62]
File: figures/TT_SED_flat.png Graphic file (type png)
 <use figures/TT_SED_flat.png>
Package pdftex.def Info: figures/TT_SED_flat.png used on input line 1958.
(pdftex.def)             Requested size: 213.39566pt x 155.29381pt.

<figures/TT_SED_flared.png, id=671, 953.5625pt x 702.625pt>
File: figures/TT_SED_flared.png Graphic file (type png)

<use figures/TT_SED_flared.png>
Package pdftex.def Info: figures/TT_SED_flared.png used on input line 1959.
(pdftex.def)             Requested size: 213.39566pt x 157.23682pt.
 [63 <./figures/TT_SED_flared.png>] [64]
[65] [66]
Missing character: There is no â in font cmr10!
Missing character: There is no € in font cmr10!
Missing character: There is no œ in font cmr10!
Missing character: There is no â in font cmr10!
Missing character: There is no € in font cmr10!
Missing character: There is no  in font cmr10!
 [67] [68]
Underfull \hbox (badness 2990) in paragraph at lines 2170--2170
[]\OT1/cmr/m/n/10 Figure 36: |\OT1/cmr/m/n/8 The av-er-age
 []


Overfull \hbox (17.18532pt too wide) in paragraph at lines 2170--2170
[][]\OT1/cmr/m/n/8 https://physics.stackexchange.com[][].| 
 []

<figures/NucleonBindingEnergy.png, id=716, 724.7075pt x 558.085pt>
File: figures/NucleonBindingEnergy.png Graphic file (type png)

<use figures/NucleonBindingEnergy.png>
Package pdftex.def Info: figures/NucleonBindingEnergy.png used on input line 21
70.
(pdftex.def)             Requested size: 341.43306pt x 262.93015pt.

Underfull \hbox (badness 2990) in paragraph at lines 2170--2170
[]\OT1/cmr/m/n/10 Figure 36: |\OT1/cmr/m/n/8 The av-er-age
 []


Overfull \hbox (17.18532pt too wide) in paragraph at lines 2170--2170
[][]\OT1/cmr/m/n/8 https://physics.stackexchange.com[][].| 
 []

File: figures/NucleonBindingEnergy.png Graphic file (type png)
<use figures/NucleonBindingEnergy.png>
Package pdftex.def Info: figures/NucleonBindingEnergy.png used on input line 21
70.
(pdftex.def)             Requested size: 341.43306pt x 262.93015pt.

Underfull \hbox (badness 2990) in paragraph at lines 2170--2170
[]\OT1/cmr/m/n/10 Figure 36: |\OT1/cmr/m/n/8 The av-er-age
 []


Overfull \hbox (17.18532pt too wide) in paragraph at lines 2170--2170
[][]\OT1/cmr/m/n/8 https://physics.stackexchange.com[][].| 
 []

File: figures/NucleonBindingEnergy.png Graphic file (type png)
<use figures/NucleonBindingEnergy.png>
Package pdftex.def Info: figures/NucleonBindingEnergy.png used on input line 21
70.
(pdftex.def)             Requested size: 341.43306pt x 262.93015pt.

Overfull \hbox (13.3333pt too wide) detected at line 2170
 [] 
 []

[69 <./figures/NucleonBindingEnergy.png>]
<figures/CoulombBarrier.png, id=728, 818.05624pt x 574.145pt>
File: figures/CoulombBarrier.png Graphic file (type png)

<use figures/CoulombBarrier.png>
Package pdftex.def Info: figures/CoulombBarrier.png used on input line 2186.
(pdftex.def)             Requested size: 398.33858pt x 279.5726pt.
 [70 <./figures/CoulombBarrier.png>]
Overfull \hbox (8.93872pt too wide) in paragraph at lines 2242--2242
[] 
 []

[71] [72]

LaTeX Warning: No positions in optional float specifier.
               Default added (so using `tbp') on input line 2352.

[73]
Missing character: There is no â in font cmr10!
Missing character: There is no € in font cmr10!
Missing character: There is no “ in font cmr10!
Missing character: There is no â in font cmr10!
Missing character: There is no € in font cmr10!
Missing character: There is no  in font cmr10!
Missing character: There is no â in font cmr10!
Missing character: There is no € in font cmr10!
Missing character: There is no  in font cmr10!
 [74] [75]
Overfull \hbox (5.36903pt too wide) in paragraph at lines 2446--2447
[]\OT1/cmr/m/n/10 Exponential growth of the tech-no-log-i-cal civ-i-liza-tion o
n Earth, es-pe-cially man-i-fested through \OT1/cmr/bx/n/10 Moore's
 []


Overfull \hbox (0.729pt too wide) in paragraph at lines 2448--2449
[]\OT1/cmr/m/n/10 Theoretical ground-ing for var-i-ous as-tro-engi-neer-ing/mac
roengineering projects po-ten-tially de-tectable
 []

[76] <figures/rs-processes.png, id=794, 863.225pt x 473.77pt>
File: figures/rs-processes.png Graphic file (type png)

<use figures/rs-processes.png>
Package pdftex.def Info: figures/rs-processes.png used on input line 2486.
(pdftex.def)             Requested size: 398.33858pt x 218.62361pt.
 [77] [78 <./figures/rs-processes.png>]
Missing character: There is no â in font cmr10!
Missing character: There is no € in font cmr10!
Missing character: There is no ™ in font cmr10!


AED: lastpage setting LastPage
[79]
Package atveryend Info: Empty hook `BeforeClearDocument' on input line 2527.
Package atveryend Info: Empty hook `AfterLastShipout' on input line 2527.
 (./stars.aux)
Package atveryend Info: Executing hook `AtVeryEndDocument' on input line 2527.
Package atveryend Info: Executing hook `AtEndAfterFileList' on input line 2527.

Package rerunfilecheck Info: File `stars.out' has not changed.
(rerunfilecheck)             Checksum: 7DD4CBB8E71BC379CBB8C857C6207A6E;1329.


LaTeX Warning: There were multiply-defined labels.

Package atveryend Info: Empty hook `AtVeryVeryEnd' on input line 2527.
 ) 
Here is how much of TeX's memory you used:
 9921 strings out of 492995
 151357 string characters out of 6132704
 278660 words of memory out of 5000000
 13049 multiletter control sequences out of 15000+600000
 15899 words of font info for 58 fonts, out of 8000000 for 9000
 1141 hyphenation exceptions out of 8191
 37i,13n,53p,2632b,642s stack positions out of 5000i,500n,10000p,200000b,80000s
</usr/local/texlive/2017/texmf-dist/fonts/type1/public/amsfonts/cm/cmbx10.pfb
></usr/local/texlive/2017/texmf-dist/fonts/type1/public/amsfonts/cm/cmbx12.pfb>
</usr/local/texlive/2017/texmf-dist/fonts/type1/public/amsfonts/cm/cmbx8.pfb></
usr/local/texlive/2017/texmf-dist/fonts/type1/public/amsfonts/cm/cmcsc10.pfb></
usr/local/texlive/2017/texmf-dist/fonts/type1/public/amsfonts/cm/cmex10.pfb></u
sr/local/texlive/2017/texmf-dist/fonts/type1/public/amsfonts/cm/cmmi10.pfb></us
r/local/texlive/2017/texmf-dist/fonts/type1/public/amsfonts/cm/cmmi5.pfb></usr/
local/texlive/2017/texmf-dist/fonts/type1/public/amsfonts/cm/cmmi6.pfb></usr/lo
cal/texlive/2017/texmf-dist/fonts/type1/public/amsfonts/cm/cmmi7.pfb></usr/loca
l/texlive/2017/texmf-dist/fonts/type1/public/amsfonts/cm/cmmi8.pfb></usr/local/
texlive/2017/texmf-dist/fonts/type1/public/amsfonts/cm/cmr10.pfb></usr/local/te
xlive/2017/texmf-dist/fonts/type1/public/amsfonts/cm/cmr5.pfb></usr/local/texli
ve/2017/texmf-dist/fonts/type1/public/amsfonts/cm/cmr6.pfb></usr/local/texlive/
2017/texmf-dist/fonts/type1/public/amsfonts/cm/cmr7.pfb></usr/local/texlive/201
7/texmf-dist/fonts/type1/public/amsfonts/cm/cmr8.pfb></usr/local/texlive/2017/t
exmf-dist/fonts/type1/public/amsfonts/cm/cmsy10.pfb></usr/local/texlive/2017/te
xmf-dist/fonts/type1/public/amsfonts/cm/cmsy5.pfb></usr/local/texlive/2017/texm
f-dist/fonts/type1/public/amsfonts/cm/cmsy6.pfb></usr/local/texlive/2017/texmf-
dist/fonts/type1/public/amsfonts/cm/cmsy7.pfb></usr/local/texlive/2017/texmf-di
st/fonts/type1/public/amsfonts/cm/cmsy8.pfb></usr/local/texlive/2017/texmf-dist
/fonts/type1/public/amsfonts/cm/cmti10.pfb></usr/local/texlive/2017/texmf-dist/
fonts/type1/public/amsfonts/symbols/msam10.pfb></usr/local/texlive/2017/texmf-d
ist/fonts/type1/public/amsfonts/symbols/msbm10.pfb>
Output written on stars.pdf (79 pages, 11937454 bytes).
PDF statistics:
 942 PDF objects out of 1000 (max. 8388607)
 714 compressed objects within 8 object streams
 239 named destinations out of 1000 (max. 500000)
 387 words of extra memory for PDF output out of 10000 (max. 10000000)

