This is pdfTeX, Version 3.14159265-2.6-1.40.18 (TeX Live 2017) (preloaded format=pdflatex 2017.5.23)  17 JAN 2019 20:39
entering extended mode
 restricted \write18 enabled.
 file:line:error style messages enabled.
 %&-line parsing enabled.
**cosmology.tex
(./cosmology.tex
LaTeX2e <2017-04-15>
Babel <3.10> and hyphenation patterns for 84 language(s) loaded.
(/usr/local/texlive/2017/texmf-dist/tex/latex/base/article.cls
Document Class: article 2014/09/29 v1.4h Standard LaTeX document class
(/usr/local/texlive/2017/texmf-dist/tex/latex/base/size10.clo
File: size10.clo 2014/09/29 v1.4h Standard LaTeX file (size option)
)
\c@part=\count79
\c@section=\count80
\c@subsection=\count81
\c@subsubsection=\count82
\c@paragraph=\count83
\c@subparagraph=\count84
\c@figure=\count85
\c@table=\count86
\abovecaptionskip=\skip41
\belowcaptionskip=\skip42
\bibindent=\dimen102
)
(/usr/local/texlive/2017/texmf-dist/tex/latex/graphics/graphicx.sty
Package: graphicx 2014/10/28 v1.0g Enhanced LaTeX Graphics (DPC,SPQR)

(/usr/local/texlive/2017/texmf-dist/tex/latex/graphics/keyval.sty
Package: keyval 2014/10/28 v1.15 key=value parser (DPC)
\KV@toks@=\toks14
)
(/usr/local/texlive/2017/texmf-dist/tex/latex/graphics/graphics.sty
Package: graphics 2017/04/14 v1.1b Standard LaTeX Graphics (DPC,SPQR)

(/usr/local/texlive/2017/texmf-dist/tex/latex/graphics/trig.sty
Package: trig 2016/01/03 v1.10 sin cos tan (DPC)
)
(/usr/local/texlive/2017/texmf-dist/tex/latex/graphics-cfg/graphics.cfg
File: graphics.cfg 2016/06/04 v1.11 sample graphics configuration
)
Package graphics Info: Driver file: pdftex.def on input line 99.

(/usr/local/texlive/2017/texmf-dist/tex/latex/graphics-def/pdftex.def
File: pdftex.def 2017/01/12 v0.06k Graphics/color for pdfTeX

(/usr/local/texlive/2017/texmf-dist/tex/generic/oberdiek/infwarerr.sty
Package: infwarerr 2016/05/16 v1.4 Providing info/warning/error messages (HO)
)
(/usr/local/texlive/2017/texmf-dist/tex/generic/oberdiek/ltxcmds.sty
Package: ltxcmds 2016/05/16 v1.23 LaTeX kernel commands for general use (HO)
)
\Gread@gobject=\count87
))
\Gin@req@height=\dimen103
\Gin@req@width=\dimen104
)
(/usr/local/texlive/2017/texmf-dist/tex/latex/caption/caption.sty
Package: caption 2016/02/21 v3.3-144 Customizing captions (AR)

(/usr/local/texlive/2017/texmf-dist/tex/latex/caption/caption3.sty
Package: caption3 2016/05/22 v1.7-166 caption3 kernel (AR)
Package caption3 Info: TeX engine: e-TeX on input line 67.
\captionmargin=\dimen105
\captionmargin@=\dimen106
\captionwidth=\dimen107
\caption@tempdima=\dimen108
\caption@indent=\dimen109
\caption@parindent=\dimen110
\caption@hangindent=\dimen111
)
\c@ContinuedFloat=\count88
)
(/usr/local/texlive/2017/texmf-dist/tex/latex/enumitem/enumitem.sty
Package: enumitem 2011/09/28 v3.5.2 Customized lists
\labelindent=\skip43
\enit@outerparindent=\dimen112
\enit@toks=\toks15
\enit@inbox=\box26
\enitdp@description=\count89
)
(/usr/local/texlive/2017/texmf-dist/tex/latex/tools/multicol.sty
Package: multicol 2017/04/11 v1.8q multicolumn formatting (FMi)
\c@tracingmulticols=\count90
\mult@box=\box27
\multicol@leftmargin=\dimen113
\c@unbalance=\count91
\c@collectmore=\count92
\doublecol@number=\count93
\multicoltolerance=\count94
\multicolpretolerance=\count95
\full@width=\dimen114
\page@free=\dimen115
\premulticols=\dimen116
\postmulticols=\dimen117
\multicolsep=\skip44
\multicolbaselineskip=\skip45
\partial@page=\box28
\last@line=\box29
\maxbalancingoverflow=\dimen118
\mult@rightbox=\box30
\mult@grightbox=\box31
\mult@gfirstbox=\box32
\mult@firstbox=\box33
\@tempa=\box34
\@tempa=\box35
\@tempa=\box36
\@tempa=\box37
\@tempa=\box38
\@tempa=\box39
\@tempa=\box40
\@tempa=\box41
\@tempa=\box42
\@tempa=\box43
\@tempa=\box44
\@tempa=\box45
\@tempa=\box46
\@tempa=\box47
\@tempa=\box48
\@tempa=\box49
\@tempa=\box50
\c@columnbadness=\count96
\c@finalcolumnbadness=\count97
\last@try=\dimen119
\multicolovershoot=\dimen120
\multicolundershoot=\dimen121
\mult@nat@firstbox=\box51
\colbreak@box=\box52
\mc@col@check@num=\count98
)
(/usr/local/texlive/2017/texmf-dist/tex/latex/mathtools/mathtools.sty
Package: mathtools 2015/11/12 v1.18 mathematical typesetting tools

(/usr/local/texlive/2017/texmf-dist/tex/latex/tools/calc.sty
Package: calc 2014/10/28 v4.3 Infix arithmetic (KKT,FJ)
\calc@Acount=\count99
\calc@Bcount=\count100
\calc@Adimen=\dimen122
\calc@Bdimen=\dimen123
\calc@Askip=\skip46
\calc@Bskip=\skip47
LaTeX Info: Redefining \setlength on input line 80.
LaTeX Info: Redefining \addtolength on input line 81.
\calc@Ccount=\count101
\calc@Cskip=\skip48
)
(/usr/local/texlive/2017/texmf-dist/tex/latex/mathtools/mhsetup.sty
Package: mhsetup 2010/01/21 v1.2a programming setup (MH)
)
(/usr/local/texlive/2017/texmf-dist/tex/latex/amsmath/amsmath.sty
Package: amsmath 2016/11/05 v2.16a AMS math features
\@mathmargin=\skip49

For additional information on amsmath, use the `?' option.
(/usr/local/texlive/2017/texmf-dist/tex/latex/amsmath/amstext.sty
Package: amstext 2000/06/29 v2.01 AMS text

(/usr/local/texlive/2017/texmf-dist/tex/latex/amsmath/amsgen.sty
File: amsgen.sty 1999/11/30 v2.0 generic functions
\@emptytoks=\toks16
\ex@=\dimen124
))
(/usr/local/texlive/2017/texmf-dist/tex/latex/amsmath/amsbsy.sty
Package: amsbsy 1999/11/29 v1.2d Bold Symbols
\pmbraise@=\dimen125
)
(/usr/local/texlive/2017/texmf-dist/tex/latex/amsmath/amsopn.sty
Package: amsopn 2016/03/08 v2.02 operator names
)
\inf@bad=\count102
LaTeX Info: Redefining \frac on input line 213.
\uproot@=\count103
\leftroot@=\count104
LaTeX Info: Redefining \overline on input line 375.
\classnum@=\count105
\DOTSCASE@=\count106
LaTeX Info: Redefining \ldots on input line 472.
LaTeX Info: Redefining \dots on input line 475.
LaTeX Info: Redefining \cdots on input line 596.
\Mathstrutbox@=\box53
\strutbox@=\box54
\big@size=\dimen126
LaTeX Font Info:    Redeclaring font encoding OML on input line 712.
LaTeX Font Info:    Redeclaring font encoding OMS on input line 713.
\macc@depth=\count107
\c@MaxMatrixCols=\count108
\dotsspace@=\muskip10
\c@parentequation=\count109
\dspbrk@lvl=\count110
\tag@help=\toks17
\row@=\count111
\column@=\count112
\maxfields@=\count113
\andhelp@=\toks18
\eqnshift@=\dimen127
\alignsep@=\dimen128
\tagshift@=\dimen129
\tagwidth@=\dimen130
\totwidth@=\dimen131
\lineht@=\dimen132
\@envbody=\toks19
\multlinegap=\skip50
\multlinetaggap=\skip51
\mathdisplay@stack=\toks20
LaTeX Info: Redefining \[ on input line 2817.
LaTeX Info: Redefining \] on input line 2818.
)
LaTeX Info: Thecontrolsequence`\('isalreadyrobust on input line 129.
LaTeX Info: Thecontrolsequence`\)'isalreadyrobust on input line 129.
LaTeX Info: Thecontrolsequence`\['isalreadyrobust on input line 129.
LaTeX Info: Thecontrolsequence`\]'isalreadyrobust on input line 129.
\g_MT_multlinerow_int=\count114
\l_MT_multwidth_dim=\dimen133
\origjot=\skip52
\l_MT_shortvdotswithinadjustabove_dim=\dimen134
\l_MT_shortvdotswithinadjustbelow_dim=\dimen135
\l_MT_above_intertext_sep=\dimen136
\l_MT_below_intertext_sep=\dimen137
\l_MT_above_shortintertext_sep=\dimen138
\l_MT_below_shortintertext_sep=\dimen139
)
(/usr/local/texlive/2017/texmf-dist/tex/latex/amscls/amsthm.sty
Package: amsthm 2015/03/04 v2.20.2
\thm@style=\toks21
\thm@bodyfont=\toks22
\thm@headfont=\toks23
\thm@notefont=\toks24
\thm@headpunct=\toks25
\thm@preskip=\skip53
\thm@postskip=\skip54
\thm@headsep=\skip55
\dth@everypar=\toks26
)
(/usr/local/texlive/2017/texmf-dist/tex/latex/amsfonts/amssymb.sty
Package: amssymb 2013/01/14 v3.01 AMS font symbols

(/usr/local/texlive/2017/texmf-dist/tex/latex/amsfonts/amsfonts.sty
Package: amsfonts 2013/01/14 v3.01 Basic AMSFonts support
\symAMSa=\mathgroup4
\symAMSb=\mathgroup5
LaTeX Font Info:    Overwriting math alphabet `\mathfrak' in version `bold'
(Font)                  U/euf/m/n --> U/euf/b/n on input line 106.
))
(/usr/local/texlive/2017/texmf-dist/tex/latex/cancel/cancel.sty
Package: cancel 2013/04/12 v2.2 Cancel math terms
)
(/usr/local/texlive/2017/texmf-dist/tex/latex/tools/bm.sty
Package: bm 2017/01/16 v1.2c Bold Symbol Support (DPC/FMi)
\symboldoperators=\mathgroup6
\symboldletters=\mathgroup7
\symboldsymbols=\mathgroup8
LaTeX Font Info:    Redeclaring math alphabet \mathbf on input line 141.
LaTeX Info: Redefining \bm on input line 207.
)
(/usr/local/texlive/2017/texmf-dist/tex/latex/floatrow/floatrow.sty
Package: floatrow 2008/08/02 v0.3b floatrow: float package extension
\c@float@type=\count115
\float@exts=\toks27
\float@box=\box55
\@floatcapt=\box56
Package floatrow Info: Modified float package code loaded on input line 455.
Package floatrow Info: Modified rotfloat package code loaded on input line 473.

\FR@everyfloat=\toks28
\flrow@foot=\insert199
\FB@wd=\dimen140
\FBo@wd=\dimen141
\FBc@wd=\dimen142
\FBo@ht=\skip56
\FBc@ht=\skip57
\FBf@ht=\skip58
\FBo@max=\skip59
\FBc@max=\skip60
\FBf@max=\skip61
\c@FBl@b=\count116
\floatbox@depth=\count117
\c@FRobj=\count118
\c@FRsobj=\count119
\Xhsize=\skip62
\sXhsize=\skip63
\Zhsize=\skip64
\sZhsize=\skip65
\flrow@rowbox=\box57
\FR@Zunitlength=\dimen143
\c@FBcnt=\count120
\FPOScnt=\count121
\LTleft=\skip66
\LTright=\skip67
\LTleft=\skip68
\LTright=\skip69
\flrow@types=\toks29
)
(/usr/local/texlive/2017/texmf-dist/tex/latex/geometry/geometry.sty
Package: geometry 2010/09/12 v5.6 Page Geometry

(/usr/local/texlive/2017/texmf-dist/tex/generic/oberdiek/ifpdf.sty
Package: ifpdf 2017/03/15 v3.2 Provides the ifpdf switch
)
(/usr/local/texlive/2017/texmf-dist/tex/generic/oberdiek/ifvtex.sty
Package: ifvtex 2016/05/16 v1.6 Detect VTeX and its facilities (HO)
Package ifvtex Info: VTeX not detected.
)
(/usr/local/texlive/2017/texmf-dist/tex/generic/ifxetex/ifxetex.sty
Package: ifxetex 2010/09/12 v0.6 Provides ifxetex conditional
)
\Gm@cnth=\count122
\Gm@cntv=\count123
\c@Gm@tempcnt=\count124
\Gm@bindingoffset=\dimen144
\Gm@wd@mp=\dimen145
\Gm@odd@mp=\dimen146
\Gm@even@mp=\dimen147
\Gm@layoutwidth=\dimen148
\Gm@layoutheight=\dimen149
\Gm@layouthoffset=\dimen150
\Gm@layoutvoffset=\dimen151
\Gm@dimlist=\toks30
)

Package geometry Warning: Over-specification in `h'-direction.
    `width' (597.50787pt) is ignored.


Package geometry Warning: Over-specification in `v'-direction.
    `height' (845.04684pt) is ignored.

(/usr/local/texlive/2017/texmf-dist/tex/latex/hyperref/hyperref.sty
Package: hyperref 2017/03/14 v6.85a Hypertext links for LaTeX

(/usr/local/texlive/2017/texmf-dist/tex/generic/oberdiek/hobsub-hyperref.sty
Package: hobsub-hyperref 2016/05/16 v1.14 Bundle oberdiek, subset hyperref (HO)


(/usr/local/texlive/2017/texmf-dist/tex/generic/oberdiek/hobsub-generic.sty
Package: hobsub-generic 2016/05/16 v1.14 Bundle oberdiek, subset generic (HO)
Package: hobsub 2016/05/16 v1.14 Construct package bundles (HO)
Package hobsub Info: Skipping package `infwarerr' (already loaded).
Package hobsub Info: Skipping package `ltxcmds' (already loaded).
Package: ifluatex 2016/05/16 v1.4 Provides the ifluatex switch (HO)
Package ifluatex Info: LuaTeX not detected.
Package hobsub Info: Skipping package `ifvtex' (already loaded).
Package: intcalc 2016/05/16 v1.2 Expandable calculations with integers (HO)
Package hobsub Info: Skipping package `ifpdf' (already loaded).
Package: etexcmds 2016/05/16 v1.6 Avoid name clashes with e-TeX commands (HO)
Package etexcmds Info: Could not find \expanded.
(etexcmds)             That can mean that you are not using pdfTeX 1.50 or
(etexcmds)             that some package has redefined \expanded.
(etexcmds)             In the latter case, load this package earlier.
Package: kvsetkeys 2016/05/16 v1.17 Key value parser (HO)
Package: kvdefinekeys 2016/05/16 v1.4 Define keys (HO)
Package: pdftexcmds 2017/03/19 v0.25 Utility functions of pdfTeX for LuaTeX (HO
)
Package pdftexcmds Info: LuaTeX not detected.
Package pdftexcmds Info: \pdf@primitive is available.
Package pdftexcmds Info: \pdf@ifprimitive is available.
Package pdftexcmds Info: \pdfdraftmode found.
Package: pdfescape 2016/05/16 v1.14 Implements pdfTeX's escape features (HO)
Package: bigintcalc 2016/05/16 v1.4 Expandable calculations on big integers (HO
)
Package: bitset 2016/05/16 v1.2 Handle bit-vector datatype (HO)
Package: uniquecounter 2016/05/16 v1.3 Provide unlimited unique counter (HO)
)
Package hobsub Info: Skipping package `hobsub' (already loaded).
Package: letltxmacro 2016/05/16 v1.5 Let assignment for LaTeX macros (HO)
Package: hopatch 2016/05/16 v1.3 Wrapper for package hooks (HO)
Package: xcolor-patch 2016/05/16 xcolor patch
Package: atveryend 2016/05/16 v1.9 Hooks at the very end of document (HO)
Package atveryend Info: \enddocument detected (standard20110627).
Package: atbegshi 2016/06/09 v1.18 At begin shipout hook (HO)
Package: refcount 2016/05/16 v3.5 Data extraction from label references (HO)
Package: hycolor 2016/05/16 v1.8 Color options for hyperref/bookmark (HO)
)
(/usr/local/texlive/2017/texmf-dist/tex/latex/oberdiek/auxhook.sty
Package: auxhook 2016/05/16 v1.4 Hooks for auxiliary files (HO)
)
(/usr/local/texlive/2017/texmf-dist/tex/latex/oberdiek/kvoptions.sty
Package: kvoptions 2016/05/16 v3.12 Key value format for package options (HO)
)
\@linkdim=\dimen152
\Hy@linkcounter=\count125
\Hy@pagecounter=\count126

(/usr/local/texlive/2017/texmf-dist/tex/latex/hyperref/pd1enc.def
File: pd1enc.def 2017/03/14 v6.85a Hyperref: PDFDocEncoding definition (HO)
)
\Hy@SavedSpaceFactor=\count127

(/usr/local/texlive/2017/texmf-dist/tex/latex/latexconfig/hyperref.cfg
File: hyperref.cfg 2002/06/06 v1.2 hyperref configuration of TeXLive
)
Package hyperref Info: Hyper figures OFF on input line 4498.
Package hyperref Info: Link nesting OFF on input line 4503.
Package hyperref Info: Hyper index ON on input line 4506.
Package hyperref Info: Plain pages OFF on input line 4513.
Package hyperref Info: Backreferencing OFF on input line 4518.
Package hyperref Info: Implicit mode ON; LaTeX internals redefined.
Package hyperref Info: Bookmarks ON on input line 4751.
\c@Hy@tempcnt=\count128

(/usr/local/texlive/2017/texmf-dist/tex/latex/url/url.sty
\Urlmuskip=\muskip11
Package: url 2013/09/16  ver 3.4  Verb mode for urls, etc.
)
LaTeX Info: Redefining \url on input line 5104.
\XeTeXLinkMargin=\dimen153
\Fld@menulength=\count129
\Field@Width=\dimen154
\Fld@charsize=\dimen155
Package hyperref Info: Hyper figures OFF on input line 6358.
Package hyperref Info: Link nesting OFF on input line 6363.
Package hyperref Info: Hyper index ON on input line 6366.
Package hyperref Info: backreferencing OFF on input line 6373.
Package hyperref Info: Link coloring OFF on input line 6378.
Package hyperref Info: Link coloring with OCG OFF on input line 6383.
Package hyperref Info: PDF/A mode OFF on input line 6388.
LaTeX Info: Redefining \ref on input line 6428.
LaTeX Info: Redefining \pageref on input line 6432.
\Hy@abspage=\count130
\c@Item=\count131
\c@Hfootnote=\count132
)

Package hyperref Message: Driver (autodetected): hpdftex.

(/usr/local/texlive/2017/texmf-dist/tex/latex/hyperref/hpdftex.def
File: hpdftex.def 2017/03/14 v6.85a Hyperref driver for pdfTeX
\Fld@listcount=\count133
\c@bookmark@seq@number=\count134

(/usr/local/texlive/2017/texmf-dist/tex/latex/oberdiek/rerunfilecheck.sty
Package: rerunfilecheck 2016/05/16 v1.8 Rerun checks for auxiliary files (HO)
Package uniquecounter Info: New unique counter `rerunfilecheck' on input line 2
82.
)
\Hy@SectionHShift=\skip70
)
Package hyperref Info: Option `colorlinks' set `true' on input line 20.

(/usr/local/texlive/2017/texmf-dist/tex/latex/fancyhdr/fancyhdr.sty
Package: fancyhdr 2016/09/06 3.8 Extensive control of page headers and footers
\fancy@headwidth=\skip71
\f@ncyO@elh=\skip72
\f@ncyO@erh=\skip73
\f@ncyO@olh=\skip74
\f@ncyO@orh=\skip75
\f@ncyO@elf=\skip76
\f@ncyO@erf=\skip77
\f@ncyO@olf=\skip78
\f@ncyO@orf=\skip79
)
(/usr/local/texlive/2017/texmf-dist/tex/latex/lastpage/lastpage.sty
Package: lastpage 2015/03/29 v1.2m Refers to last page's name (HMM; JPG)
)
(./cosmology.aux)
\openout1 = `cosmology.aux'.

LaTeX Font Info:    Checking defaults for OML/cmm/m/it on input line 54.
LaTeX Font Info:    ... okay on input line 54.
LaTeX Font Info:    Checking defaults for T1/cmr/m/n on input line 54.
LaTeX Font Info:    ... okay on input line 54.
LaTeX Font Info:    Checking defaults for OT1/cmr/m/n on input line 54.
LaTeX Font Info:    ... okay on input line 54.
LaTeX Font Info:    Checking defaults for OMS/cmsy/m/n on input line 54.
LaTeX Font Info:    ... okay on input line 54.
LaTeX Font Info:    Checking defaults for OMX/cmex/m/n on input line 54.
LaTeX Font Info:    ... okay on input line 54.
LaTeX Font Info:    Checking defaults for U/cmr/m/n on input line 54.
LaTeX Font Info:    ... okay on input line 54.
LaTeX Font Info:    Checking defaults for PD1/pdf/m/n on input line 54.
LaTeX Font Info:    ... okay on input line 54.

(/usr/local/texlive/2017/texmf-dist/tex/context/base/mkii/supp-pdf.mkii
[Loading MPS to PDF converter (version 2006.09.02).]
\scratchcounter=\count135
\scratchdimen=\dimen156
\scratchbox=\box58
\nofMPsegments=\count136
\nofMParguments=\count137
\everyMPshowfont=\toks31
\MPscratchCnt=\count138
\MPscratchDim=\dimen157
\MPnumerator=\count139
\makeMPintoPDFobject=\count140
\everyMPtoPDFconversion=\toks32
) (/usr/local/texlive/2017/texmf-dist/tex/latex/oberdiek/epstopdf-base.sty
Package: epstopdf-base 2016/05/15 v2.6 Base part for package epstopdf

(/usr/local/texlive/2017/texmf-dist/tex/latex/oberdiek/grfext.sty
Package: grfext 2016/05/16 v1.2 Manage graphics extensions (HO)
)
Package epstopdf-base Info: Redefining graphics rule for `.eps' on input line 4
38.
Package grfext Info: Graphics extension search list:
(grfext)             [.png,.pdf,.jpg,.mps,.jpeg,.jbig2,.jb2,.PNG,.PDF,.JPG,.JPE
G,.JBIG2,.JB2,.eps]
(grfext)             \AppendGraphicsExtensions on input line 456.

(/usr/local/texlive/2017/texmf-dist/tex/latex/latexconfig/epstopdf-sys.cfg
File: epstopdf-sys.cfg 2010/07/13 v1.3 Configuration of (r)epstopdf for TeX Liv
e
))
Package caption Info: Begin \AtBeginDocument code.
Package caption Info: floatrow package is loaded.
Package caption Info: float package is loaded.
Package caption Info: floatrow package is loaded.
Package caption Info: hyperref package is loaded.
Package caption Info: End \AtBeginDocument code.

(/usr/local/texlive/2017/texmf-dist/tex/latex/graphics/color.sty
Package: color 2016/07/10 v1.1e Standard LaTeX Color (DPC)

(/usr/local/texlive/2017/texmf-dist/tex/latex/graphics-cfg/color.cfg
File: color.cfg 2016/01/02 v1.6 sample color configuration
)
Package color Info: Driver file: pdftex.def on input line 147.
)
*geometry* driver: auto-detecting
*geometry* detected driver: pdftex
*geometry* verbose mode - [ preamble ] result:
* driver: pdftex
* paper: a4paper
* layout: <same size as paper>
* layoutoffset:(h,v)=(0.0pt,0.0pt)
* modes: 
* h-part:(L,W,R)=(71.13188pt, 455.24411pt, 71.13188pt)
* v-part:(T,H,B)=(56.9055pt, 731.23584pt, 56.9055pt)
* \paperwidth=597.50787pt
* \paperheight=845.04684pt
* \textwidth=455.24411pt
* \textheight=731.23584pt
* \oddsidemargin=-1.1381pt
* \evensidemargin=-1.1381pt
* \topmargin=-52.36449pt
* \headheight=12.0pt
* \headsep=25.0pt
* \topskip=10.0pt
* \footskip=30.0pt
* \marginparwidth=57.0pt
* \marginparsep=11.0pt
* \columnsep=10.0pt
* \skip\footins=9.0pt plus 4.0pt minus 2.0pt
* \hoffset=0.0pt
* \voffset=0.0pt
* \mag=1000
* \@twocolumnfalse
* \@twosidefalse
* \@mparswitchfalse
* \@reversemarginfalse
* (1in=72.27pt=25.4mm, 1cm=28.453pt)

\AtBeginShipoutBox=\box59
Package hyperref Info: Link coloring ON on input line 54.
(/usr/local/texlive/2017/texmf-dist/tex/latex/hyperref/nameref.sty
Package: nameref 2016/05/21 v2.44 Cross-referencing by name of section

(/usr/local/texlive/2017/texmf-dist/tex/generic/oberdiek/gettitlestring.sty
Package: gettitlestring 2016/05/16 v1.5 Cleanup title references (HO)
)
\c@section@level=\count141
)
LaTeX Info: Redefining \ref on input line 54.
LaTeX Info: Redefining \pageref on input line 54.
LaTeX Info: Redefining \nameref on input line 54.

(./cosmology.out) (./cosmology.out)
\@outlinefile=\write3
\openout3 = `cosmology.out'.

Package lastpage Info: Please have a look at the pageslts package at
(lastpage)             https://www.ctan.org/pkg/pageslts
(lastpage)             ! on input line 54.
 (./cosmology.toc
LaTeX Font Info:    Try loading font information for U+msa on input line 2.

(/usr/local/texlive/2017/texmf-dist/tex/latex/amsfonts/umsa.fd
File: umsa.fd 2013/01/14 v3.01 AMS symbols A
)
LaTeX Font Info:    Try loading font information for U+msb on input line 2.

(/usr/local/texlive/2017/texmf-dist/tex/latex/amsfonts/umsb.fd
File: umsb.fd 2013/01/14 v3.01 AMS symbols B
))
\tf@toc=\write4
\openout4 = `cosmology.toc'.

 [1

{/usr/local/texlive/2017/texmf-var/fonts/map/pdftex/updmap/pdftex.map}] [2] [3]
Missing character: There is no â in font cmr7!
Missing character: There is no ˆ in font cmr10!
Missing character: There is no — in font cmr10!
Missing character: There is no â in font cmr10!
Missing character: There is no € in font cmr10!
Missing character: There is no “ in font cmr10!
 [4]
[5] <figures/blackbody.png, id=154, 801.99625pt x 876.27374pt>
File: figures/blackbody.png Graphic file (type png)

<use figures/blackbody.png>
Package pdftex.def Info: figures/blackbody.png used on input line 191.
(pdftex.def)             Requested size: 341.43306pt x 373.05989pt.


LaTeX Warning: `h' float specifier changed to `ht'.

LaTeX Font Info:    Try loading font information for OMS+cmr on input line 202.

(/usr/local/texlive/2017/texmf-dist/tex/latex/base/omscmr.fd
File: omscmr.fd 2014/09/29 v2.5h Standard LaTeX font definitions
)
LaTeX Font Info:    Font shape `OMS/cmr/m/n' in size <10> not available
(Font)              Font shape `OMS/cmsy/m/n' tried instead on input line 202.
 [6] [7 <./figures/blackbody.png>]
Underfull \hbox (badness 1052) in paragraph at lines 255--255
\OT1/cmr/m/n/8 ^^A[] = \OML/cmm/m/it/8  \OT1/cmr/m/n/8 + \OML/cmm/m/it/8 ^^L \
OT1/cmr/m/n/8 + \OML/cmm/m/it/8 ^^M \OT1/cmr/m/n/8 = \OML/cmm/m/it/8 ^^Y$\OT1/c
mr/m/n/8 .
 []

<figures/geometries.png, id=179, 719.68875pt x 489.83pt>
File: figures/geometries.png Graphic file (type png)

<use figures/geometries.png>
Package pdftex.def Info: figures/geometries.png used on input line 255.
(pdftex.def)             Requested size: 284.52756pt x 193.65637pt.

Underfull \hbox (badness 1052) in paragraph at lines 255--255
\OT1/cmr/m/n/8 ^^A[] = \OML/cmm/m/it/8  \OT1/cmr/m/n/8 + \OML/cmm/m/it/8 ^^L \
OT1/cmr/m/n/8 + \OML/cmm/m/it/8 ^^M \OT1/cmr/m/n/8 = \OML/cmm/m/it/8 ^^Y$\OT1/c
mr/m/n/8 .
 []

File: figures/geometries.png Graphic file (type png)
<use figures/geometries.png>
Package pdftex.def Info: figures/geometries.png used on input line 255.
(pdftex.def)             Requested size: 284.52756pt x 193.65637pt.

Underfull \hbox (badness 1052) in paragraph at lines 255--255
\OT1/cmr/m/n/8 ^^A[] = \OML/cmm/m/it/8  \OT1/cmr/m/n/8 + \OML/cmm/m/it/8 ^^L \
OT1/cmr/m/n/8 + \OML/cmm/m/it/8 ^^M \OT1/cmr/m/n/8 = \OML/cmm/m/it/8 ^^Y$\OT1/c
mr/m/n/8 .
 []

File: figures/geometries.png Graphic file (type png)
<use figures/geometries.png>
Package pdftex.def Info: figures/geometries.png used on input line 255.
(pdftex.def)             Requested size: 284.52756pt x 193.65637pt.


LaTeX Warning: `h' float specifier changed to `ht'.

Missing character: There is no â in font cmr10!
Missing character: There is no ˆ in font cmr10!
Missing character: There is no ’ in font cmr10!
[8]
Missing character: There is no â in font cmr10!
Missing character: There is no ˆ in font cmr10!
Missing character: There is no ’ in font cmr10!
 [9 <./figures/geometries.png>] [10]
Underfull \hbox (badness 1253) in paragraph at lines 365--365
\OT1/cmr/m/n/8 tri-bu-tion of galax-ies in two
 []


Underfull \hbox (badness 1342) in paragraph at lines 365--365
\OT1/cmr/m/n/8 Red-shift Sur-vey. Note the
 []


Underfull \hbox (badness 1112) in paragraph at lines 365--365
\OT1/cmr/m/n/8 100 []$ fil-a-men-tary fea-tures
 []

<figures/2df.png, id=201, 1075.01625pt x 641.39626pt>
File: figures/2df.png Graphic file (type png)
 <use figures/2df.png>
Package pdftex.def Info: figures/2df.png used on input line 365.
(pdftex.def)             Requested size: 284.52756pt x 169.75388pt.

Underfull \hbox (badness 1253) in paragraph at lines 365--365
\OT1/cmr/m/n/8 tri-bu-tion of galax-ies in two
 []


Underfull \hbox (badness 1342) in paragraph at lines 365--365
\OT1/cmr/m/n/8 Red-shift Sur-vey. Note the
 []


Underfull \hbox (badness 1112) in paragraph at lines 365--365
\OT1/cmr/m/n/8 100 []$ fil-a-men-tary fea-tures
 []

File: figures/2df.png Graphic file (type png)
<use figures/2df.png>
Package pdftex.def Info: figures/2df.png used on input line 365.
(pdftex.def)             Requested size: 284.52756pt x 169.75388pt.

Underfull \hbox (badness 1253) in paragraph at lines 365--365
\OT1/cmr/m/n/8 tri-bu-tion of galax-ies in two
 []


Underfull \hbox (badness 1342) in paragraph at lines 365--365
\OT1/cmr/m/n/8 Red-shift Sur-vey. Note the
 []


Underfull \hbox (badness 1112) in paragraph at lines 365--365
\OT1/cmr/m/n/8 100 []$ fil-a-men-tary fea-tures
 []

File: figures/2df.png Graphic file (type png)
<use figures/2df.png>
Package pdftex.def Info: figures/2df.png used on input line 365.
(pdftex.def)             Requested size: 284.52756pt x 169.75388pt.
 [11 <./figures/2df.png>]
Underfull \hbox (badness 4072) in paragraph at lines 378--378
[]\OT1/cmr/m/n/10 Figure 4: |\OT1/cmr/m/n/8 The vari-ance
 []


Underfull \hbox (badness 2617) in paragraph at lines 378--378
\OT1/cmr/m/n/8 ^^A[] \OMS/cmsy/m/n/8 ^^Q \OML/cmm/m/it/8 k[]P\OT1/cmr/m/n/8 (\O
ML/cmm/m/it/8 k\OT1/cmr/m/n/8 )\OML/cmm/m/it/8 =\OT1/cmr/m/n/8 2\OML/cmm/m/it/8
 ^^Y[]$ \OT1/cmr/m/n/8 of the
 []

<figures/GalaxyPowerSpectrum.png, id=212, 877.2775pt x 663.47874pt>
File: figures/GalaxyPowerSpectrum.png Graphic file (type png)

<use figures/GalaxyPowerSpectrum.png>
Package pdftex.def Info: figures/GalaxyPowerSpectrum.png used on input line 378
.
(pdftex.def)             Requested size: 256.0748pt x 193.66939pt.

Underfull \hbox (badness 4072) in paragraph at lines 378--378
[]\OT1/cmr/m/n/10 Figure 4: |\OT1/cmr/m/n/8 The vari-ance
 []


Underfull \hbox (badness 2617) in paragraph at lines 378--378
\OT1/cmr/m/n/8 ^^A[] \OMS/cmsy/m/n/8 ^^Q \OML/cmm/m/it/8 k[]P\OT1/cmr/m/n/8 (\O
ML/cmm/m/it/8 k\OT1/cmr/m/n/8 )\OML/cmm/m/it/8 =\OT1/cmr/m/n/8 2\OML/cmm/m/it/8
 ^^Y[]$ \OT1/cmr/m/n/8 of the
 []

File: figures/GalaxyPowerSpectrum.png Graphic file (type png)
<use figures/GalaxyPowerSpectrum.png>
Package pdftex.def Info: figures/GalaxyPowerSpectrum.png used on input line 378
.
(pdftex.def)             Requested size: 256.0748pt x 193.66939pt.

Underfull \hbox (badness 4072) in paragraph at lines 378--378
[]\OT1/cmr/m/n/10 Figure 4: |\OT1/cmr/m/n/8 The vari-ance
 []


Underfull \hbox (badness 2617) in paragraph at lines 378--378
\OT1/cmr/m/n/8 ^^A[] \OMS/cmsy/m/n/8 ^^Q \OML/cmm/m/it/8 k[]P\OT1/cmr/m/n/8 (\O
ML/cmm/m/it/8 k\OT1/cmr/m/n/8 )\OML/cmm/m/it/8 =\OT1/cmr/m/n/8 2\OML/cmm/m/it/8
 ^^Y[]$ \OT1/cmr/m/n/8 of the
 []

File: figures/GalaxyPowerSpectrum.png Graphic file (type png)
<use figures/GalaxyPowerSpectrum.png>
Package pdftex.def Info: figures/GalaxyPowerSpectrum.png used on input line 378
.
(pdftex.def)             Requested size: 256.0748pt x 193.66939pt.
 [12 <./figures/GalaxyPowerSpectrum.png>]
<figures/CMBPowerSpectrum.png, id=220, 880.28876pt x 654.445pt>
File: figures/CMBPowerSpectrum.png Graphic file (type png)

<use figures/CMBPowerSpectrum.png>
Package pdftex.def Info: figures/CMBPowerSpectrum.png used on input line 415.
(pdftex.def)             Requested size: 341.43306pt x 253.83447pt.
File: figures/CMBPowerSpectrum.png Graphic file (type png)
 <use figures/CMBPowerSpectrum.png>
Package pdftex.def Info: figures/CMBPowerSpectrum.png used on input line 415.
(pdftex.def)             Requested size: 341.43306pt x 253.83447pt.
File: figures/CMBPowerSpectrum.png Graphic file (type png)

<use figures/CMBPowerSpectrum.png>
Package pdftex.def Info: figures/CMBPowerSpectrum.png used on input line 415.
(pdftex.def)             Requested size: 341.43306pt x 253.83447pt.

Overfull \hbox (13.3333pt too wide) detected at line 415
 [] 
 []

[13 <./figures/CMBPowerSpectrum.png>] [14] [15]
Missing character: There is no â in font cmr10!
Missing character: There is no € in font cmr10!
Missing character: There is no ˜ in font cmr10!
Missing character: There is no â in font cmr10!
Missing character: There is no € in font cmr10!
Missing character: There is no ™ in font cmr10!

Underfull \hbox (badness 1024) in paragraph at lines 514--514
\OT1/cmr/m/n/8 that en-ters the hori-zon dur-ing the
 []

<figures/DensityContrast.png, id=240, 451.6875pt x 351.3125pt>
File: figures/DensityContrast.png Graphic file (type png)

<use figures/DensityContrast.png>
Package pdftex.def Info: figures/DensityContrast.png used on input line 514.
(pdftex.def)             Requested size: 227.62204pt x 177.0442pt.

Underfull \hbox (badness 1024) in paragraph at lines 514--514
\OT1/cmr/m/n/8 that en-ters the hori-zon dur-ing the
 []

File: figures/DensityContrast.png Graphic file (type png)
<use figures/DensityContrast.png>
Package pdftex.def Info: figures/DensityContrast.png used on input line 514.
(pdftex.def)             Requested size: 227.62204pt x 177.0442pt.

Underfull \hbox (badness 1024) in paragraph at lines 514--514
\OT1/cmr/m/n/8 that en-ters the hori-zon dur-ing the
 []

File: figures/DensityContrast.png Graphic file (type png)
<use figures/DensityContrast.png>
Package pdftex.def Info: figures/DensityContrast.png used on input line 514.
(pdftex.def)             Requested size: 227.62204pt x 177.0442pt.
 [16 <./figures/DensityContrast.png>] [17]
<figures/PerturbationEvolution.png, id=255, 745.78625pt x 781.92125pt>
File: figures/PerturbationEvolution.png Graphic file (type png)

<use figures/PerturbationEvolution.png>
Package pdftex.def Info: figures/PerturbationEvolution.png used on input line 5
80.
(pdftex.def)             Requested size: 426.79134pt x 447.46556pt.
 [18] [19 <./figures/PerturbationEvolution.png>] [20]
Overfull \hbox (19.26813pt too wide) in paragraph at lines 651--652
\OT1/cmr/m/n/10 citing the-o-ret-i-cal pre-dic-tions as a pos-si-ble ex-pla-na-
tion. At the time, Hub-ble es-ti-mated $\OML/cmm/m/it/10 H[] \OMS/cmsy/m/n/10 ^
^Y \OT1/cmr/m/n/10 500 []$
 []


Underfull \hbox (badness 10000) in paragraph at lines 657--657
\OT1/cmr/m/n/8 plot-ted vs dis-tance (units
 []


Underfull \hbox (badness 10000) in paragraph at lines 657--657
\OT1/cmr/m/n/8 should be $[]$). Solid
 []

<figures/HubbleDiagram.png, id=272, 633.36626pt x 386.44376pt>
File: figures/HubbleDiagram.png Graphic file (type png)

<use figures/HubbleDiagram.png>
Package pdftex.def Info: figures/HubbleDiagram.png used on input line 657.
(pdftex.def)             Requested size: 341.43306pt x 208.32861pt.

Underfull \hbox (badness 10000) in paragraph at lines 657--657
\OT1/cmr/m/n/8 plot-ted vs dis-tance (units
 []


Underfull \hbox (badness 10000) in paragraph at lines 657--657
\OT1/cmr/m/n/8 should be $[]$). Solid
 []

File: figures/HubbleDiagram.png Graphic file (type png)
<use figures/HubbleDiagram.png>
Package pdftex.def Info: figures/HubbleDiagram.png used on input line 657.
(pdftex.def)             Requested size: 341.43306pt x 208.32861pt.

Underfull \hbox (badness 10000) in paragraph at lines 657--657
\OT1/cmr/m/n/8 plot-ted vs dis-tance (units
 []


Underfull \hbox (badness 10000) in paragraph at lines 657--657
\OT1/cmr/m/n/8 should be $[]$). Solid
 []

File: figures/HubbleDiagram.png Graphic file (type png)
<use figures/HubbleDiagram.png>
Package pdftex.def Info: figures/HubbleDiagram.png used on input line 657.
(pdftex.def)             Requested size: 341.43306pt x 208.32861pt.

Overfull \hbox (13.3333pt too wide) detected at line 657
 [] 
 []


LaTeX Warning: `h' float specifier changed to `ht'.

[21]
Underfull \hbox (badness 2582) in paragraph at lines 680--680
\OT1/cmr/m/n/8 Type la su-per-novae. Top
 []

<figures/HubbleDiagram_modern.png, id=284, 565.11125pt x 772.8875pt>
File: figures/HubbleDiagram_modern.png Graphic file (type png)

<use figures/HubbleDiagram_modern.png>
Package pdftex.def Info: figures/HubbleDiagram_modern.png used on input line 68
0.
(pdftex.def)             Requested size: 284.52756pt x 389.14346pt.

Underfull \hbox (badness 2582) in paragraph at lines 680--680
\OT1/cmr/m/n/8 Type la su-per-novae. Top
 []

File: figures/HubbleDiagram_modern.png Graphic file (type png)
<use figures/HubbleDiagram_modern.png>
Package pdftex.def Info: figures/HubbleDiagram_modern.png used on input line 68
0.
(pdftex.def)             Requested size: 284.52756pt x 389.14346pt.

Underfull \hbox (badness 2582) in paragraph at lines 680--680
\OT1/cmr/m/n/8 Type la su-per-novae. Top
 []

File: figures/HubbleDiagram_modern.png Graphic file (type png)
<use figures/HubbleDiagram_modern.png>
Package pdftex.def Info: figures/HubbleDiagram_modern.png used on input line 68
0.
(pdftex.def)             Requested size: 284.52756pt x 389.14346pt.
 [22 <./figures/HubbleDiagram.png> <./figures/HubbleDiagram_modern.png>]
Missing character: There is no â in font cmr8!
Missing character: There is no € in font cmr8!
Missing character: There is no ™ in font cmr8!
Missing character: There is no â in font cmr8!
Missing character: There is no € in font cmr8!
Missing character: There is no ™ in font cmr8!

<figures/BBN_prediction.png, id=297, 581.17125pt x 746.79pt>
File: figures/BBN_prediction.png Graphic file (type png)

<use figures/BBN_prediction.png>
Package pdftex.def Info: figures/BBN_prediction.png used on input line 693.
(pdftex.def)             Requested size: 284.52756pt x 365.61124pt.
Missing character: There is no â in font cmr8!
Missing character: There is no € in font cmr8!
Missing character: There is no ™ in font cmr8!
Missing character: There is no â in font cmr8!
Missing character: There is no € in font cmr8!
Missing character: There is no ™ in font cmr8!
File: figures/BBN_prediction.png Graphic file (type png)
 <use figures/BBN_prediction.png>
Package pdftex.def Info: figures/BBN_prediction.png used on input line 693.
(pdftex.def)             Requested size: 284.52756pt x 365.61124pt.
Missing character: There is no â in font cmr8!
Missing character: There is no € in font cmr8!
Missing character: There is no ™ in font cmr8!
Missing character: There is no â in font cmr8!
Missing character: There is no € in font cmr8!
Missing character: There is no ™ in font cmr8!
File: figures/BBN_prediction.png Graphic file (type png)

<use figures/BBN_prediction.png>
Package pdftex.def Info: figures/BBN_prediction.png used on input line 693.
(pdftex.def)             Requested size: 284.52756pt x 365.61124pt.
Missing character: There is no â in font cmr10!
Missing character: There is no € in font cmr10!
Missing character: There is no ” in font cmr10!
 [23 <./figures/BBN_prediction.png>]
<figures/deuterium.png, id=307, 574.145pt x 713.66624pt>
File: figures/deuterium.png Graphic file (type png)

<use figures/deuterium.png>
Package pdftex.def Info: figures/deuterium.png used on input line 704.
(pdftex.def)             Requested size: 284.52756pt x 353.67424pt.
File: figures/deuterium.png Graphic file (type png)
 <use figures/deuterium.png>
Package pdftex.def Info: figures/deuterium.png used on input line 704.
(pdftex.def)             Requested size: 284.52756pt x 353.67424pt.
File: figures/deuterium.png Graphic file (type png)

<use figures/deuterium.png>
Package pdftex.def Info: figures/deuterium.png used on input line 704.
(pdftex.def)             Requested size: 284.52756pt x 353.67424pt.

Underfull \hbox (badness 4441) in paragraph at lines 717--717
[]\OT1/cmr/m/n/10 Figure 12: |\OT1/cmr/m/n/8 In-ten-sity of
 []


Underfull \hbox (badness 6691) in paragraph at lines 717--717
\OT1/cmr/m/n/8 cos-mic mi-crowave ra-di-a-tion
 []


Underfull \hbox (badness 2351) in paragraph at lines 717--717
\OT1/cmr/m/n/8 as a func-tion of wavenum-
 []


Underfull \hbox (badness 1558) in paragraph at lines 717--717
\OT1/cmr/m/n/8 ber from Far In-fraRed Ab-
 []


Underfull \hbox (badness 2326) in paragraph at lines 717--717
\OT1/cmr/m/n/8 the thick-ness of the curve!
 []


Underfull \hbox (badness 1163) in paragraph at lines 717--717
\OT1/cmr/m/n/8 Fig-ure taken from Do-del-son
 []

<figures/CMB_COBE.png, id=311, 691.58376pt x 519.9425pt>
File: figures/CMB_COBE.png Graphic file (type png)

<use figures/CMB_COBE.png>
Package pdftex.def Info: figures/CMB_COBE.png used on input line 717.
(pdftex.def)             Requested size: 284.52756pt x 213.91563pt.

Underfull \hbox (badness 4441) in paragraph at lines 717--717
[]\OT1/cmr/m/n/10 Figure 12: |\OT1/cmr/m/n/8 In-ten-sity of
 []


Underfull \hbox (badness 6691) in paragraph at lines 717--717
\OT1/cmr/m/n/8 cos-mic mi-crowave ra-di-a-tion
 []


Underfull \hbox (badness 2351) in paragraph at lines 717--717
\OT1/cmr/m/n/8 as a func-tion of wavenum-
 []


Underfull \hbox (badness 1558) in paragraph at lines 717--717
\OT1/cmr/m/n/8 ber from Far In-fraRed Ab-
 []


Underfull \hbox (badness 2326) in paragraph at lines 717--717
\OT1/cmr/m/n/8 the thick-ness of the curve!
 []


Underfull \hbox (badness 1163) in paragraph at lines 717--717
\OT1/cmr/m/n/8 Fig-ure taken from Do-del-son
 []

File: figures/CMB_COBE.png Graphic file (type png)
<use figures/CMB_COBE.png>
Package pdftex.def Info: figures/CMB_COBE.png used on input line 717.
(pdftex.def)             Requested size: 284.52756pt x 213.91563pt.

Underfull \hbox (badness 4441) in paragraph at lines 717--717
[]\OT1/cmr/m/n/10 Figure 12: |\OT1/cmr/m/n/8 In-ten-sity of
 []


Underfull \hbox (badness 6691) in paragraph at lines 717--717
\OT1/cmr/m/n/8 cos-mic mi-crowave ra-di-a-tion
 []


Underfull \hbox (badness 2351) in paragraph at lines 717--717
\OT1/cmr/m/n/8 as a func-tion of wavenum-
 []


Underfull \hbox (badness 1558) in paragraph at lines 717--717
\OT1/cmr/m/n/8 ber from Far In-fraRed Ab-
 []


Underfull \hbox (badness 2326) in paragraph at lines 717--717
\OT1/cmr/m/n/8 the thick-ness of the curve!
 []


Underfull \hbox (badness 1163) in paragraph at lines 717--717
\OT1/cmr/m/n/8 Fig-ure taken from Do-del-son
 []

File: figures/CMB_COBE.png Graphic file (type png)
<use figures/CMB_COBE.png>
Package pdftex.def Info: figures/CMB_COBE.png used on input line 717.
(pdftex.def)             Requested size: 284.52756pt x 213.91563pt.


LaTeX Warning: `h' float specifier changed to `ht'.

[24 <./figures/deuterium.png>]
Underfull \hbox (badness 2941) in paragraph at lines 742--742
[]\OT1/cmr/m/n/10 Figure 13: |\OT1/cmr/m/n/8 En-ergy den-
 []


Underfull \hbox (badness 1342) in paragraph at lines 742--742
\OT1/cmr/m/n/8 sity vs scale fac-tor for dif-
 []


Underfull \hbox (badness 1237) in paragraph at lines 742--742
\OT1/cmr/m/n/8 fer-ent con-stituents of a flat
 []


Underfull \hbox (badness 1609) in paragraph at lines 742--742
\OT1/cmr/m/n/8 Uni-verse. Shown are non-
 []


Underfull \hbox (badness 1448) in paragraph at lines 742--742
\OT1/cmr/m/n/8 times, the ra-di-a-tion den-sity
 []

<figures/EnergyDensityScaling.png, id=322, 642.4pt x 615.29875pt>
File: figures/EnergyDensityScaling.png Graphic file (type png)

<use figures/EnergyDensityScaling.png>
Package pdftex.def Info: figures/EnergyDensityScaling.png used on input line 74
2.
(pdftex.def)             Requested size: 284.52756pt x 272.52553pt.

Underfull \hbox (badness 2941) in paragraph at lines 742--742
[]\OT1/cmr/m/n/10 Figure 13: |\OT1/cmr/m/n/8 En-ergy den-
 []


Underfull \hbox (badness 1342) in paragraph at lines 742--742
\OT1/cmr/m/n/8 sity vs scale fac-tor for dif-
 []


Underfull \hbox (badness 1237) in paragraph at lines 742--742
\OT1/cmr/m/n/8 fer-ent con-stituents of a flat
 []


Underfull \hbox (badness 1609) in paragraph at lines 742--742
\OT1/cmr/m/n/8 Uni-verse. Shown are non-
 []


Underfull \hbox (badness 1448) in paragraph at lines 742--742
\OT1/cmr/m/n/8 times, the ra-di-a-tion den-sity
 []

File: figures/EnergyDensityScaling.png Graphic file (type png)
<use figures/EnergyDensityScaling.png>
Package pdftex.def Info: figures/EnergyDensityScaling.png used on input line 74
2.
(pdftex.def)             Requested size: 284.52756pt x 272.52553pt.

Underfull \hbox (badness 2941) in paragraph at lines 742--742
[]\OT1/cmr/m/n/10 Figure 13: |\OT1/cmr/m/n/8 En-ergy den-
 []


Underfull \hbox (badness 1342) in paragraph at lines 742--742
\OT1/cmr/m/n/8 sity vs scale fac-tor for dif-
 []


Underfull \hbox (badness 1237) in paragraph at lines 742--742
\OT1/cmr/m/n/8 fer-ent con-stituents of a flat
 []


Underfull \hbox (badness 1609) in paragraph at lines 742--742
\OT1/cmr/m/n/8 Uni-verse. Shown are non-
 []


Underfull \hbox (badness 1448) in paragraph at lines 742--742
\OT1/cmr/m/n/8 times, the ra-di-a-tion den-sity
 []

File: figures/EnergyDensityScaling.png Graphic file (type png)
<use figures/EnergyDensityScaling.png>
Package pdftex.def Info: figures/EnergyDensityScaling.png used on input line 74
2.
(pdftex.def)             Requested size: 284.52756pt x 272.52553pt.


LaTeX Warning: `h' float specifier changed to `ht'.

[25 <./figures/CMB_COBE.png>]
Missing character: There is no â in font cmr7!
Missing character: There is no ˆ in font cmr7!
Missing character: There is no ’ in font cmr7!
Missing character: There is no â in font cmr10!
Missing character: There is no € in font cmr10!
Missing character: There is no ™ in font cmr10!
Missing character: There is no â in font cmr10!
Missing character: There is no € in font cmr10!
Missing character: There is no ™ in font cmr10!
 [26 <./figures/EnergyDensityScaling.png>]
[27]
Missing character: There is no â in font cmr7!
Missing character: There is no ˆ in font cmr7!
Missing character: There is no ’ in font cmr7!
 [28] [29] [30] [31] [32]
File: figures/HubbleDiagram_modern.png Graphic file (type png)
 <use figures/HubbleDiagram_modern.png>
Package pdftex.def Info: figures/HubbleDiagram_modern.png used on input line 99
4.
(pdftex.def)             Requested size: 284.52756pt x 389.14346pt.
File: figures/HubbleDiagram_modern.png Graphic file (type png)

<use figures/HubbleDiagram_modern.png>
Package pdftex.def Info: figures/HubbleDiagram_modern.png used on input line 99
4.
(pdftex.def)             Requested size: 284.52756pt x 389.14346pt.
File: figures/HubbleDiagram_modern.png Graphic file (type png)
 <use figures/HubbleDiagram_modern.png>
Package pdftex.def Info: figures/HubbleDiagram_modern.png used on input line 99
4.
(pdftex.def)             Requested size: 284.52756pt x 389.14346pt.

[33]
Missing character: There is no â in font cmr10!
Missing character: There is no € in font cmr10!
Missing character: There is no ™ in font cmr10!
Missing character: There is no â in font cmr10!
Missing character: There is no € in font cmr10!
Missing character: There is no ™ in font cmr10!
Missing character: There is no â in font cmr10!
Missing character: There is no € in font cmr10!
Missing character: There is no ™ in font cmr10!
Missing character: There is no â in font cmr10!
Missing character: There is no € in font cmr10!
Missing character: There is no ™ in font cmr10!
 [34]
Missing character: There is no â in font cmr10!
Missing character: There is no € in font cmr10!
Missing character: There is no ™ in font cmr10!
Missing character: There is no â in font cmr10!
Missing character: There is no ˆ in font cmr10!
Missing character: There is no ’ in font cmr10!
Missing character: There is no â in font cmr10!
Missing character: There is no € in font cmr10!
Missing character: There is no ™ in font cmr10!
Missing character: There is no â in font cmr10!
Missing character: There is no € in font cmr10!
Missing character: There is no ™ in font cmr10!
 [35]
Missing character: There is no â in font cmr7!
Missing character: There is no ˆ in font cmr7!
Missing character: There is no ’ in font cmr7!
Missing character: There is no Î in font cmr10!
Missing character: There is no » in font cmr10!

<figures/LuminosityDistance.png, id=387, 523.9575pt x 394.47375pt>
File: figures/LuminosityDistance.png Graphic file (type png)

<use figures/LuminosityDistance.png>
Package pdftex.def Info: figures/LuminosityDistance.png used on input line 1123
.
(pdftex.def)             Requested size: 284.52756pt x 214.21648pt.
File: figures/LuminosityDistance.png Graphic file (type png)
 <use figures/LuminosityDistance.png>
Package pdftex.def Info: figures/LuminosityDistance.png used on input line 1123
.
(pdftex.def)             Requested size: 284.52756pt x 214.21648pt.
File: figures/LuminosityDistance.png Graphic file (type png)

<use figures/LuminosityDistance.png>
Package pdftex.def Info: figures/LuminosityDistance.png used on input line 1123
.
(pdftex.def)             Requested size: 284.52756pt x 214.21648pt.


LaTeX Warning: `h' float specifier changed to `ht'.

[36] <figures/DistanceModulus.png, id=394, 603.25375pt x 769.87625pt>
File: figures/DistanceModulus.png Graphic file (type png)

<use figures/DistanceModulus.png>
Package pdftex.def Info: figures/DistanceModulus.png used on input line 1159.
(pdftex.def)             Requested size: 312.9803pt x 399.42166pt.
File: figures/DistanceModulus.png Graphic file (type png)
 <use figures/DistanceModulus.png>
Package pdftex.def Info: figures/DistanceModulus.png used on input line 1159.
(pdftex.def)             Requested size: 312.9803pt x 399.42166pt.
File: figures/DistanceModulus.png Graphic file (type png)

<use figures/DistanceModulus.png>
Package pdftex.def Info: figures/DistanceModulus.png used on input line 1159.
(pdftex.def)             Requested size: 312.9803pt x 399.42166pt.


LaTeX Warning: `h' float specifier changed to `ht'.

Missing character: There is no â in font cmr10!
Missing character: There is no ˆ in font cmr10!
Missing character: There is no ’ in font cmr10!

Underfull \hbox (badness 3826) in paragraph at lines 1168--1168
\OT1/cmr/m/n/8 
[]$ (hor-i-zon-tal axis) and
 []

<figures/OmegaModel.png, id=399, 553.06625pt x 691.58376pt>
File: figures/OmegaModel.png Graphic file (type png)

<use figures/OmegaModel.png>
Package pdftex.def Info: figures/OmegaModel.png used on input line 1168.
(pdftex.def)             Requested size: 284.52756pt x 355.78444pt.

Underfull \hbox (badness 3826) in paragraph at lines 1168--1168
\OT1/cmr/m/n/8 
[]$ (hor-i-zon-tal axis) and
 []

File: figures/OmegaModel.png Graphic file (type png)
<use figures/OmegaModel.png>
Package pdftex.def Info: figures/OmegaModel.png used on input line 1168.
(pdftex.def)             Requested size: 284.52756pt x 355.78444pt.

Underfull \hbox (badness 3826) in paragraph at lines 1168--1168
\OT1/cmr/m/n/8 
[]$ (hor-i-zon-tal axis) and
 []

File: figures/OmegaModel.png Graphic file (type png)
<use figures/OmegaModel.png>
Package pdftex.def Info: figures/OmegaModel.png used on input line 1168.
(pdftex.def)             Requested size: 284.52756pt x 355.78444pt.


LaTeX Warning: `h' float specifier changed to `ht'.

Missing character: There is no â in font cmr10!
Missing character: There is no € in font cmr10!
Missing character: There is no ™ in font cmr10!
[37 <./figures/LuminosityDistance.png>]
Missing character: There is no â in font cmr10!
Missing character: There is no € in font cmr10!
Missing character: There is no ™ in font cmr10!
 [38 <./figures/DistanceModulus.png>]
[39 <./figures/OmegaModel.png>] [40]
Underfull \hbox (badness 2884) in paragraph at lines 1239--1239
[]\OT1/cmr/m/n/10 Figure 18: |\OT1/cmr/m/n/8 The cor-re-la-
 []


Underfull \hbox (badness 10000) in paragraph at lines 1239--1239
\OT1/cmr/m/n/8 tion func-tion of galax-ies,
 []


Underfull \hbox (badness 4940) in paragraph at lines 1239--1239
\OT1/cmr/m/n/8 as ob-served in the SDSS,
 []


Underfull \hbox (badness 10000) in paragraph at lines 1239--1239
\OT1/cmr/m/n/8 shows a clear in-di-ca-tion
 []


Underfull \hbox (badness 2671) in paragraph at lines 1239--1239
\OT1/cmr/m/n/8 of a sec-ondary peak on a
 []


Underfull \hbox (badness 10000) in paragraph at lines 1239--1239
\OT1/cmr/m/n/8 co-mov-ing scale of about
 []


Underfull \hbox (badness 10000) in paragraph at lines 1239--1239
\OT1/cmr/m/n/8 100\OML/cmm/m/it/8 h[] [] \OMS/cmsy/m/n/8 ^^X \OT1/cmr/m/n/8 150
 []$.
 []


Underfull \hbox (badness 10000) in paragraph at lines 1239--1239
\OT1/cmr/m/n/8 Curves show mod-els
 []


Underfull \hbox (badness 10000) in paragraph at lines 1239--1239
\OT1/cmr/m/n/8 with slightly dif-fer-
 []


Underfull \hbox (badness 10000) in paragraph at lines 1239--1239
\OT1/cmr/m/n/8 ent den-sity pa-ram-e-ter
 []


Underfull \hbox (badness 10000) in paragraph at lines 1239--1239
\OT1/cmr/m/n/8 
[]\OML/cmm/m/it/8 h[] \OT1/cmr/m/n/8 = 0\OML/cmm/m/it/8 :\OT1/cmr/m/n/8 12; 0\O
ML/cmm/m/it/8 :\OT1/cmr/m/n/8 13; 0\OML/cmm/m/it/8 :\OT1/cmr/m/n/8 14$,
 []


Underfull \hbox (badness 1418) in paragraph at lines 1239--1239
\OT1/cmr/m/n/8 with-out baryons which thus
 []


Underfull \hbox (badness 5878) in paragraph at lines 1239--1239
\OT1/cmr/m/n/8 shows no fea-tures due to
 []


Underfull \hbox (badness 1253) in paragraph at lines 1239--1239
\OT1/cmr/m/n/8 D. Eisen-stein et al. 2005,
 []


Underfull \hbox (badness 10000) in paragraph at lines 1239--1239
\OT1/cmr/m/n/8 De-tec-tion of the Baryon
 []

<figures/CorrelationFunction.png, id=438, 611.28375pt x 623.32875pt>
File: figures/CorrelationFunction.png Graphic file (type png)

<use figures/CorrelationFunction.png>
Package pdftex.def Info: figures/CorrelationFunction.png used on input line 123
9.
(pdftex.def)             Requested size: 284.52756pt x 290.1302pt.

Underfull \hbox (badness 2884) in paragraph at lines 1239--1239
[]\OT1/cmr/m/n/10 Figure 18: |\OT1/cmr/m/n/8 The cor-re-la-
 []


Underfull \hbox (badness 10000) in paragraph at lines 1239--1239
\OT1/cmr/m/n/8 tion func-tion of galax-ies,
 []


Underfull \hbox (badness 4940) in paragraph at lines 1239--1239
\OT1/cmr/m/n/8 as ob-served in the SDSS,
 []


Underfull \hbox (badness 10000) in paragraph at lines 1239--1239
\OT1/cmr/m/n/8 shows a clear in-di-ca-tion
 []


Underfull \hbox (badness 2671) in paragraph at lines 1239--1239
\OT1/cmr/m/n/8 of a sec-ondary peak on a
 []


Underfull \hbox (badness 10000) in paragraph at lines 1239--1239
\OT1/cmr/m/n/8 co-mov-ing scale of about
 []


Underfull \hbox (badness 10000) in paragraph at lines 1239--1239
\OT1/cmr/m/n/8 100\OML/cmm/m/it/8 h[] [] \OMS/cmsy/m/n/8 ^^X \OT1/cmr/m/n/8 150
 []$.
 []


Underfull \hbox (badness 10000) in paragraph at lines 1239--1239
\OT1/cmr/m/n/8 Curves show mod-els
 []


Underfull \hbox (badness 10000) in paragraph at lines 1239--1239
\OT1/cmr/m/n/8 with slightly dif-fer-
 []


Underfull \hbox (badness 10000) in paragraph at lines 1239--1239
\OT1/cmr/m/n/8 ent den-sity pa-ram-e-ter
 []


Underfull \hbox (badness 10000) in paragraph at lines 1239--1239
\OT1/cmr/m/n/8 
[]\OML/cmm/m/it/8 h[] \OT1/cmr/m/n/8 = 0\OML/cmm/m/it/8 :\OT1/cmr/m/n/8 12; 0\O
ML/cmm/m/it/8 :\OT1/cmr/m/n/8 13; 0\OML/cmm/m/it/8 :\OT1/cmr/m/n/8 14$,
 []


Underfull \hbox (badness 1418) in paragraph at lines 1239--1239
\OT1/cmr/m/n/8 with-out baryons which thus
 []


Underfull \hbox (badness 5878) in paragraph at lines 1239--1239
\OT1/cmr/m/n/8 shows no fea-tures due to
 []


Underfull \hbox (badness 1253) in paragraph at lines 1239--1239
\OT1/cmr/m/n/8 D. Eisen-stein et al. 2005,
 []


Underfull \hbox (badness 10000) in paragraph at lines 1239--1239
\OT1/cmr/m/n/8 De-tec-tion of the Baryon
 []

File: figures/CorrelationFunction.png Graphic file (type png)
<use figures/CorrelationFunction.png>
Package pdftex.def Info: figures/CorrelationFunction.png used on input line 123
9.
(pdftex.def)             Requested size: 284.52756pt x 290.1302pt.

Underfull \hbox (badness 2884) in paragraph at lines 1239--1239
[]\OT1/cmr/m/n/10 Figure 18: |\OT1/cmr/m/n/8 The cor-re-la-
 []


Underfull \hbox (badness 10000) in paragraph at lines 1239--1239
\OT1/cmr/m/n/8 tion func-tion of galax-ies,
 []


Underfull \hbox (badness 4940) in paragraph at lines 1239--1239
\OT1/cmr/m/n/8 as ob-served in the SDSS,
 []


Underfull \hbox (badness 10000) in paragraph at lines 1239--1239
\OT1/cmr/m/n/8 shows a clear in-di-ca-tion
 []


Underfull \hbox (badness 2671) in paragraph at lines 1239--1239
\OT1/cmr/m/n/8 of a sec-ondary peak on a
 []


Underfull \hbox (badness 10000) in paragraph at lines 1239--1239
\OT1/cmr/m/n/8 co-mov-ing scale of about
 []


Underfull \hbox (badness 10000) in paragraph at lines 1239--1239
\OT1/cmr/m/n/8 100\OML/cmm/m/it/8 h[] [] \OMS/cmsy/m/n/8 ^^X \OT1/cmr/m/n/8 150
 []$.
 []


Underfull \hbox (badness 10000) in paragraph at lines 1239--1239
\OT1/cmr/m/n/8 Curves show mod-els
 []


Underfull \hbox (badness 10000) in paragraph at lines 1239--1239
\OT1/cmr/m/n/8 with slightly dif-fer-
 []


Underfull \hbox (badness 10000) in paragraph at lines 1239--1239
\OT1/cmr/m/n/8 ent den-sity pa-ram-e-ter
 []


Underfull \hbox (badness 10000) in paragraph at lines 1239--1239
\OT1/cmr/m/n/8 
[]\OML/cmm/m/it/8 h[] \OT1/cmr/m/n/8 = 0\OML/cmm/m/it/8 :\OT1/cmr/m/n/8 12; 0\O
ML/cmm/m/it/8 :\OT1/cmr/m/n/8 13; 0\OML/cmm/m/it/8 :\OT1/cmr/m/n/8 14$,
 []


Underfull \hbox (badness 1418) in paragraph at lines 1239--1239
\OT1/cmr/m/n/8 with-out baryons which thus
 []


Underfull \hbox (badness 5878) in paragraph at lines 1239--1239
\OT1/cmr/m/n/8 shows no fea-tures due to
 []


Underfull \hbox (badness 1253) in paragraph at lines 1239--1239
\OT1/cmr/m/n/8 D. Eisen-stein et al. 2005,
 []


Underfull \hbox (badness 10000) in paragraph at lines 1239--1239
\OT1/cmr/m/n/8 De-tec-tion of the Baryon
 []

File: figures/CorrelationFunction.png Graphic file (type png)
<use figures/CorrelationFunction.png>
Package pdftex.def Info: figures/CorrelationFunction.png used on input line 123
9.
(pdftex.def)             Requested size: 284.52756pt x 290.1302pt.

<figures/BAOs.png, id=440, 955.57pt x 346.29375pt>
File: figures/BAOs.png Graphic file (type png)
 <use figures/BAOs.png>
Package pdftex.def Info: figures/BAOs.png used on input line 1247.
(pdftex.def)             Requested size: 455.24408pt x 164.97736pt.

[41] [42 <./figures/CorrelationFunction.png> <./figures/BAOs.png>]
Overfull \hbox (9.97781pt too wide) in paragraph at lines 1282--1283
\OT1/cmr/m/n/10 Why should we be con-cerned with the po-lar-iza-tion of the cos
-mic mi-crowave back-ground (CMB) anisotropies?
 []


Underfull \hbox (badness 6542) in paragraph at lines 1298--1298
\OT1/cmr/m/n/8 Thomson scat-ter-ing of ra-
 []


Underfull \hbox (badness 6380) in paragraph at lines 1298--1298
\OT1/cmr/m/n/8 di-a-tion with a quadrupole
 []

<figures/ThomsonScattering.png, id=457, 428.60126pt x 434.62375pt>
File: figures/ThomsonScattering.png Graphic file (type png)

<use figures/ThomsonScattering.png>
Package pdftex.def Info: figures/ThomsonScattering.png used on input line 1298.

(pdftex.def)             Requested size: 227.62204pt x 230.82034pt.

Underfull \hbox (badness 6542) in paragraph at lines 1298--1298
\OT1/cmr/m/n/8 Thomson scat-ter-ing of ra-
 []


Underfull \hbox (badness 6380) in paragraph at lines 1298--1298
\OT1/cmr/m/n/8 di-a-tion with a quadrupole
 []

File: figures/ThomsonScattering.png Graphic file (type png)
<use figures/ThomsonScattering.png>
Package pdftex.def Info: figures/ThomsonScattering.png used on input line 1298.

(pdftex.def)             Requested size: 227.62204pt x 230.82034pt.

Underfull \hbox (badness 6542) in paragraph at lines 1298--1298
\OT1/cmr/m/n/8 Thomson scat-ter-ing of ra-
 []


Underfull \hbox (badness 6380) in paragraph at lines 1298--1298
\OT1/cmr/m/n/8 di-a-tion with a quadrupole
 []

File: figures/ThomsonScattering.png Graphic file (type png)
<use figures/ThomsonScattering.png>
Package pdftex.def Info: figures/ThomsonScattering.png used on input line 1298.

(pdftex.def)             Requested size: 227.62204pt x 230.82034pt.


LaTeX Warning: `h' float specifier changed to `ht'.

[43] [44 <./figures/ThomsonScattering.png>]
Underfull \hbox (badness 1270) in paragraph at lines 1356--1356
\OT1/cmr/m/n/8 get the map in the mid-dle
 []


Underfull \hbox (badness 2846) in paragraph at lines 1356--1356
\OT1/cmr/m/n/8 team, NASA. Fig-ure taken
 []

<figures/CMBCOBE.png, id=475, 441.65pt x 710.655pt>
File: figures/CMBCOBE.png Graphic file (type png)
 <use figures/CMBCOBE.png>
Package pdftex.def Info: figures/CMBCOBE.png used on input line 1356.
(pdftex.def)             Requested size: 284.52756pt x 457.85388pt.

Underfull \hbox (badness 1270) in paragraph at lines 1356--1356
\OT1/cmr/m/n/8 get the map in the mid-dle
 []


Underfull \hbox (badness 2846) in paragraph at lines 1356--1356
\OT1/cmr/m/n/8 team, NASA. Fig-ure taken
 []

File: figures/CMBCOBE.png Graphic file (type png)
<use figures/CMBCOBE.png>
Package pdftex.def Info: figures/CMBCOBE.png used on input line 1356.
(pdftex.def)             Requested size: 284.52756pt x 457.85388pt.

Underfull \hbox (badness 1270) in paragraph at lines 1356--1356
\OT1/cmr/m/n/8 get the map in the mid-dle
 []


Underfull \hbox (badness 2846) in paragraph at lines 1356--1356
\OT1/cmr/m/n/8 team, NASA. Fig-ure taken
 []

File: figures/CMBCOBE.png Graphic file (type png)
<use figures/CMBCOBE.png>
Package pdftex.def Info: figures/CMBCOBE.png used on input line 1356.
(pdftex.def)             Requested size: 284.52756pt x 457.85388pt.
 [45] [46 <./figures/CMBCOBE.png>]
Underfull \hbox (badness 1270) in paragraph at lines 1385--1385
[]\OT1/cmr/m/n/10 Figure 22: |\OT1/cmr/m/n/8 The in-flu-ence
 []

<figures/SZeffect.png, id=489, 456.70625pt x 474.77374pt>
File: figures/SZeffect.png Graphic file (type png)

<use figures/SZeffect.png>
Package pdftex.def Info: figures/SZeffect.png used on input line 1385.
(pdftex.def)             Requested size: 227.62204pt x 236.62561pt.

Underfull \hbox (badness 1270) in paragraph at lines 1385--1385
[]\OT1/cmr/m/n/10 Figure 22: |\OT1/cmr/m/n/8 The in-flu-ence
 []

File: figures/SZeffect.png Graphic file (type png)
<use figures/SZeffect.png>
Package pdftex.def Info: figures/SZeffect.png used on input line 1385.
(pdftex.def)             Requested size: 227.62204pt x 236.62561pt.

Underfull \hbox (badness 1270) in paragraph at lines 1385--1385
[]\OT1/cmr/m/n/10 Figure 22: |\OT1/cmr/m/n/8 The in-flu-ence
 []

File: figures/SZeffect.png Graphic file (type png)
<use figures/SZeffect.png>
Package pdftex.def Info: figures/SZeffect.png used on input line 1385.
(pdftex.def)             Requested size: 227.62204pt x 236.62561pt.
 [47 <./figures/SZeffect.png>]
<figures/SZrealistic.png, id=496, 846.16125pt x 405.515pt>
File: figures/SZrealistic.png Graphic file (type png)

<use figures/SZrealistic.png>
Package pdftex.def Info: figures/SZrealistic.png used on input line 1427.
(pdftex.def)             Requested size: 455.24408pt x 218.17043pt.
 [48 <./figures/SZrealistic.png>] [49]
Underfull \hbox (badness 1960) in paragraph at lines 1508--1508
\OT1/cmr/m/n/8 by the gray bar, the Uni-
 []


Underfull \hbox (badness 2600) in paragraph at lines 1508--1508
\OT1/cmr/m/n/8 verse ex-pands ex-po-nen-tially.
 []


Underfull \hbox (badness 2486) in paragraph at lines 1508--1508
\OT1/cmr/m/n/8 mat-ter and ra-di-a-tion, af-ter
 []


Underfull \hbox (badness 2150) in paragraph at lines 1508--1508
\OT1/cmr/m/n/8 Adapted from: Alan Guth
 []


Underfull \hbox (badness 1895) in paragraph at lines 1508--1508
\OT1/cmr/m/n/8 1998, The in-fla-tion-ary Uni-
 []

<figures/Inflation.png, id=512, 609.27625pt x 501.875pt>
File: figures/Inflation.png Graphic file (type png)

<use figures/Inflation.png>
Package pdftex.def Info: figures/Inflation.png used on input line 1508.
(pdftex.def)             Requested size: 256.0748pt x 210.93921pt.

Underfull \hbox (badness 1960) in paragraph at lines 1508--1508
\OT1/cmr/m/n/8 by the gray bar, the Uni-
 []


Underfull \hbox (badness 2600) in paragraph at lines 1508--1508
\OT1/cmr/m/n/8 verse ex-pands ex-po-nen-tially.
 []


Underfull \hbox (badness 2486) in paragraph at lines 1508--1508
\OT1/cmr/m/n/8 mat-ter and ra-di-a-tion, af-ter
 []


Underfull \hbox (badness 2150) in paragraph at lines 1508--1508
\OT1/cmr/m/n/8 Adapted from: Alan Guth
 []


Underfull \hbox (badness 1895) in paragraph at lines 1508--1508
\OT1/cmr/m/n/8 1998, The in-fla-tion-ary Uni-
 []

File: figures/Inflation.png Graphic file (type png)
<use figures/Inflation.png>
Package pdftex.def Info: figures/Inflation.png used on input line 1508.
(pdftex.def)             Requested size: 256.0748pt x 210.93921pt.

Underfull \hbox (badness 1960) in paragraph at lines 1508--1508
\OT1/cmr/m/n/8 by the gray bar, the Uni-
 []


Underfull \hbox (badness 2600) in paragraph at lines 1508--1508
\OT1/cmr/m/n/8 verse ex-pands ex-po-nen-tially.
 []


Underfull \hbox (badness 2486) in paragraph at lines 1508--1508
\OT1/cmr/m/n/8 mat-ter and ra-di-a-tion, af-ter
 []


Underfull \hbox (badness 2150) in paragraph at lines 1508--1508
\OT1/cmr/m/n/8 Adapted from: Alan Guth
 []


Underfull \hbox (badness 1895) in paragraph at lines 1508--1508
\OT1/cmr/m/n/8 1998, The in-fla-tion-ary Uni-
 []

File: figures/Inflation.png Graphic file (type png)
<use figures/Inflation.png>
Package pdftex.def Info: figures/Inflation.png used on input line 1508.
(pdftex.def)             Requested size: 256.0748pt x 210.93921pt.
 [50 <./figures/Inflation.png>]
<figures/HorizonProblem.png, id=522, 731.73375pt x 687.56876pt>
File: figures/HorizonProblem.png Graphic file (type png)

<use figures/HorizonProblem.png>
Package pdftex.def Info: figures/HorizonProblem.png used on input line 1551.
(pdftex.def)             Requested size: 227.62204pt x 213.87851pt.
File: figures/HorizonProblem.png Graphic file (type png)
 <use figures/HorizonProblem.png>
Package pdftex.def Info: figures/HorizonProblem.png used on input line 1551.
(pdftex.def)             Requested size: 227.62204pt x 213.87851pt.
File: figures/HorizonProblem.png Graphic file (type png)

<use figures/HorizonProblem.png>
Package pdftex.def Info: figures/HorizonProblem.png used on input line 1551.
(pdftex.def)             Requested size: 227.62204pt x 213.87851pt.
 [51] [52 <./figures/HorizonProblem.png>]
<figures/GUT.png, id=534, 748.7975pt x 344.28625pt>
File: figures/GUT.png Graphic file (type png)
 <use figures/GUT.png>
Package pdftex.def Info: figures/GUT.png used on input line 1606.
(pdftex.def)             Requested size: 398.33858pt x 183.15378pt.
Missing character: There is no â in font cmr10!
Missing character: There is no € in font cmr10!
Missing character: There is no ™ in font cmr10!

[53 <./figures/GUT.png>]
Missing character: There is no â in font cmr10!
Missing character: There is no € in font cmr10!
Missing character: There is no  in font cmr10!
 [54]
Missing character: There is no â in font cmr10!
Missing character: There is no € in font cmr10!
Missing character: There is no ” in font cmr10!
Missing character: There is no â in font cmr10!
Missing character: There is no € in font cmr10!
Missing character: There is no ” in font cmr10!
 [55] [56] [57]
Missing character: There is no Î in font cmr10!
Missing character: There is no ¸ in font cmr10!
 [58]
Underfull \hbox (badness 2913) in paragraph at lines 1856--1856
\OT1/cmr/m/n/8 of radiation-matter equal-ity,
 []


Underfull \hbox (badness 4819) in paragraph at lines 1856--1856
\OML/cmm/m/it/8 a[] \OT1/cmr/m/n/8 = 2\OML/cmm/m/it/8 :\OT1/cmr/m/n/8 8 \OMS/cm
sy/m/n/8 ^^B \OT1/cmr/m/n/8 10[]$, the
 []


Underfull \hbox (badness 1092) in paragraph at lines 1856--1856
\OT1/cmr/m/n/8 ity, $\OML/cmm/m/it/8 a[] \OT1/cmr/m/n/8 = 0\OML/cmm/m/it/8 :\OT
1/cmr/m/n/8 75$, and the
 []

<figures/avst.png, id=572, 698.61pt x 522.95375pt>
File: figures/avst.png Graphic file (type png)
 <use figures/avst.png>
Package pdftex.def Info: figures/avst.png used on input line 1856.
(pdftex.def)             Requested size: 284.52756pt x 212.98407pt.

Underfull \hbox (badness 2913) in paragraph at lines 1856--1856
\OT1/cmr/m/n/8 of radiation-matter equal-ity,
 []


Underfull \hbox (badness 4819) in paragraph at lines 1856--1856
\OML/cmm/m/it/8 a[] \OT1/cmr/m/n/8 = 2\OML/cmm/m/it/8 :\OT1/cmr/m/n/8 8 \OMS/cm
sy/m/n/8 ^^B \OT1/cmr/m/n/8 10[]$, the
 []


Underfull \hbox (badness 1092) in paragraph at lines 1856--1856
\OT1/cmr/m/n/8 ity, $\OML/cmm/m/it/8 a[] \OT1/cmr/m/n/8 = 0\OML/cmm/m/it/8 :\OT
1/cmr/m/n/8 75$, and the
 []

File: figures/avst.png Graphic file (type png)
<use figures/avst.png>
Package pdftex.def Info: figures/avst.png used on input line 1856.
(pdftex.def)             Requested size: 284.52756pt x 212.98407pt.

Underfull \hbox (badness 2913) in paragraph at lines 1856--1856
\OT1/cmr/m/n/8 of radiation-matter equal-ity,
 []


Underfull \hbox (badness 4819) in paragraph at lines 1856--1856
\OML/cmm/m/it/8 a[] \OT1/cmr/m/n/8 = 2\OML/cmm/m/it/8 :\OT1/cmr/m/n/8 8 \OMS/cm
sy/m/n/8 ^^B \OT1/cmr/m/n/8 10[]$, the
 []


Underfull \hbox (badness 1092) in paragraph at lines 1856--1856
\OT1/cmr/m/n/8 ity, $\OML/cmm/m/it/8 a[] \OT1/cmr/m/n/8 = 0\OML/cmm/m/it/8 :\OT
1/cmr/m/n/8 75$, and the
 []

File: figures/avst.png Graphic file (type png)
<use figures/avst.png>
Package pdftex.def Info: figures/avst.png used on input line 1856.
(pdftex.def)             Requested size: 284.52756pt x 212.98407pt.
 [59 <./figures/avst.png>] [60] [61] [62]
Underfull \hbox (badness 2012) in paragraph at lines 1995--1995
\OT1/cmr/m/n/8 shifts $\OML/cmm/m/it/8 z > \OT1/cmr/m/n/8 5\OML/cmm/m/it/8 :\OT
1/cmr/m/n/8 7$, dis-cov-ered
 []


Underfull \hbox (badness 1609) in paragraph at lines 1995--1995
\OT1/cmr/m/n/8 tion is not com-plete in all
 []


Underfull \hbox (badness 1527) in paragraph at lines 1995--1995
\OT1/cmr/m/n/8 vari-a-tions in the den-sity of
 []


Underfull \hbox (badness 2213) in paragraph at lines 1995--1995
\OT1/cmr/m/n/8 the hy-dro-gen den-sity varies
 []

<figures/QSOabsorption.png, id=602, 473.77pt x 643.40375pt>
File: figures/QSOabsorption.png Graphic file (type png)

<use figures/QSOabsorption.png>
Package pdftex.def Info: figures/QSOabsorption.png used on input line 1995.
(pdftex.def)             Requested size: 256.0748pt x 347.76665pt.

Underfull \hbox (badness 2012) in paragraph at lines 1995--1995
\OT1/cmr/m/n/8 shifts $\OML/cmm/m/it/8 z > \OT1/cmr/m/n/8 5\OML/cmm/m/it/8 :\OT
1/cmr/m/n/8 7$, dis-cov-ered
 []


Underfull \hbox (badness 1609) in paragraph at lines 1995--1995
\OT1/cmr/m/n/8 tion is not com-plete in all
 []


Underfull \hbox (badness 1527) in paragraph at lines 1995--1995
\OT1/cmr/m/n/8 vari-a-tions in the den-sity of
 []


Underfull \hbox (badness 2213) in paragraph at lines 1995--1995
\OT1/cmr/m/n/8 the hy-dro-gen den-sity varies
 []

File: figures/QSOabsorption.png Graphic file (type png)
<use figures/QSOabsorption.png>
Package pdftex.def Info: figures/QSOabsorption.png used on input line 1995.
(pdftex.def)             Requested size: 256.0748pt x 347.76665pt.

Underfull \hbox (badness 2012) in paragraph at lines 1995--1995
\OT1/cmr/m/n/8 shifts $\OML/cmm/m/it/8 z > \OT1/cmr/m/n/8 5\OML/cmm/m/it/8 :\OT
1/cmr/m/n/8 7$, dis-cov-ered
 []


Underfull \hbox (badness 1609) in paragraph at lines 1995--1995
\OT1/cmr/m/n/8 tion is not com-plete in all
 []


Underfull \hbox (badness 1527) in paragraph at lines 1995--1995
\OT1/cmr/m/n/8 vari-a-tions in the den-sity of
 []


Underfull \hbox (badness 2213) in paragraph at lines 1995--1995
\OT1/cmr/m/n/8 the hy-dro-gen den-sity varies
 []

File: figures/QSOabsorption.png Graphic file (type png)
<use figures/QSOabsorption.png>
Package pdftex.def Info: figures/QSOabsorption.png used on input line 1995.
(pdftex.def)             Requested size: 256.0748pt x 347.76665pt.
 [63 <./figures/QSOabsorption.png>]
Underfull \hbox (badness 1199) in paragraph at lines 2033--2033
\OT1/cmr/m/n/8 1/3 of the So-lar metal-lic-ity
 []


Underfull \hbox (badness 10000) in paragraph at lines 2033--2033
\OT1/cmr/m/n/8 (green dashed curve) and
 []


Underfull \hbox (badness 2189) in paragraph at lines 2033--2033
\OT1/cmr/m/n/8 curve). On the top axis,
 []


Underfull \hbox (badness 10000) in paragraph at lines 2033--2033
\OT1/cmr/m/n/8 one needs to as-sume an
 []


Underfull \hbox (badness 5288) in paragraph at lines 2033--2033
\OT1/cmr/m/n/8 gas is in ther-mo-dy-nam-i-cal
 []


Underfull \hbox (badness 3118) in paragraph at lines 2033--2033
\OT1/cmr/m/n/8 of ion-iza-tion states of any
 []


Underfull \hbox (badness 4647) in paragraph at lines 2033--2033
\OT1/cmr/m/n/8 here is a su-per-po-si-tion of
 []


Underfull \hbox (badness 10000) in paragraph at lines 2033--2033
\OT1/cmr/m/n/8 in-clud-ing atomic pro-cesses
 []


Underfull \hbox (badness 10000) in paragraph at lines 2033--2033
\OT1/cmr/m/n/8 and bremsstrahlung, the
 []


Underfull \hbox (badness 4072) in paragraph at lines 2033--2033
\OT1/cmr/m/n/8 lat-ter of which dom-i-nat-ing
 []


Underfull \hbox (badness 3260) in paragraph at lines 2033--2033
\OT1/cmr/m/n/8 Baugh 2006, A primer on
 []


Underfull \hbox (badness 10000) in paragraph at lines 2033--2033
\OT1/cmr/m/n/8 arXiv:astro-ph/0610031,
 []


Underfull \hbox (badness 2875) in paragraph at lines 2033--2033
\OT1/cmr/m/n/8 Fig.9. Fig-ure taken from
 []

<figures/CoolingFunction.png, id=608, 617.30624pt x 625.33624pt>
File: figures/CoolingFunction.png Graphic file (type png)

<use figures/CoolingFunction.png>
Package pdftex.def Info: figures/CoolingFunction.png used on input line 2033.
(pdftex.def)             Requested size: 312.9803pt x 317.0566pt.

Underfull \hbox (badness 1199) in paragraph at lines 2033--2033
\OT1/cmr/m/n/8 1/3 of the So-lar metal-lic-ity
 []


Underfull \hbox (badness 10000) in paragraph at lines 2033--2033
\OT1/cmr/m/n/8 (green dashed curve) and
 []


Underfull \hbox (badness 2189) in paragraph at lines 2033--2033
\OT1/cmr/m/n/8 curve). On the top axis,
 []


Underfull \hbox (badness 10000) in paragraph at lines 2033--2033
\OT1/cmr/m/n/8 one needs to as-sume an
 []


Underfull \hbox (badness 5288) in paragraph at lines 2033--2033
\OT1/cmr/m/n/8 gas is in ther-mo-dy-nam-i-cal
 []


Underfull \hbox (badness 3118) in paragraph at lines 2033--2033
\OT1/cmr/m/n/8 of ion-iza-tion states of any
 []


Underfull \hbox (badness 4647) in paragraph at lines 2033--2033
\OT1/cmr/m/n/8 here is a su-per-po-si-tion of
 []


Underfull \hbox (badness 10000) in paragraph at lines 2033--2033
\OT1/cmr/m/n/8 in-clud-ing atomic pro-cesses
 []


Underfull \hbox (badness 10000) in paragraph at lines 2033--2033
\OT1/cmr/m/n/8 and bremsstrahlung, the
 []


Underfull \hbox (badness 4072) in paragraph at lines 2033--2033
\OT1/cmr/m/n/8 lat-ter of which dom-i-nat-ing
 []


Underfull \hbox (badness 3260) in paragraph at lines 2033--2033
\OT1/cmr/m/n/8 Baugh 2006, A primer on
 []


Underfull \hbox (badness 10000) in paragraph at lines 2033--2033
\OT1/cmr/m/n/8 arXiv:astro-ph/0610031,
 []


Underfull \hbox (badness 2875) in paragraph at lines 2033--2033
\OT1/cmr/m/n/8 Fig.9. Fig-ure taken from
 []

File: figures/CoolingFunction.png Graphic file (type png)
<use figures/CoolingFunction.png>
Package pdftex.def Info: figures/CoolingFunction.png used on input line 2033.
(pdftex.def)             Requested size: 312.9803pt x 317.0566pt.

Underfull \hbox (badness 1199) in paragraph at lines 2033--2033
\OT1/cmr/m/n/8 1/3 of the So-lar metal-lic-ity
 []


Underfull \hbox (badness 10000) in paragraph at lines 2033--2033
\OT1/cmr/m/n/8 (green dashed curve) and
 []


Underfull \hbox (badness 2189) in paragraph at lines 2033--2033
\OT1/cmr/m/n/8 curve). On the top axis,
 []


Underfull \hbox (badness 10000) in paragraph at lines 2033--2033
\OT1/cmr/m/n/8 one needs to as-sume an
 []


Underfull \hbox (badness 5288) in paragraph at lines 2033--2033
\OT1/cmr/m/n/8 gas is in ther-mo-dy-nam-i-cal
 []


Underfull \hbox (badness 3118) in paragraph at lines 2033--2033
\OT1/cmr/m/n/8 of ion-iza-tion states of any
 []


Underfull \hbox (badness 4647) in paragraph at lines 2033--2033
\OT1/cmr/m/n/8 here is a su-per-po-si-tion of
 []


Underfull \hbox (badness 10000) in paragraph at lines 2033--2033
\OT1/cmr/m/n/8 in-clud-ing atomic pro-cesses
 []


Underfull \hbox (badness 10000) in paragraph at lines 2033--2033
\OT1/cmr/m/n/8 and bremsstrahlung, the
 []


Underfull \hbox (badness 4072) in paragraph at lines 2033--2033
\OT1/cmr/m/n/8 lat-ter of which dom-i-nat-ing
 []


Underfull \hbox (badness 3260) in paragraph at lines 2033--2033
\OT1/cmr/m/n/8 Baugh 2006, A primer on
 []


Underfull \hbox (badness 10000) in paragraph at lines 2033--2033
\OT1/cmr/m/n/8 arXiv:astro-ph/0610031,
 []


Underfull \hbox (badness 2875) in paragraph at lines 2033--2033
\OT1/cmr/m/n/8 Fig.9. Fig-ure taken from
 []

File: figures/CoolingFunction.png Graphic file (type png)
<use figures/CoolingFunction.png>
Package pdftex.def Info: figures/CoolingFunction.png used on input line 2033.
(pdftex.def)             Requested size: 312.9803pt x 317.0566pt.
 [64 <./figures/CoolingFunction.png>]
Underfull \hbox (badness 1199) in paragraph at lines 2048--2048
\OT1/cmr/m/n/8 sid-er-ably lower tem-per-a-tures
 []


Underfull \hbox (badness 2189) in paragraph at lines 2048--2048
\OT1/cmr/m/n/8 Source: R. Barkana & A.
 []

<figures/CoolingFunctionHydrogen.png, id=615, 549.05125pt x 544.0325pt>
File: figures/CoolingFunctionHydrogen.png Graphic file (type png)

<use figures/CoolingFunctionHydrogen.png>
Package pdftex.def Info: figures/CoolingFunctionHydrogen.png used on input line
 2048.
(pdftex.def)             Requested size: 256.0748pt x 253.7362pt.

Underfull \hbox (badness 1199) in paragraph at lines 2048--2048
\OT1/cmr/m/n/8 sid-er-ably lower tem-per-a-tures
 []


Underfull \hbox (badness 2189) in paragraph at lines 2048--2048
\OT1/cmr/m/n/8 Source: R. Barkana & A.
 []

File: figures/CoolingFunctionHydrogen.png Graphic file (type png)
<use figures/CoolingFunctionHydrogen.png>
Package pdftex.def Info: figures/CoolingFunctionHydrogen.png used on input line
 2048.
(pdftex.def)             Requested size: 256.0748pt x 253.7362pt.

Underfull \hbox (badness 1199) in paragraph at lines 2048--2048
\OT1/cmr/m/n/8 sid-er-ably lower tem-per-a-tures
 []


Underfull \hbox (badness 2189) in paragraph at lines 2048--2048
\OT1/cmr/m/n/8 Source: R. Barkana & A.
 []

File: figures/CoolingFunctionHydrogen.png Graphic file (type png)
<use figures/CoolingFunctionHydrogen.png>
Package pdftex.def Info: figures/CoolingFunctionHydrogen.png used on input line
 2048.
(pdftex.def)             Requested size: 256.0748pt x 253.7362pt.
 [65 <./figures/CoolingFunctionHydrogen.png>] <figures/reionization.png, id=625
, 898.35625pt x 462.72874pt>
File: figures/reionization.png Graphic file (type png)

<use figures/reionization.png>
Package pdftex.def Info: figures/reionization.png used on input line 2064.
(pdftex.def)             Requested size: 455.24408pt x 234.48462pt.
 [66 <./figures/reionization.png>]
<figures/LyaForest.png, id=632, 558.085pt x 272.01625pt>
File: figures/LyaForest.png Graphic file (type png)

<use figures/LyaForest.png>
Package pdftex.def Info: figures/LyaForest.png used on input line 2087.
(pdftex.def)             Requested size: 398.33858pt x 194.15808pt.
 [67 <./figures/LyaForest.png>]
Missing character: There is no Ì in font cmr10!
Missing character: There is no ¨ in font cmr10!

Underfull \hbox (badness 3407) in paragraph at lines 2103--2103
[]\OT1/cmr/m/n/10 Figure 33: |\OT1/cmr/m/n/8 The spec-tra
 []


Underfull \hbox (badness 1838) in paragraph at lines 2103--2103
\OT1/cmr/m/n/8 of three high-redshift QSOs
 []

<figures/QSOreionization.png, id=642, 534.99875pt x 537.00626pt>
File: figures/QSOreionization.png Graphic file (type png)

<use figures/QSOreionization.png>
Package pdftex.def Info: figures/QSOreionization.png used on input line 2103.
(pdftex.def)             Requested size: 256.0748pt x 257.0472pt.

Underfull \hbox (badness 3407) in paragraph at lines 2103--2103
[]\OT1/cmr/m/n/10 Figure 33: |\OT1/cmr/m/n/8 The spec-tra
 []


Underfull \hbox (badness 1838) in paragraph at lines 2103--2103
\OT1/cmr/m/n/8 of three high-redshift QSOs
 []

File: figures/QSOreionization.png Graphic file (type png)
<use figures/QSOreionization.png>
Package pdftex.def Info: figures/QSOreionization.png used on input line 2103.
(pdftex.def)             Requested size: 256.0748pt x 257.0472pt.

Underfull \hbox (badness 3407) in paragraph at lines 2103--2103
[]\OT1/cmr/m/n/10 Figure 33: |\OT1/cmr/m/n/8 The spec-tra
 []


Underfull \hbox (badness 1838) in paragraph at lines 2103--2103
\OT1/cmr/m/n/8 of three high-redshift QSOs
 []

File: figures/QSOreionization.png Graphic file (type png)
<use figures/QSOreionization.png>
Package pdftex.def Info: figures/QSOreionization.png used on input line 2103.
(pdftex.def)             Requested size: 256.0748pt x 257.0472pt.
 [68 <./figures/QSOreionization.png>]
Missing character: There is no Î in font cmr10!
Missing character: There is no ± in font cmr10!

<figures/SDSSQSO.png, id=649, 629.35126pt x 754.82pt>
File: figures/SDSSQSO.png Graphic file (type png)

<use figures/SDSSQSO.png>
Package pdftex.def Info: figures/SDSSQSO.png used on input line 2131.
(pdftex.def)             Requested size: 398.33858pt x 477.7505pt.

<figures/HIvsz.png, id=651, 613.29124pt x 576.1525pt>
File: figures/HIvsz.png Graphic file (type png)
 <use figures/HIvsz.png>
Package pdftex.def Info: figures/HIvsz.png used on input line 2143.
(pdftex.def)             Requested size: 284.52756pt x 267.29274pt.
File: figures/HIvsz.png Graphic file (type png)

<use figures/HIvsz.png>
Package pdftex.def Info: figures/HIvsz.png used on input line 2143.
(pdftex.def)             Requested size: 284.52756pt x 267.29274pt.
File: figures/HIvsz.png Graphic file (type png)
 <use figures/HIvsz.png>
Package pdftex.def Info: figures/HIvsz.png used on input line 2143.
(pdftex.def)             Requested size: 284.52756pt x 267.29274pt.
 [69 <./figures/SDSSQSO.png>]
[70 <./figures/HIvsz.png>]
<figures/21cm_annotated.jpg, id=671, 2164.085pt x 1108.14pt>
File: figures/21cm_annotated.jpg Graphic file (type jpg)

<use figures/21cm_annotated.jpg>
Package pdftex.def Info: figures/21cm_annotated.jpg used on input line 2188.
(pdftex.def)             Requested size: 455.24408pt x 233.10516pt.
 [71] [72 <./figures/21cm_annotated.jpg>]
Overfull \hbox (3.40555pt too wide) in paragraph at lines 2222--2223
\OT1/cmr/m/n/10 where $(\OML/cmm/m/it/10 g[]=g[]\OT1/cmr/m/n/10 ) = 3$ is the r
a-tio of the sta-tis-ti-cal de-gen-er-acy fac-tors of the two lev-els, and $\OM
L/cmm/m/it/10 T[] \OMS/cmsy/m/n/10 ^^Q \OML/cmm/m/it/10 hc=k[]^^U[] \OT1/cmr/m/
n/10 =
 []

Missing character: There is no â in font cmr10!
Missing character: There is no ˆ in font cmr10!
Missing character: There is no ’ in font cmr10!
[73] <figures/21cm_schematic.png, id=690, 924.45375pt x 383.4325pt>
File: figures/21cm_schematic.png Graphic file (type png)

<use figures/21cm_schematic.png>
Package pdftex.def Info: figures/21cm_schematic.png used on input line 2258.
(pdftex.def)             Requested size: 455.24408pt x 188.81967pt.
 [74 <./figures/21cm_schematic.png>]
<figures/EBmodes.png, id=699, 600.2425pt x 355.3275pt>
File: figures/EBmodes.png Graphic file (type png)

<use figures/EBmodes.png>
Package pdftex.def Info: figures/EBmodes.png used on input line 2305.
(pdftex.def)             Requested size: 455.24408pt x 269.49866pt.
Missing character: There is no â in font cmr10!
Missing character: There is no € in font cmr10!
Missing character: There is no œ in font cmr10!
Missing character: There is no â in font cmr10!
Missing character: There is no € in font cmr10!
Missing character: There is no  in font cmr10!
 [75 <./figures/EBmodes.png>]
<figures/ScalarQuadrupole.png, id=710, 683.55376pt x 578.16pt>
File: figures/ScalarQuadrupole.png Graphic file (type png)

<use figures/ScalarQuadrupole.png>
Package pdftex.def Info: figures/ScalarQuadrupole.png used on input line 2324.
(pdftex.def)             Requested size: 227.62204pt x 192.52249pt.

<figures/QuadrupolarAnisotropies.png, id=711, 1195.46625pt x 404.51125pt>
File: figures/QuadrupolarAnisotropies.png Graphic file (type png)

<use figures/QuadrupolarAnisotropies.png>
Package pdftex.def Info: figures/QuadrupolarAnisotropies.png used on input line
 2325.
(pdftex.def)             Requested size: 426.79134pt x 144.41415pt.

<figures/ScalarPattern.png, id=712, 1165.35374pt x 436.63126pt>
File: figures/ScalarPattern.png Graphic file (type png)

<use figures/ScalarPattern.png>
Package pdftex.def Info: figures/ScalarPattern.png used on input line 2326.
(pdftex.def)             Requested size: 426.79134pt x 159.90541pt.
Missing character: There is no Î in font cmr8!
Missing character: There is no ¸ in font cmr8!
Missing character: There is no â in font cmr8!
Missing character: There is no ˆ in font cmr8!
Missing character: There is no ¼ in font cmr8!
Missing character: There is no Î in font cmr8!
Missing character: There is no ¸ in font cmr8!
Missing character: There is no â in font cmr8!
Missing character: There is no ˆ in font cmr8!
Missing character: There is no ¼ in font cmr8!
 [76 <./figures/ScalarQuadrupole.png> <./figures/QuadrupolarAnisotropies.png> <
./figures/ScalarPattern.png>]
<figures/VectorQuadrupole.png, id=729, 451.6875pt x 363.3575pt>
File: figures/VectorQuadrupole.png Graphic file (type png)

<use figures/VectorQuadrupole.png>
Package pdftex.def Info: figures/VectorQuadrupole.png used on input line 2357.
(pdftex.def)             Requested size: 227.62204pt x 183.11429pt.

<figures/VectorPattern.png, id=730, 810.02625pt x 335.2525pt>
File: figures/VectorPattern.png Graphic file (type png)

<use figures/VectorPattern.png>
Package pdftex.def Info: figures/VectorPattern.png used on input line 2358.
(pdftex.def)             Requested size: 426.79134pt x 176.64452pt.
Missing character: There is no â in font cmr8!
Missing character: There is no ˆ in font cmr8!
Missing character: There is no ¼ in font cmr8!
Missing character: There is no â in font cmr8!
Missing character: There is no ˆ in font cmr8!
Missing character: There is no ¼ in font cmr8!
 [77]
<figures/TensorQuadrupole.png, id=743, 451.6875pt x 381.425pt>
File: figures/TensorQuadrupole.png Graphic file (type png)

<use figures/TensorQuadrupole.png>
Package pdftex.def Info: figures/TensorQuadrupole.png used on input line 2388.
(pdftex.def)             Requested size: 227.62204pt x 192.21942pt.

<figures/TensorPattern.png, id=744, 799.98875pt x 337.26pt>
File: figures/TensorPattern.png Graphic file (type png)

<use figures/TensorPattern.png>
Package pdftex.def Info: figures/TensorPattern.png used on input line 2389.
(pdftex.def)             Requested size: 426.79134pt x 179.93056pt.
Missing character: There is no â in font cmr8!
Missing character: There is no ˆ in font cmr8!
Missing character: There is no ¼ in font cmr8!
Missing character: There is no â in font cmr8!
Missing character: There is no ˆ in font cmr8!
Missing character: There is no ¼ in font cmr8!
 [78 <./figures/VectorQuadrupole.png> <./figures/VectorPattern.png>] [79 <./fig
ures/TensorQuadrupole.png> <./figures/TensorPattern.png>] <figures/CMBquad.png,
 id=768, 527.9725pt x 355.3275pt>
File: figures/CMBquad.png Graphic file (type png)

<use figures/CMBquad.png>
Package pdftex.def Info: figures/CMBquad.png used on input line 2412.
(pdftex.def)             Requested size: 284.52756pt x 191.48361pt.

<figures/PolPatterns.png, id=777, 762.85pt x 428.60126pt>
File: figures/PolPatterns.png Graphic file (type png)

<use figures/PolPatterns.png>
Package pdftex.def Info: figures/PolPatterns.png used on input line 2427.
(pdftex.def)             Requested size: 455.24408pt x 255.77626pt.
 [80 <./figures/CMBquad.png>] [81 <./figures/PolPatterns.png>] [82]
Underfull \hbox (badness 1442) in paragraph at lines 2498--2498
\OT1/cmr/m/n/8 re-sults. XVI. Cos-mo-log-i-cal
 []


Underfull \hbox (badness 3179) in paragraph at lines 2498--2498
\OT1/cmr/m/n/8 pa-ram-e-ters, arXiv:1303.5076,
 []

<figures/neutrinomasses.png, id=803, 597.23125pt x 477.785pt>
File: figures/neutrinomasses.png Graphic file (type png)

<use figures/neutrinomasses.png>
Package pdftex.def Info: figures/neutrinomasses.png used on input line 2498.
(pdftex.def)             Requested size: 256.0748pt x 204.8603pt.

Underfull \hbox (badness 1442) in paragraph at lines 2498--2498
\OT1/cmr/m/n/8 re-sults. XVI. Cos-mo-log-i-cal
 []


Underfull \hbox (badness 3179) in paragraph at lines 2498--2498
\OT1/cmr/m/n/8 pa-ram-e-ters, arXiv:1303.5076,
 []

File: figures/neutrinomasses.png Graphic file (type png)
<use figures/neutrinomasses.png>
Package pdftex.def Info: figures/neutrinomasses.png used on input line 2498.
(pdftex.def)             Requested size: 256.0748pt x 204.8603pt.

Underfull \hbox (badness 1442) in paragraph at lines 2498--2498
\OT1/cmr/m/n/8 re-sults. XVI. Cos-mo-log-i-cal
 []


Underfull \hbox (badness 3179) in paragraph at lines 2498--2498
\OT1/cmr/m/n/8 pa-ram-e-ters, arXiv:1303.5076,
 []

File: figures/neutrinomasses.png Graphic file (type png)
<use figures/neutrinomasses.png>
Package pdftex.def Info: figures/neutrinomasses.png used on input line 2498.
(pdftex.def)             Requested size: 256.0748pt x 204.8603pt.
 [83 <./figures/neutrinomasses.png>] [84]
[85] 
AED: lastpage setting LastPage
[86]
Package atveryend Info: Empty hook `BeforeClearDocument' on input line 2622.
Package atveryend Info: Empty hook `AfterLastShipout' on input line 2622.
 (./cosmology.aux)
Package atveryend Info: Executing hook `AtVeryEndDocument' on input line 2622.
Package atveryend Info: Executing hook `AtEndAfterFileList' on input line 2622.

Package rerunfilecheck Info: File `cosmology.out' has not changed.
(rerunfilecheck)             Checksum: 9B306CF90C64BDFC4E707B7B255DB0F7;1376.
Package atveryend Info: Empty hook `AtVeryVeryEnd' on input line 2622.
 ) 
Here is how much of TeX's memory you used:
 9817 strings out of 492995
 150611 string characters out of 6132704
 285971 words of memory out of 5000000
 12964 multiletter control sequences out of 15000+600000
 15553 words of font info for 57 fonts, out of 8000000 for 9000
 1141 hyphenation exceptions out of 8191
 36i,18n,51p,3060b,598s stack positions out of 5000i,500n,10000p,200000b,80000s
</usr/local/texlive/2017/texmf-dist/fonts/type1/public/amsfonts/cm/cmbsy10.pf
b></usr/local/texlive/2017/texmf-dist/fonts/type1/public/amsfonts/cm/cmbx10.pfb
></usr/local/texlive/2017/texmf-dist/fonts/type1/public/amsfonts/cm/cmbx12.pfb>
</usr/local/texlive/2017/texmf-dist/fonts/type1/public/amsfonts/cm/cmbx7.pfb></
usr/local/texlive/2017/texmf-dist/fonts/type1/public/amsfonts/cm/cmbx8.pfb></us
r/local/texlive/2017/texmf-dist/fonts/type1/public/amsfonts/cm/cmcsc10.pfb></us
r/local/texlive/2017/texmf-dist/fonts/type1/public/amsfonts/cm/cmex10.pfb></usr
/local/texlive/2017/texmf-dist/fonts/type1/public/amsfonts/cm/cmmi10.pfb></usr/
local/texlive/2017/texmf-dist/fonts/type1/public/amsfonts/cm/cmmi5.pfb></usr/lo
cal/texlive/2017/texmf-dist/fonts/type1/public/amsfonts/cm/cmmi6.pfb></usr/loca
l/texlive/2017/texmf-dist/fonts/type1/public/amsfonts/cm/cmmi7.pfb></usr/local/
texlive/2017/texmf-dist/fonts/type1/public/amsfonts/cm/cmmi8.pfb></usr/local/te
xlive/2017/texmf-dist/fonts/type1/public/amsfonts/cm/cmmib10.pfb></usr/local/te
xlive/2017/texmf-dist/fonts/type1/public/amsfonts/cmextra/cmmib8.pfb></usr/loca
l/texlive/2017/texmf-dist/fonts/type1/public/amsfonts/cm/cmr10.pfb></usr/local/
texlive/2017/texmf-dist/fonts/type1/public/amsfonts/cm/cmr5.pfb></usr/local/tex
live/2017/texmf-dist/fonts/type1/public/amsfonts/cm/cmr6.pfb></usr/local/texliv
e/2017/texmf-dist/fonts/type1/public/amsfonts/cm/cmr7.pfb></usr/local/texlive/2
017/texmf-dist/fonts/type1/public/amsfonts/cm/cmr8.pfb></usr/local/texlive/2017
/texmf-dist/fonts/type1/public/amsfonts/cm/cmsy10.pfb></usr/local/texlive/2017/
texmf-dist/fonts/type1/public/amsfonts/cm/cmsy5.pfb></usr/local/texlive/2017/te
xmf-dist/fonts/type1/public/amsfonts/cm/cmsy6.pfb></usr/local/texlive/2017/texm
f-dist/fonts/type1/public/amsfonts/cm/cmsy7.pfb></usr/local/texlive/2017/texmf-
dist/fonts/type1/public/amsfonts/cm/cmsy8.pfb></usr/local/texlive/2017/texmf-di
st/fonts/type1/public/amsfonts/cm/cmti10.pfb></usr/local/texlive/2017/texmf-dis
t/fonts/type1/public/amsfonts/cm/cmti8.pfb></usr/local/texlive/2017/texmf-dist/
fonts/type1/public/amsfonts/symbols/msam10.pfb></usr/local/texlive/2017/texmf-d
ist/fonts/type1/public/amsfonts/symbols/msbm10.pfb>
Output written on cosmology.pdf (86 pages, 16029753 bytes).
PDF statistics:
 970 PDF objects out of 1000 (max. 8388607)
 744 compressed objects within 8 object streams
 222 named destinations out of 1000 (max. 500000)
 420 words of extra memory for PDF output out of 10000 (max. 10000000)

